2019-07-19 14:17:37,362 ERROR 2816 [-/127.0.0.1/-/18ms POST /v1/collection] nodejs.TypeError: Cannot read property 'id' of null
    at OperatingGoodsController.collection (C:\Users\Administrator\Desktop\project2\server\app\controller\api\operatingGoods.js:16:24)
    at processTicksAndRejections (internal/process/task_queues.js:89:5)
    at async C:\Users\Administrator\Desktop\project2\server\app\middleware\isLogin.js:15:13
    at async C:\Users\Administrator\Desktop\project2\server\node_modules\egg-development\app\middleware\egg_loader_trace.js:9:50
    at async xframe (C:\Users\Administrator\Desktop\project2\server\node_modules\egg-security\lib\middlewares\xframe.js:7:5)
    at async xssProtection (C:\Users\Administrator\Desktop\project2\server\node_modules\egg-security\lib\middlewares\xssProtection.js:7:5)
    at async nosniff (C:\Users\Administrator\Desktop\project2\server\node_modules\egg-security\lib\middlewares\nosniff.js:8:5)
    at async noopen (C:\Users\Administrator\Desktop\project2\server\node_modules\egg-security\lib\middlewares\noopen.js:8:5)
    at async session (C:\Users\Administrator\Desktop\project2\server\node_modules\koa-session\index.js:41:7)
    at async bodyParser (C:\Users\Administrator\Desktop\project2\server\node_modules\koa-bodyparser\index.js:86:5)
    at async C:\Users\Administrator\Desktop\project2\server\node_modules\koa-static-cache\index.js:51:63
    at async notfound (C:\Users\Administrator\Desktop\project2\server\node_modules\egg\app\middleware\notfound.js:5:5)
    at async meta (C:\Users\Administrator\Desktop\project2\server\node_modules\egg\app\middleware\meta.js:12:5)

pid: 2816
hostname: stu015

2019-07-19 14:21:19,029 ERROR 2816 [-/127.0.0.1/-/3ms POST /v1/collection] nodejs.TypeError: Cannot read property 'id' of null
    at OperatingGoodsController.collection (C:\Users\Administrator\Desktop\project2\server\app\controller\api\operatingGoods.js:16:24)
    at processTicksAndRejections (internal/process/task_queues.js:89:5)
    at async C:\Users\Administrator\Desktop\project2\server\app\middleware\isLogin.js:15:13
    at async C:\Users\Administrator\Desktop\project2\server\node_modules\egg-development\app\middleware\egg_loader_trace.js:9:50
    at async xframe (C:\Users\Administrator\Desktop\project2\server\node_modules\egg-security\lib\middlewares\xframe.js:7:5)
    at async xssProtection (C:\Users\Administrator\Desktop\project2\server\node_modules\egg-security\lib\middlewares\xssProtection.js:7:5)
    at async nosniff (C:\Users\Administrator\Desktop\project2\server\node_modules\egg-security\lib\middlewares\nosniff.js:8:5)
    at async noopen (C:\Users\Administrator\Desktop\project2\server\node_modules\egg-security\lib\middlewares\noopen.js:8:5)
    at async session (C:\Users\Administrator\Desktop\project2\server\node_modules\koa-session\index.js:41:7)
    at async bodyParser (C:\Users\Administrator\Desktop\project2\server\node_modules\koa-bodyparser\index.js:86:5)
    at async C:\Users\Administrator\Desktop\project2\server\node_modules\koa-static-cache\index.js:51:63
    at async notfound (C:\Users\Administrator\Desktop\project2\server\node_modules\egg\app\middleware\notfound.js:5:5)
    at async meta (C:\Users\Administrator\Desktop\project2\server\node_modules\egg\app\middleware\meta.js:12:5)

pid: 2816
hostname: stu015

2019-07-19 14:23:59,655 ERROR 2816 [-/127.0.0.1/-/2ms POST /v1/collection] nodejs.TypeError: Cannot read property 'id' of null
    at OperatingGoodsController.collection (C:\Users\Administrator\Desktop\project2\server\app\controller\api\operatingGoods.js:16:24)
    at processTicksAndRejections (internal/process/task_queues.js:89:5)
    at async C:\Users\Administrator\Desktop\project2\server\app\middleware\isLogin.js:15:13
    at async C:\Users\Administrator\Desktop\project2\server\node_modules\egg-development\app\middleware\egg_loader_trace.js:9:50
    at async xframe (C:\Users\Administrator\Desktop\project2\server\node_modules\egg-security\lib\middlewares\xframe.js:7:5)
    at async xssProtection (C:\Users\Administrator\Desktop\project2\server\node_modules\egg-security\lib\middlewares\xssProtection.js:7:5)
    at async nosniff (C:\Users\Administrator\Desktop\project2\server\node_modules\egg-security\lib\middlewares\nosniff.js:8:5)
    at async noopen (C:\Users\Administrator\Desktop\project2\server\node_modules\egg-security\lib\middlewares\noopen.js:8:5)
    at async session (C:\Users\Administrator\Desktop\project2\server\node_modules\koa-session\index.js:41:7)
    at async bodyParser (C:\Users\Administrator\Desktop\project2\server\node_modules\koa-bodyparser\index.js:86:5)
    at async C:\Users\Administrator\Desktop\project2\server\node_modules\koa-static-cache\index.js:51:63
    at async notfound (C:\Users\Administrator\Desktop\project2\server\node_modules\egg\app\middleware\notfound.js:5:5)
    at async meta (C:\Users\Administrator\Desktop\project2\server\node_modules\egg\app\middleware\meta.js:12:5)

pid: 2816
hostname: stu015

2019-07-19 14:25:49,069 ERROR 2816 [-/127.0.0.1/-/3ms POST /v1/collection] nodejs.TypeError: Cannot read property 'id' of null
    at OperatingGoodsController.collection (C:\Users\Administrator\Desktop\project2\server\app\controller\api\operatingGoods.js:16:24)
    at processTicksAndRejections (internal/process/task_queues.js:89:5)
    at async C:\Users\Administrator\Desktop\project2\server\app\middleware\isLogin.js:15:13
    at async C:\Users\Administrator\Desktop\project2\server\node_modules\egg-development\app\middleware\egg_loader_trace.js:9:50
    at async xframe (C:\Users\Administrator\Desktop\project2\server\node_modules\egg-security\lib\middlewares\xframe.js:7:5)
    at async xssProtection (C:\Users\Administrator\Desktop\project2\server\node_modules\egg-security\lib\middlewares\xssProtection.js:7:5)
    at async nosniff (C:\Users\Administrator\Desktop\project2\server\node_modules\egg-security\lib\middlewares\nosniff.js:8:5)
    at async noopen (C:\Users\Administrator\Desktop\project2\server\node_modules\egg-security\lib\middlewares\noopen.js:8:5)
    at async session (C:\Users\Administrator\Desktop\project2\server\node_modules\koa-session\index.js:41:7)
    at async bodyParser (C:\Users\Administrator\Desktop\project2\server\node_modules\koa-bodyparser\index.js:86:5)
    at async C:\Users\Administrator\Desktop\project2\server\node_modules\koa-static-cache\index.js:51:63
    at async notfound (C:\Users\Administrator\Desktop\project2\server\node_modules\egg\app\middleware\notfound.js:5:5)
    at async meta (C:\Users\Administrator\Desktop\project2\server\node_modules\egg\app\middleware\meta.js:12:5)

pid: 2816
hostname: stu015

2019-07-19 14:26:08,366 ERROR 2816 [-/127.0.0.1/-/2ms POST /v1/collection] nodejs.TypeError: Cannot read property 'id' of null
    at OperatingGoodsController.collection (C:\Users\Administrator\Desktop\project2\server\app\controller\api\operatingGoods.js:16:24)
    at processTicksAndRejections (internal/process/task_queues.js:89:5)
    at async C:\Users\Administrator\Desktop\project2\server\app\middleware\isLogin.js:15:13
    at async C:\Users\Administrator\Desktop\project2\server\node_modules\egg-development\app\middleware\egg_loader_trace.js:9:50
    at async xframe (C:\Users\Administrator\Desktop\project2\server\node_modules\egg-security\lib\middlewares\xframe.js:7:5)
    at async xssProtection (C:\Users\Administrator\Desktop\project2\server\node_modules\egg-security\lib\middlewares\xssProtection.js:7:5)
    at async nosniff (C:\Users\Administrator\Desktop\project2\server\node_modules\egg-security\lib\middlewares\nosniff.js:8:5)
    at async noopen (C:\Users\Administrator\Desktop\project2\server\node_modules\egg-security\lib\middlewares\noopen.js:8:5)
    at async session (C:\Users\Administrator\Desktop\project2\server\node_modules\koa-session\index.js:41:7)
    at async bodyParser (C:\Users\Administrator\Desktop\project2\server\node_modules\koa-bodyparser\index.js:86:5)
    at async C:\Users\Administrator\Desktop\project2\server\node_modules\koa-static-cache\index.js:51:63
    at async notfound (C:\Users\Administrator\Desktop\project2\server\node_modules\egg\app\middleware\notfound.js:5:5)
    at async meta (C:\Users\Administrator\Desktop\project2\server\node_modules\egg\app\middleware\meta.js:12:5)

pid: 2816
hostname: stu015

2019-07-19 14:27:32,754 ERROR 2816 [-/127.0.0.1/-/4ms POST /v1/collection] nodejs.TypeError: Cannot read property 'id' of null
    at OperatingGoodsController.collection (C:\Users\Administrator\Desktop\project2\server\app\controller\api\operatingGoods.js:16:24)
    at processTicksAndRejections (internal/process/task_queues.js:89:5)
    at async C:\Users\Administrator\Desktop\project2\server\app\middleware\isLogin.js:15:13
    at async C:\Users\Administrator\Desktop\project2\server\node_modules\egg-development\app\middleware\egg_loader_trace.js:9:50
    at async xframe (C:\Users\Administrator\Desktop\project2\server\node_modules\egg-security\lib\middlewares\xframe.js:7:5)
    at async xssProtection (C:\Users\Administrator\Desktop\project2\server\node_modules\egg-security\lib\middlewares\xssProtection.js:7:5)
    at async nosniff (C:\Users\Administrator\Desktop\project2\server\node_modules\egg-security\lib\middlewares\nosniff.js:8:5)
    at async noopen (C:\Users\Administrator\Desktop\project2\server\node_modules\egg-security\lib\middlewares\noopen.js:8:5)
    at async session (C:\Users\Administrator\Desktop\project2\server\node_modules\koa-session\index.js:41:7)
    at async bodyParser (C:\Users\Administrator\Desktop\project2\server\node_modules\koa-bodyparser\index.js:86:5)
    at async C:\Users\Administrator\Desktop\project2\server\node_modules\koa-static-cache\index.js:51:63
    at async notfound (C:\Users\Administrator\Desktop\project2\server\node_modules\egg\app\middleware\notfound.js:5:5)
    at async meta (C:\Users\Administrator\Desktop\project2\server\node_modules\egg\app\middleware\meta.js:12:5)

pid: 2816
hostname: stu015

2019-07-19 14:27:51,135 ERROR 2816 [-/127.0.0.1/-/6ms POST /v1/collection] nodejs.TypeError: Cannot read property 'id' of null
    at OperatingGoodsController.collection (C:\Users\Administrator\Desktop\project2\server\app\controller\api\operatingGoods.js:16:24)
    at processTicksAndRejections (internal/process/task_queues.js:89:5)
    at async C:\Users\Administrator\Desktop\project2\server\app\middleware\isLogin.js:15:13
    at async C:\Users\Administrator\Desktop\project2\server\node_modules\egg-development\app\middleware\egg_loader_trace.js:9:50
    at async xframe (C:\Users\Administrator\Desktop\project2\server\node_modules\egg-security\lib\middlewares\xframe.js:7:5)
    at async xssProtection (C:\Users\Administrator\Desktop\project2\server\node_modules\egg-security\lib\middlewares\xssProtection.js:7:5)
    at async nosniff (C:\Users\Administrator\Desktop\project2\server\node_modules\egg-security\lib\middlewares\nosniff.js:8:5)
    at async noopen (C:\Users\Administrator\Desktop\project2\server\node_modules\egg-security\lib\middlewares\noopen.js:8:5)
    at async session (C:\Users\Administrator\Desktop\project2\server\node_modules\koa-session\index.js:41:7)
    at async bodyParser (C:\Users\Administrator\Desktop\project2\server\node_modules\koa-bodyparser\index.js:86:5)
    at async C:\Users\Administrator\Desktop\project2\server\node_modules\koa-static-cache\index.js:51:63
    at async notfound (C:\Users\Administrator\Desktop\project2\server\node_modules\egg\app\middleware\notfound.js:5:5)
    at async meta (C:\Users\Administrator\Desktop\project2\server\node_modules\egg\app\middleware\meta.js:12:5)

pid: 2816
hostname: stu015

2019-07-23 10:42:28,038 ERROR 4796 [-/127.0.0.1/-/17ms POST /v1/setDefaultAddress] nodejs.CastError: Cast to ObjectId failed for value "" at path "_id" for model "Address"
    at new CastError (C:\Users\Administrator\Desktop\project2\server\node_modules\mongoose\lib\error\cast.js:29:11)
    at ObjectId.cast (C:\Users\Administrator\Desktop\project2\server\node_modules\mongoose\lib\schema\objectid.js:244:11)
    at ObjectId.SchemaType.applySetters (C:\Users\Administrator\Desktop\project2\server\node_modules\mongoose\lib\schematype.js:948:12)
    at ObjectId.SchemaType._castForQuery (C:\Users\Administrator\Desktop\project2\server\node_modules\mongoose\lib\schematype.js:1362:15)
    at ObjectId.SchemaType.castForQuery (C:\Users\Administrator\Desktop\project2\server\node_modules\mongoose\lib\schematype.js:1352:15)
    at ObjectId.SchemaType.castForQueryWrapper (C:\Users\Administrator\Desktop\project2\server\node_modules\mongoose\lib\schematype.js:1331:15)
    at cast (C:\Users\Administrator\Desktop\project2\server\node_modules\mongoose\lib\cast.js:307:32)
    at model.Query.Query.cast (C:\Users\Administrator\Desktop\project2\server\node_modules\mongoose\lib\query.js:4576:12)
    at castQuery (C:\Users\Administrator\Desktop\project2\server\node_modules\mongoose\lib\query.js:4389:18)
    at model.Query.Query._findAndModify (C:\Users\Administrator\Desktop\project2\server\node_modules\mongoose\lib\query.js:3331:23)
    at model.Query.<anonymous> (C:\Users\Administrator\Desktop\project2\server\node_modules\mongoose\lib\query.js:2928:8)
    at model.Query._wrappedThunk [as _findOneAndUpdate] (C:\Users\Administrator\Desktop\project2\server\node_modules\mongoose\lib\helpers\query\wrapThunk.js:16:8)
    at C:\Users\Administrator\Desktop\project2\server\node_modules\kareem\index.js:369:33
    at processTicksAndRejections (internal/process/task_queues.js:82:9)
message: "Cast to ObjectId failed for value \"\" at path \"_id\" for model \"Address\""
name: "CastError"
stringValue: "\"\""
kind: "ObjectId"
value: ""
path: "_id"
reason: undefined
model: undefined
pid: 4796
hostname: stu015

2019-07-23 11:41:30,987 ERROR 4796 [-/127.0.0.1/-/13ms POST /v1/order] nodejs.TypeError: Cannot read property 'count' of undefined
    at OperatingGoodsController.order (C:\Users\Administrator\Desktop\project2\server\app\controller\api\operatingGoods.js:197:34)
    at processTicksAndRejections (internal/process/task_queues.js:89:5)
    at async C:\Users\Administrator\Desktop\project2\server\app\middleware\isLogin.js:15:13
    at async C:\Users\Administrator\Desktop\project2\server\node_modules\egg-development\app\middleware\egg_loader_trace.js:9:50
    at async xframe (C:\Users\Administrator\Desktop\project2\server\node_modules\egg-security\lib\middlewares\xframe.js:7:5)
    at async xssProtection (C:\Users\Administrator\Desktop\project2\server\node_modules\egg-security\lib\middlewares\xssProtection.js:7:5)
    at async nosniff (C:\Users\Administrator\Desktop\project2\server\node_modules\egg-security\lib\middlewares\nosniff.js:8:5)
    at async noopen (C:\Users\Administrator\Desktop\project2\server\node_modules\egg-security\lib\middlewares\noopen.js:8:5)
    at async session (C:\Users\Administrator\Desktop\project2\server\node_modules\koa-session\index.js:41:7)
    at async bodyParser (C:\Users\Administrator\Desktop\project2\server\node_modules\koa-bodyparser\index.js:86:5)
    at async C:\Users\Administrator\Desktop\project2\server\node_modules\koa-static-cache\index.js:51:63
    at async notfound (C:\Users\Administrator\Desktop\project2\server\node_modules\egg\app\middleware\notfound.js:5:5)
    at async meta (C:\Users\Administrator\Desktop\project2\server\node_modules\egg\app\middleware\meta.js:12:5)

pid: 4796
hostname: stu015

2019-07-23 11:55:24,964 ERROR 4796 [-/127.0.0.1/-/2ms POST /v1/order] nodejs.TypeError: Cannot read property 'count' of undefined
    at OperatingGoodsController.order (C:\Users\Administrator\Desktop\project2\server\app\controller\api\operatingGoods.js:197:34)
    at processTicksAndRejections (internal/process/task_queues.js:89:5)
    at async C:\Users\Administrator\Desktop\project2\server\app\middleware\isLogin.js:15:13
    at async C:\Users\Administrator\Desktop\project2\server\node_modules\egg-development\app\middleware\egg_loader_trace.js:9:50
    at async xframe (C:\Users\Administrator\Desktop\project2\server\node_modules\egg-security\lib\middlewares\xframe.js:7:5)
    at async xssProtection (C:\Users\Administrator\Desktop\project2\server\node_modules\egg-security\lib\middlewares\xssProtection.js:7:5)
    at async nosniff (C:\Users\Administrator\Desktop\project2\server\node_modules\egg-security\lib\middlewares\nosniff.js:8:5)
    at async noopen (C:\Users\Administrator\Desktop\project2\server\node_modules\egg-security\lib\middlewares\noopen.js:8:5)
    at async session (C:\Users\Administrator\Desktop\project2\server\node_modules\koa-session\index.js:41:7)
    at async bodyParser (C:\Users\Administrator\Desktop\project2\server\node_modules\koa-bodyparser\index.js:86:5)
    at async C:\Users\Administrator\Desktop\project2\server\node_modules\koa-static-cache\index.js:51:63
    at async notfound (C:\Users\Administrator\Desktop\project2\server\node_modules\egg\app\middleware\notfound.js:5:5)
    at async meta (C:\Users\Administrator\Desktop\project2\server\node_modules\egg\app\middleware\meta.js:12:5)

pid: 4796
hostname: stu015

2019-07-23 12:23:38,063 ERROR 4796 [-/127.0.0.1/-/3ms POST /v1/order] nodejs.TypeError: Cannot read property 'count' of undefined
    at OperatingGoodsController.order (C:\Users\Administrator\Desktop\project2\server\app\controller\api\operatingGoods.js:197:34)
    at processTicksAndRejections (internal/process/task_queues.js:89:5)
    at async C:\Users\Administrator\Desktop\project2\server\app\middleware\isLogin.js:15:13
    at async C:\Users\Administrator\Desktop\project2\server\node_modules\egg-development\app\middleware\egg_loader_trace.js:9:50
    at async xframe (C:\Users\Administrator\Desktop\project2\server\node_modules\egg-security\lib\middlewares\xframe.js:7:5)
    at async xssProtection (C:\Users\Administrator\Desktop\project2\server\node_modules\egg-security\lib\middlewares\xssProtection.js:7:5)
    at async nosniff (C:\Users\Administrator\Desktop\project2\server\node_modules\egg-security\lib\middlewares\nosniff.js:8:5)
    at async noopen (C:\Users\Administrator\Desktop\project2\server\node_modules\egg-security\lib\middlewares\noopen.js:8:5)
    at async session (C:\Users\Administrator\Desktop\project2\server\node_modules\koa-session\index.js:41:7)
    at async bodyParser (C:\Users\Administrator\Desktop\project2\server\node_modules\koa-bodyparser\index.js:86:5)
    at async C:\Users\Administrator\Desktop\project2\server\node_modules\koa-static-cache\index.js:51:63
    at async notfound (C:\Users\Administrator\Desktop\project2\server\node_modules\egg\app\middleware\notfound.js:5:5)
    at async meta (C:\Users\Administrator\Desktop\project2\server\node_modules\egg\app\middleware\meta.js:12:5)

pid: 4796
hostname: stu015

2019-07-23 12:24:24,987 ERROR 4796 [-/127.0.0.1/-/2ms POST /v1/order] nodejs.TypeError: Cannot read property 'count' of undefined
    at OperatingGoodsController.order (C:\Users\Administrator\Desktop\project2\server\app\controller\api\operatingGoods.js:197:34)
    at processTicksAndRejections (internal/process/task_queues.js:89:5)
    at async C:\Users\Administrator\Desktop\project2\server\app\middleware\isLogin.js:15:13
    at async C:\Users\Administrator\Desktop\project2\server\node_modules\egg-development\app\middleware\egg_loader_trace.js:9:50
    at async xframe (C:\Users\Administrator\Desktop\project2\server\node_modules\egg-security\lib\middlewares\xframe.js:7:5)
    at async xssProtection (C:\Users\Administrator\Desktop\project2\server\node_modules\egg-security\lib\middlewares\xssProtection.js:7:5)
    at async nosniff (C:\Users\Administrator\Desktop\project2\server\node_modules\egg-security\lib\middlewares\nosniff.js:8:5)
    at async noopen (C:\Users\Administrator\Desktop\project2\server\node_modules\egg-security\lib\middlewares\noopen.js:8:5)
    at async session (C:\Users\Administrator\Desktop\project2\server\node_modules\koa-session\index.js:41:7)
    at async bodyParser (C:\Users\Administrator\Desktop\project2\server\node_modules\koa-bodyparser\index.js:86:5)
    at async C:\Users\Administrator\Desktop\project2\server\node_modules\koa-static-cache\index.js:51:63
    at async notfound (C:\Users\Administrator\Desktop\project2\server\node_modules\egg\app\middleware\notfound.js:5:5)
    at async meta (C:\Users\Administrator\Desktop\project2\server\node_modules\egg\app\middleware\meta.js:12:5)

pid: 4796
hostname: stu015

2019-07-23 13:10:31,288 ERROR 4796 [-/127.0.0.1/-/3ms POST /v1/order] nodejs.TypeError: Cannot read property 'count' of undefined
    at OperatingGoodsController.order (C:\Users\Administrator\Desktop\project2\server\app\controller\api\operatingGoods.js:197:34)
    at processTicksAndRejections (internal/process/task_queues.js:89:5)
    at async C:\Users\Administrator\Desktop\project2\server\app\middleware\isLogin.js:15:13
    at async C:\Users\Administrator\Desktop\project2\server\node_modules\egg-development\app\middleware\egg_loader_trace.js:9:50
    at async xframe (C:\Users\Administrator\Desktop\project2\server\node_modules\egg-security\lib\middlewares\xframe.js:7:5)
    at async xssProtection (C:\Users\Administrator\Desktop\project2\server\node_modules\egg-security\lib\middlewares\xssProtection.js:7:5)
    at async nosniff (C:\Users\Administrator\Desktop\project2\server\node_modules\egg-security\lib\middlewares\nosniff.js:8:5)
    at async noopen (C:\Users\Administrator\Desktop\project2\server\node_modules\egg-security\lib\middlewares\noopen.js:8:5)
    at async session (C:\Users\Administrator\Desktop\project2\server\node_modules\koa-session\index.js:41:7)
    at async bodyParser (C:\Users\Administrator\Desktop\project2\server\node_modules\koa-bodyparser\index.js:86:5)
    at async C:\Users\Administrator\Desktop\project2\server\node_modules\koa-static-cache\index.js:51:63
    at async notfound (C:\Users\Administrator\Desktop\project2\server\node_modules\egg\app\middleware\notfound.js:5:5)
    at async meta (C:\Users\Administrator\Desktop\project2\server\node_modules\egg\app\middleware\meta.js:12:5)

pid: 4796
hostname: stu015

2019-07-23 13:19:38,154 ERROR 4796 [-/127.0.0.1/-/1ms POST /v1/order] nodejs.TypeError: Cannot read property 'count' of undefined
    at OperatingGoodsController.order (C:\Users\Administrator\Desktop\project2\server\app\controller\api\operatingGoods.js:197:34)
    at processTicksAndRejections (internal/process/task_queues.js:89:5)
    at async C:\Users\Administrator\Desktop\project2\server\app\middleware\isLogin.js:15:13
    at async C:\Users\Administrator\Desktop\project2\server\node_modules\egg-development\app\middleware\egg_loader_trace.js:9:50
    at async xframe (C:\Users\Administrator\Desktop\project2\server\node_modules\egg-security\lib\middlewares\xframe.js:7:5)
    at async xssProtection (C:\Users\Administrator\Desktop\project2\server\node_modules\egg-security\lib\middlewares\xssProtection.js:7:5)
    at async nosniff (C:\Users\Administrator\Desktop\project2\server\node_modules\egg-security\lib\middlewares\nosniff.js:8:5)
    at async noopen (C:\Users\Administrator\Desktop\project2\server\node_modules\egg-security\lib\middlewares\noopen.js:8:5)
    at async session (C:\Users\Administrator\Desktop\project2\server\node_modules\koa-session\index.js:41:7)
    at async bodyParser (C:\Users\Administrator\Desktop\project2\server\node_modules\koa-bodyparser\index.js:86:5)
    at async C:\Users\Administrator\Desktop\project2\server\node_modules\koa-static-cache\index.js:51:63
    at async notfound (C:\Users\Administrator\Desktop\project2\server\node_modules\egg\app\middleware\notfound.js:5:5)
    at async meta (C:\Users\Administrator\Desktop\project2\server\node_modules\egg\app\middleware\meta.js:12:5)

pid: 4796
hostname: stu015

2019-07-23 13:19:39,738 ERROR 4796 [-/127.0.0.1/-/1ms POST /v1/order] nodejs.TypeError: Cannot read property 'count' of undefined
    at OperatingGoodsController.order (C:\Users\Administrator\Desktop\project2\server\app\controller\api\operatingGoods.js:197:34)
    at processTicksAndRejections (internal/process/task_queues.js:89:5)
    at async C:\Users\Administrator\Desktop\project2\server\app\middleware\isLogin.js:15:13
    at async C:\Users\Administrator\Desktop\project2\server\node_modules\egg-development\app\middleware\egg_loader_trace.js:9:50
    at async xframe (C:\Users\Administrator\Desktop\project2\server\node_modules\egg-security\lib\middlewares\xframe.js:7:5)
    at async xssProtection (C:\Users\Administrator\Desktop\project2\server\node_modules\egg-security\lib\middlewares\xssProtection.js:7:5)
    at async nosniff (C:\Users\Administrator\Desktop\project2\server\node_modules\egg-security\lib\middlewares\nosniff.js:8:5)
    at async noopen (C:\Users\Administrator\Desktop\project2\server\node_modules\egg-security\lib\middlewares\noopen.js:8:5)
    at async session (C:\Users\Administrator\Desktop\project2\server\node_modules\koa-session\index.js:41:7)
    at async bodyParser (C:\Users\Administrator\Desktop\project2\server\node_modules\koa-bodyparser\index.js:86:5)
    at async C:\Users\Administrator\Desktop\project2\server\node_modules\koa-static-cache\index.js:51:63
    at async notfound (C:\Users\Administrator\Desktop\project2\server\node_modules\egg\app\middleware\notfound.js:5:5)
    at async meta (C:\Users\Administrator\Desktop\project2\server\node_modules\egg\app\middleware\meta.js:12:5)

pid: 4796
hostname: stu015

2019-07-23 13:40:16,425 ERROR 4796 [-/127.0.0.1/-/5ms POST /v1/order] nodejs.TypeError: Cannot read property 'count' of undefined
    at OperatingGoodsController.order (C:\Users\Administrator\Desktop\project2\server\app\controller\api\operatingGoods.js:197:34)
    at processTicksAndRejections (internal/process/task_queues.js:89:5)
    at async C:\Users\Administrator\Desktop\project2\server\app\middleware\isLogin.js:15:13
    at async C:\Users\Administrator\Desktop\project2\server\node_modules\egg-development\app\middleware\egg_loader_trace.js:9:50
    at async xframe (C:\Users\Administrator\Desktop\project2\server\node_modules\egg-security\lib\middlewares\xframe.js:7:5)
    at async xssProtection (C:\Users\Administrator\Desktop\project2\server\node_modules\egg-security\lib\middlewares\xssProtection.js:7:5)
    at async nosniff (C:\Users\Administrator\Desktop\project2\server\node_modules\egg-security\lib\middlewares\nosniff.js:8:5)
    at async noopen (C:\Users\Administrator\Desktop\project2\server\node_modules\egg-security\lib\middlewares\noopen.js:8:5)
    at async session (C:\Users\Administrator\Desktop\project2\server\node_modules\koa-session\index.js:41:7)
    at async bodyParser (C:\Users\Administrator\Desktop\project2\server\node_modules\koa-bodyparser\index.js:86:5)
    at async C:\Users\Administrator\Desktop\project2\server\node_modules\koa-static-cache\index.js:51:63
    at async notfound (C:\Users\Administrator\Desktop\project2\server\node_modules\egg\app\middleware\notfound.js:5:5)
    at async meta (C:\Users\Administrator\Desktop\project2\server\node_modules\egg\app\middleware\meta.js:12:5)

pid: 4796
hostname: stu015

2019-07-23 13:44:45,072 ERROR 4796 [-/127.0.0.1/-/5ms POST /v1/order] nodejs.TypeError: Cannot read property 'present_price' of null
    at OperatingGoodsController.order (C:\Users\Administrator\Desktop\project2\server\app\controller\api\operatingGoods.js:184:40)
    at processTicksAndRejections (internal/process/task_queues.js:89:5)
    at async C:\Users\Administrator\Desktop\project2\server\app\middleware\isLogin.js:15:13
    at async C:\Users\Administrator\Desktop\project2\server\node_modules\egg-development\app\middleware\egg_loader_trace.js:9:50
    at async xframe (C:\Users\Administrator\Desktop\project2\server\node_modules\egg-security\lib\middlewares\xframe.js:7:5)
    at async xssProtection (C:\Users\Administrator\Desktop\project2\server\node_modules\egg-security\lib\middlewares\xssProtection.js:7:5)
    at async nosniff (C:\Users\Administrator\Desktop\project2\server\node_modules\egg-security\lib\middlewares\nosniff.js:8:5)
    at async noopen (C:\Users\Administrator\Desktop\project2\server\node_modules\egg-security\lib\middlewares\noopen.js:8:5)
    at async session (C:\Users\Administrator\Desktop\project2\server\node_modules\koa-session\index.js:41:7)
    at async bodyParser (C:\Users\Administrator\Desktop\project2\server\node_modules\koa-bodyparser\index.js:86:5)
    at async C:\Users\Administrator\Desktop\project2\server\node_modules\koa-static-cache\index.js:51:63
    at async notfound (C:\Users\Administrator\Desktop\project2\server\node_modules\egg\app\middleware\notfound.js:5:5)
    at async meta (C:\Users\Administrator\Desktop\project2\server\node_modules\egg\app\middleware\meta.js:12:5)

pid: 4796
hostname: stu015

2019-07-23 13:46:36,378 ERROR 4796 [-/127.0.0.1/-/4ms POST /v1/order] nodejs.TypeError: Cannot read property 'present_price' of null
    at OperatingGoodsController.order (C:\Users\Administrator\Desktop\project2\server\app\controller\api\operatingGoods.js:184:40)
    at processTicksAndRejections (internal/process/task_queues.js:89:5)
    at async C:\Users\Administrator\Desktop\project2\server\app\middleware\isLogin.js:15:13
    at async C:\Users\Administrator\Desktop\project2\server\node_modules\egg-development\app\middleware\egg_loader_trace.js:9:50
    at async xframe (C:\Users\Administrator\Desktop\project2\server\node_modules\egg-security\lib\middlewares\xframe.js:7:5)
    at async xssProtection (C:\Users\Administrator\Desktop\project2\server\node_modules\egg-security\lib\middlewares\xssProtection.js:7:5)
    at async nosniff (C:\Users\Administrator\Desktop\project2\server\node_modules\egg-security\lib\middlewares\nosniff.js:8:5)
    at async noopen (C:\Users\Administrator\Desktop\project2\server\node_modules\egg-security\lib\middlewares\noopen.js:8:5)
    at async session (C:\Users\Administrator\Desktop\project2\server\node_modules\koa-session\index.js:41:7)
    at async bodyParser (C:\Users\Administrator\Desktop\project2\server\node_modules\koa-bodyparser\index.js:86:5)
    at async C:\Users\Administrator\Desktop\project2\server\node_modules\koa-static-cache\index.js:51:63
    at async notfound (C:\Users\Administrator\Desktop\project2\server\node_modules\egg\app\middleware\notfound.js:5:5)
    at async meta (C:\Users\Administrator\Desktop\project2\server\node_modules\egg\app\middleware\meta.js:12:5)

pid: 4796
hostname: stu015

2019-07-23 13:47:20,513 ERROR 4796 [-/127.0.0.1/-/4ms POST /v1/order] nodejs.TypeError: Cannot read property 'present_price' of null
    at OperatingGoodsController.order (C:\Users\Administrator\Desktop\project2\server\app\controller\api\operatingGoods.js:184:40)
    at processTicksAndRejections (internal/process/task_queues.js:89:5)
    at async C:\Users\Administrator\Desktop\project2\server\app\middleware\isLogin.js:15:13
    at async C:\Users\Administrator\Desktop\project2\server\node_modules\egg-development\app\middleware\egg_loader_trace.js:9:50
    at async xframe (C:\Users\Administrator\Desktop\project2\server\node_modules\egg-security\lib\middlewares\xframe.js:7:5)
    at async xssProtection (C:\Users\Administrator\Desktop\project2\server\node_modules\egg-security\lib\middlewares\xssProtection.js:7:5)
    at async nosniff (C:\Users\Administrator\Desktop\project2\server\node_modules\egg-security\lib\middlewares\nosniff.js:8:5)
    at async noopen (C:\Users\Administrator\Desktop\project2\server\node_modules\egg-security\lib\middlewares\noopen.js:8:5)
    at async session (C:\Users\Administrator\Desktop\project2\server\node_modules\koa-session\index.js:41:7)
    at async bodyParser (C:\Users\Administrator\Desktop\project2\server\node_modules\koa-bodyparser\index.js:86:5)
    at async C:\Users\Administrator\Desktop\project2\server\node_modules\koa-static-cache\index.js:51:63
    at async notfound (C:\Users\Administrator\Desktop\project2\server\node_modules\egg\app\middleware\notfound.js:5:5)
    at async meta (C:\Users\Administrator\Desktop\project2\server\node_modules\egg\app\middleware\meta.js:12:5)

pid: 4796
hostname: stu015

2019-07-23 13:49:27,587 ERROR 4796 [-/127.0.0.1/-/2ms POST /v1/order] nodejs.TypeError: Cannot read property 'present_price' of null
    at OperatingGoodsController.order (C:\Users\Administrator\Desktop\project2\server\app\controller\api\operatingGoods.js:184:40)
    at processTicksAndRejections (internal/process/task_queues.js:89:5)
    at async C:\Users\Administrator\Desktop\project2\server\app\middleware\isLogin.js:15:13
    at async C:\Users\Administrator\Desktop\project2\server\node_modules\egg-development\app\middleware\egg_loader_trace.js:9:50
    at async xframe (C:\Users\Administrator\Desktop\project2\server\node_modules\egg-security\lib\middlewares\xframe.js:7:5)
    at async xssProtection (C:\Users\Administrator\Desktop\project2\server\node_modules\egg-security\lib\middlewares\xssProtection.js:7:5)
    at async nosniff (C:\Users\Administrator\Desktop\project2\server\node_modules\egg-security\lib\middlewares\nosniff.js:8:5)
    at async noopen (C:\Users\Administrator\Desktop\project2\server\node_modules\egg-security\lib\middlewares\noopen.js:8:5)
    at async session (C:\Users\Administrator\Desktop\project2\server\node_modules\koa-session\index.js:41:7)
    at async bodyParser (C:\Users\Administrator\Desktop\project2\server\node_modules\koa-bodyparser\index.js:86:5)
    at async C:\Users\Administrator\Desktop\project2\server\node_modules\koa-static-cache\index.js:51:63
    at async notfound (C:\Users\Administrator\Desktop\project2\server\node_modules\egg\app\middleware\notfound.js:5:5)
    at async meta (C:\Users\Administrator\Desktop\project2\server\node_modules\egg\app\middleware\meta.js:12:5)

pid: 4796
hostname: stu015

2019-07-23 13:49:30,691 ERROR 4796 [-/127.0.0.1/-/5ms POST /v1/order] nodejs.TypeError: Cannot read property 'present_price' of null
    at OperatingGoodsController.order (C:\Users\Administrator\Desktop\project2\server\app\controller\api\operatingGoods.js:184:40)
    at processTicksAndRejections (internal/process/task_queues.js:89:5)
    at async C:\Users\Administrator\Desktop\project2\server\app\middleware\isLogin.js:15:13
    at async C:\Users\Administrator\Desktop\project2\server\node_modules\egg-development\app\middleware\egg_loader_trace.js:9:50
    at async xframe (C:\Users\Administrator\Desktop\project2\server\node_modules\egg-security\lib\middlewares\xframe.js:7:5)
    at async xssProtection (C:\Users\Administrator\Desktop\project2\server\node_modules\egg-security\lib\middlewares\xssProtection.js:7:5)
    at async nosniff (C:\Users\Administrator\Desktop\project2\server\node_modules\egg-security\lib\middlewares\nosniff.js:8:5)
    at async noopen (C:\Users\Administrator\Desktop\project2\server\node_modules\egg-security\lib\middlewares\noopen.js:8:5)
    at async session (C:\Users\Administrator\Desktop\project2\server\node_modules\koa-session\index.js:41:7)
    at async bodyParser (C:\Users\Administrator\Desktop\project2\server\node_modules\koa-bodyparser\index.js:86:5)
    at async C:\Users\Administrator\Desktop\project2\server\node_modules\koa-static-cache\index.js:51:63
    at async notfound (C:\Users\Administrator\Desktop\project2\server\node_modules\egg\app\middleware\notfound.js:5:5)
    at async meta (C:\Users\Administrator\Desktop\project2\server\node_modules\egg\app\middleware\meta.js:12:5)

pid: 4796
hostname: stu015

2019-07-23 13:52:49,157 ERROR 4796 [-/127.0.0.1/-/5ms POST /v1/order] nodejs.TypeError: Cannot read property 'present_price' of null
    at OperatingGoodsController.order (C:\Users\Administrator\Desktop\project2\server\app\controller\api\operatingGoods.js:184:40)
    at processTicksAndRejections (internal/process/task_queues.js:89:5)
    at async C:\Users\Administrator\Desktop\project2\server\app\middleware\isLogin.js:15:13
    at async C:\Users\Administrator\Desktop\project2\server\node_modules\egg-development\app\middleware\egg_loader_trace.js:9:50
    at async xframe (C:\Users\Administrator\Desktop\project2\server\node_modules\egg-security\lib\middlewares\xframe.js:7:5)
    at async xssProtection (C:\Users\Administrator\Desktop\project2\server\node_modules\egg-security\lib\middlewares\xssProtection.js:7:5)
    at async nosniff (C:\Users\Administrator\Desktop\project2\server\node_modules\egg-security\lib\middlewares\nosniff.js:8:5)
    at async noopen (C:\Users\Administrator\Desktop\project2\server\node_modules\egg-security\lib\middlewares\noopen.js:8:5)
    at async session (C:\Users\Administrator\Desktop\project2\server\node_modules\koa-session\index.js:41:7)
    at async bodyParser (C:\Users\Administrator\Desktop\project2\server\node_modules\koa-bodyparser\index.js:86:5)
    at async C:\Users\Administrator\Desktop\project2\server\node_modules\koa-static-cache\index.js:51:63
    at async notfound (C:\Users\Administrator\Desktop\project2\server\node_modules\egg\app\middleware\notfound.js:5:5)
    at async meta (C:\Users\Administrator\Desktop\project2\server\node_modules\egg\app\middleware\meta.js:12:5)

pid: 4796
hostname: stu015

2019-07-23 13:56:15,041 ERROR 4796 [-/127.0.0.1/-/7ms POST /v1/order] nodejs.TypeError: Cannot read property 'present_price' of null
    at OperatingGoodsController.order (C:\Users\Administrator\Desktop\project2\server\app\controller\api\operatingGoods.js:184:40)
    at processTicksAndRejections (internal/process/task_queues.js:89:5)
    at async C:\Users\Administrator\Desktop\project2\server\app\middleware\isLogin.js:15:13
    at async C:\Users\Administrator\Desktop\project2\server\node_modules\egg-development\app\middleware\egg_loader_trace.js:9:50
    at async xframe (C:\Users\Administrator\Desktop\project2\server\node_modules\egg-security\lib\middlewares\xframe.js:7:5)
    at async xssProtection (C:\Users\Administrator\Desktop\project2\server\node_modules\egg-security\lib\middlewares\xssProtection.js:7:5)
    at async nosniff (C:\Users\Administrator\Desktop\project2\server\node_modules\egg-security\lib\middlewares\nosniff.js:8:5)
    at async noopen (C:\Users\Administrator\Desktop\project2\server\node_modules\egg-security\lib\middlewares\noopen.js:8:5)
    at async session (C:\Users\Administrator\Desktop\project2\server\node_modules\koa-session\index.js:41:7)
    at async bodyParser (C:\Users\Administrator\Desktop\project2\server\node_modules\koa-bodyparser\index.js:86:5)
    at async C:\Users\Administrator\Desktop\project2\server\node_modules\koa-static-cache\index.js:51:63
    at async notfound (C:\Users\Administrator\Desktop\project2\server\node_modules\egg\app\middleware\notfound.js:5:5)
    at async meta (C:\Users\Administrator\Desktop\project2\server\node_modules\egg\app\middleware\meta.js:12:5)

pid: 4796
hostname: stu015

2019-07-23 13:56:22,228 ERROR 4796 [-/127.0.0.1/-/3ms POST /v1/order] nodejs.TypeError: Cannot read property 'present_price' of null
    at OperatingGoodsController.order (C:\Users\Administrator\Desktop\project2\server\app\controller\api\operatingGoods.js:184:40)
    at processTicksAndRejections (internal/process/task_queues.js:89:5)
    at async C:\Users\Administrator\Desktop\project2\server\app\middleware\isLogin.js:15:13
    at async C:\Users\Administrator\Desktop\project2\server\node_modules\egg-development\app\middleware\egg_loader_trace.js:9:50
    at async xframe (C:\Users\Administrator\Desktop\project2\server\node_modules\egg-security\lib\middlewares\xframe.js:7:5)
    at async xssProtection (C:\Users\Administrator\Desktop\project2\server\node_modules\egg-security\lib\middlewares\xssProtection.js:7:5)
    at async nosniff (C:\Users\Administrator\Desktop\project2\server\node_modules\egg-security\lib\middlewares\nosniff.js:8:5)
    at async noopen (C:\Users\Administrator\Desktop\project2\server\node_modules\egg-security\lib\middlewares\noopen.js:8:5)
    at async session (C:\Users\Administrator\Desktop\project2\server\node_modules\koa-session\index.js:41:7)
    at async bodyParser (C:\Users\Administrator\Desktop\project2\server\node_modules\koa-bodyparser\index.js:86:5)
    at async C:\Users\Administrator\Desktop\project2\server\node_modules\koa-static-cache\index.js:51:63
    at async notfound (C:\Users\Administrator\Desktop\project2\server\node_modules\egg\app\middleware\notfound.js:5:5)
    at async meta (C:\Users\Administrator\Desktop\project2\server\node_modules\egg\app\middleware\meta.js:12:5)

pid: 4796
hostname: stu015

2019-07-23 14:00:06,846 ERROR 3988 [-/127.0.0.1/-/10ms POST /v1/order] nodejs.TypeError: Cannot read property 'present_price' of null
    at OperatingGoodsController.order (C:\Users\Administrator\Desktop\project2\server\app\controller\api\operatingGoods.js:204:30)
    at processTicksAndRejections (internal/process/task_queues.js:89:5)
    at async C:\Users\Administrator\Desktop\project2\server\app\middleware\isLogin.js:15:13
    at async C:\Users\Administrator\Desktop\project2\server\node_modules\egg-development\app\middleware\egg_loader_trace.js:9:50
    at async xframe (C:\Users\Administrator\Desktop\project2\server\node_modules\egg-security\lib\middlewares\xframe.js:7:5)
    at async xssProtection (C:\Users\Administrator\Desktop\project2\server\node_modules\egg-security\lib\middlewares\xssProtection.js:7:5)
    at async nosniff (C:\Users\Administrator\Desktop\project2\server\node_modules\egg-security\lib\middlewares\nosniff.js:8:5)
    at async noopen (C:\Users\Administrator\Desktop\project2\server\node_modules\egg-security\lib\middlewares\noopen.js:8:5)
    at async session (C:\Users\Administrator\Desktop\project2\server\node_modules\koa-session\index.js:41:7)
    at async bodyParser (C:\Users\Administrator\Desktop\project2\server\node_modules\koa-bodyparser\index.js:86:5)
    at async C:\Users\Administrator\Desktop\project2\server\node_modules\koa-static-cache\index.js:51:63
    at async notfound (C:\Users\Administrator\Desktop\project2\server\node_modules\egg\app\middleware\notfound.js:5:5)
    at async meta (C:\Users\Administrator\Desktop\project2\server\node_modules\egg\app\middleware\meta.js:12:5)

pid: 3988
hostname: stu015

2019-07-23 14:00:55,149 ERROR 3988 [-/127.0.0.1/-/4ms POST /v1/order] nodejs.TypeError: Cannot read property 'present_price' of null
    at OperatingGoodsController.order (C:\Users\Administrator\Desktop\project2\server\app\controller\api\operatingGoods.js:204:30)
    at processTicksAndRejections (internal/process/task_queues.js:89:5)
    at async C:\Users\Administrator\Desktop\project2\server\app\middleware\isLogin.js:15:13
    at async C:\Users\Administrator\Desktop\project2\server\node_modules\egg-development\app\middleware\egg_loader_trace.js:9:50
    at async xframe (C:\Users\Administrator\Desktop\project2\server\node_modules\egg-security\lib\middlewares\xframe.js:7:5)
    at async xssProtection (C:\Users\Administrator\Desktop\project2\server\node_modules\egg-security\lib\middlewares\xssProtection.js:7:5)
    at async nosniff (C:\Users\Administrator\Desktop\project2\server\node_modules\egg-security\lib\middlewares\nosniff.js:8:5)
    at async noopen (C:\Users\Administrator\Desktop\project2\server\node_modules\egg-security\lib\middlewares\noopen.js:8:5)
    at async session (C:\Users\Administrator\Desktop\project2\server\node_modules\koa-session\index.js:41:7)
    at async bodyParser (C:\Users\Administrator\Desktop\project2\server\node_modules\koa-bodyparser\index.js:86:5)
    at async C:\Users\Administrator\Desktop\project2\server\node_modules\koa-static-cache\index.js:51:63
    at async notfound (C:\Users\Administrator\Desktop\project2\server\node_modules\egg\app\middleware\notfound.js:5:5)
    at async meta (C:\Users\Administrator\Desktop\project2\server\node_modules\egg\app\middleware\meta.js:12:5)

pid: 3988
hostname: stu015

2019-07-23 14:14:08,300 ERROR 3988 [-/127.0.0.1/-/2ms POST /v1/order] nodejs.TypeError: Cannot read property 'present_price' of null
    at OperatingGoodsController.order (C:\Users\Administrator\Desktop\project2\server\app\controller\api\operatingGoods.js:204:30)
    at processTicksAndRejections (internal/process/task_queues.js:89:5)
    at async C:\Users\Administrator\Desktop\project2\server\app\middleware\isLogin.js:15:13
    at async C:\Users\Administrator\Desktop\project2\server\node_modules\egg-development\app\middleware\egg_loader_trace.js:9:50
    at async xframe (C:\Users\Administrator\Desktop\project2\server\node_modules\egg-security\lib\middlewares\xframe.js:7:5)
    at async xssProtection (C:\Users\Administrator\Desktop\project2\server\node_modules\egg-security\lib\middlewares\xssProtection.js:7:5)
    at async nosniff (C:\Users\Administrator\Desktop\project2\server\node_modules\egg-security\lib\middlewares\nosniff.js:8:5)
    at async noopen (C:\Users\Administrator\Desktop\project2\server\node_modules\egg-security\lib\middlewares\noopen.js:8:5)
    at async session (C:\Users\Administrator\Desktop\project2\server\node_modules\koa-session\index.js:41:7)
    at async bodyParser (C:\Users\Administrator\Desktop\project2\server\node_modules\koa-bodyparser\index.js:86:5)
    at async C:\Users\Administrator\Desktop\project2\server\node_modules\koa-static-cache\index.js:51:63
    at async notfound (C:\Users\Administrator\Desktop\project2\server\node_modules\egg\app\middleware\notfound.js:5:5)
    at async meta (C:\Users\Administrator\Desktop\project2\server\node_modules\egg\app\middleware\meta.js:12:5)

pid: 3988
hostname: stu015

2019-07-23 14:25:03,474 ERROR 3988 [-/127.0.0.1/-/3ms POST /v1/order] nodejs.TypeError: Cannot read property 'present_price' of null
    at OperatingGoodsController.order (C:\Users\Administrator\Desktop\project2\server\app\controller\api\operatingGoods.js:204:30)
    at processTicksAndRejections (internal/process/task_queues.js:89:5)
    at async C:\Users\Administrator\Desktop\project2\server\app\middleware\isLogin.js:15:13
    at async C:\Users\Administrator\Desktop\project2\server\node_modules\egg-development\app\middleware\egg_loader_trace.js:9:50
    at async xframe (C:\Users\Administrator\Desktop\project2\server\node_modules\egg-security\lib\middlewares\xframe.js:7:5)
    at async xssProtection (C:\Users\Administrator\Desktop\project2\server\node_modules\egg-security\lib\middlewares\xssProtection.js:7:5)
    at async nosniff (C:\Users\Administrator\Desktop\project2\server\node_modules\egg-security\lib\middlewares\nosniff.js:8:5)
    at async noopen (C:\Users\Administrator\Desktop\project2\server\node_modules\egg-security\lib\middlewares\noopen.js:8:5)
    at async session (C:\Users\Administrator\Desktop\project2\server\node_modules\koa-session\index.js:41:7)
    at async bodyParser (C:\Users\Administrator\Desktop\project2\server\node_modules\koa-bodyparser\index.js:86:5)
    at async C:\Users\Administrator\Desktop\project2\server\node_modules\koa-static-cache\index.js:51:63
    at async notfound (C:\Users\Administrator\Desktop\project2\server\node_modules\egg\app\middleware\notfound.js:5:5)
    at async meta (C:\Users\Administrator\Desktop\project2\server\node_modules\egg\app\middleware\meta.js:12:5)

pid: 3988
hostname: stu015

2019-07-23 14:26:19,925 ERROR 3988 [-/127.0.0.1/-/2ms POST /v1/order] nodejs.TypeError: Cannot read property 'present_price' of null
    at OperatingGoodsController.order (C:\Users\Administrator\Desktop\project2\server\app\controller\api\operatingGoods.js:204:30)
    at processTicksAndRejections (internal/process/task_queues.js:89:5)
    at async C:\Users\Administrator\Desktop\project2\server\app\middleware\isLogin.js:15:13
    at async C:\Users\Administrator\Desktop\project2\server\node_modules\egg-development\app\middleware\egg_loader_trace.js:9:50
    at async xframe (C:\Users\Administrator\Desktop\project2\server\node_modules\egg-security\lib\middlewares\xframe.js:7:5)
    at async xssProtection (C:\Users\Administrator\Desktop\project2\server\node_modules\egg-security\lib\middlewares\xssProtection.js:7:5)
    at async nosniff (C:\Users\Administrator\Desktop\project2\server\node_modules\egg-security\lib\middlewares\nosniff.js:8:5)
    at async noopen (C:\Users\Administrator\Desktop\project2\server\node_modules\egg-security\lib\middlewares\noopen.js:8:5)
    at async session (C:\Users\Administrator\Desktop\project2\server\node_modules\koa-session\index.js:41:7)
    at async bodyParser (C:\Users\Administrator\Desktop\project2\server\node_modules\koa-bodyparser\index.js:86:5)
    at async C:\Users\Administrator\Desktop\project2\server\node_modules\koa-static-cache\index.js:51:63
    at async notfound (C:\Users\Administrator\Desktop\project2\server\node_modules\egg\app\middleware\notfound.js:5:5)
    at async meta (C:\Users\Administrator\Desktop\project2\server\node_modules\egg\app\middleware\meta.js:12:5)

pid: 3988
hostname: stu015

2019-07-23 14:26:34,802 ERROR 3988 [-/127.0.0.1/-/3ms POST /v1/order] nodejs.TypeError: Cannot read property 'present_price' of null
    at OperatingGoodsController.order (C:\Users\Administrator\Desktop\project2\server\app\controller\api\operatingGoods.js:204:30)
    at processTicksAndRejections (internal/process/task_queues.js:89:5)
    at async C:\Users\Administrator\Desktop\project2\server\app\middleware\isLogin.js:15:13
    at async C:\Users\Administrator\Desktop\project2\server\node_modules\egg-development\app\middleware\egg_loader_trace.js:9:50
    at async xframe (C:\Users\Administrator\Desktop\project2\server\node_modules\egg-security\lib\middlewares\xframe.js:7:5)
    at async xssProtection (C:\Users\Administrator\Desktop\project2\server\node_modules\egg-security\lib\middlewares\xssProtection.js:7:5)
    at async nosniff (C:\Users\Administrator\Desktop\project2\server\node_modules\egg-security\lib\middlewares\nosniff.js:8:5)
    at async noopen (C:\Users\Administrator\Desktop\project2\server\node_modules\egg-security\lib\middlewares\noopen.js:8:5)
    at async session (C:\Users\Administrator\Desktop\project2\server\node_modules\koa-session\index.js:41:7)
    at async bodyParser (C:\Users\Administrator\Desktop\project2\server\node_modules\koa-bodyparser\index.js:86:5)
    at async C:\Users\Administrator\Desktop\project2\server\node_modules\koa-static-cache\index.js:51:63
    at async notfound (C:\Users\Administrator\Desktop\project2\server\node_modules\egg\app\middleware\notfound.js:5:5)
    at async meta (C:\Users\Administrator\Desktop\project2\server\node_modules\egg\app\middleware\meta.js:12:5)

pid: 3988
hostname: stu015

2019-07-23 14:27:20,195 ERROR 3988 [-/127.0.0.1/-/4ms POST /v1/order] nodejs.TypeError: Cannot read property 'count' of undefined
    at OperatingGoodsController.order (C:\Users\Administrator\Desktop\project2\server\app\controller\api\operatingGoods.js:218:24)
    at processTicksAndRejections (internal/process/task_queues.js:89:5)
    at async C:\Users\Administrator\Desktop\project2\server\app\middleware\isLogin.js:15:13
    at async C:\Users\Administrator\Desktop\project2\server\node_modules\egg-development\app\middleware\egg_loader_trace.js:9:50
    at async xframe (C:\Users\Administrator\Desktop\project2\server\node_modules\egg-security\lib\middlewares\xframe.js:7:5)
    at async xssProtection (C:\Users\Administrator\Desktop\project2\server\node_modules\egg-security\lib\middlewares\xssProtection.js:7:5)
    at async nosniff (C:\Users\Administrator\Desktop\project2\server\node_modules\egg-security\lib\middlewares\nosniff.js:8:5)
    at async noopen (C:\Users\Administrator\Desktop\project2\server\node_modules\egg-security\lib\middlewares\noopen.js:8:5)
    at async session (C:\Users\Administrator\Desktop\project2\server\node_modules\koa-session\index.js:41:7)
    at async bodyParser (C:\Users\Administrator\Desktop\project2\server\node_modules\koa-bodyparser\index.js:86:5)
    at async C:\Users\Administrator\Desktop\project2\server\node_modules\koa-static-cache\index.js:51:63
    at async notfound (C:\Users\Administrator\Desktop\project2\server\node_modules\egg\app\middleware\notfound.js:5:5)
    at async meta (C:\Users\Administrator\Desktop\project2\server\node_modules\egg\app\middleware\meta.js:12:5)

pid: 3988
hostname: stu015

2019-07-23 14:27:54,569 ERROR 3988 [-/127.0.0.1/-/2ms POST /v1/order] nodejs.TypeError: Cannot read property 'count' of undefined
    at OperatingGoodsController.order (C:\Users\Administrator\Desktop\project2\server\app\controller\api\operatingGoods.js:218:24)
    at processTicksAndRejections (internal/process/task_queues.js:89:5)
    at async C:\Users\Administrator\Desktop\project2\server\app\middleware\isLogin.js:15:13
    at async C:\Users\Administrator\Desktop\project2\server\node_modules\egg-development\app\middleware\egg_loader_trace.js:9:50
    at async xframe (C:\Users\Administrator\Desktop\project2\server\node_modules\egg-security\lib\middlewares\xframe.js:7:5)
    at async xssProtection (C:\Users\Administrator\Desktop\project2\server\node_modules\egg-security\lib\middlewares\xssProtection.js:7:5)
    at async nosniff (C:\Users\Administrator\Desktop\project2\server\node_modules\egg-security\lib\middlewares\nosniff.js:8:5)
    at async noopen (C:\Users\Administrator\Desktop\project2\server\node_modules\egg-security\lib\middlewares\noopen.js:8:5)
    at async session (C:\Users\Administrator\Desktop\project2\server\node_modules\koa-session\index.js:41:7)
    at async bodyParser (C:\Users\Administrator\Desktop\project2\server\node_modules\koa-bodyparser\index.js:86:5)
    at async C:\Users\Administrator\Desktop\project2\server\node_modules\koa-static-cache\index.js:51:63
    at async notfound (C:\Users\Administrator\Desktop\project2\server\node_modules\egg\app\middleware\notfound.js:5:5)
    at async meta (C:\Users\Administrator\Desktop\project2\server\node_modules\egg\app\middleware\meta.js:12:5)

pid: 3988
hostname: stu015

2019-07-23 14:28:08,616 ERROR 3988 [-/127.0.0.1/-/2ms POST /v1/order] nodejs.TypeError: Cannot read property 'present_price' of null
    at OperatingGoodsController.order (C:\Users\Administrator\Desktop\project2\server\app\controller\api\operatingGoods.js:204:30)
    at processTicksAndRejections (internal/process/task_queues.js:89:5)
    at async C:\Users\Administrator\Desktop\project2\server\app\middleware\isLogin.js:15:13
    at async C:\Users\Administrator\Desktop\project2\server\node_modules\egg-development\app\middleware\egg_loader_trace.js:9:50
    at async xframe (C:\Users\Administrator\Desktop\project2\server\node_modules\egg-security\lib\middlewares\xframe.js:7:5)
    at async xssProtection (C:\Users\Administrator\Desktop\project2\server\node_modules\egg-security\lib\middlewares\xssProtection.js:7:5)
    at async nosniff (C:\Users\Administrator\Desktop\project2\server\node_modules\egg-security\lib\middlewares\nosniff.js:8:5)
    at async noopen (C:\Users\Administrator\Desktop\project2\server\node_modules\egg-security\lib\middlewares\noopen.js:8:5)
    at async session (C:\Users\Administrator\Desktop\project2\server\node_modules\koa-session\index.js:41:7)
    at async bodyParser (C:\Users\Administrator\Desktop\project2\server\node_modules\koa-bodyparser\index.js:86:5)
    at async C:\Users\Administrator\Desktop\project2\server\node_modules\koa-static-cache\index.js:51:63
    at async notfound (C:\Users\Administrator\Desktop\project2\server\node_modules\egg\app\middleware\notfound.js:5:5)
    at async meta (C:\Users\Administrator\Desktop\project2\server\node_modules\egg\app\middleware\meta.js:12:5)

pid: 3988
hostname: stu015

2019-07-23 14:46:21,863 ERROR 3988 [-/127.0.0.1/-/2ms POST /v1/order] nodejs.TypeError: Cannot read property 'present_price' of null
    at OperatingGoodsController.order (C:\Users\Administrator\Desktop\project2\server\app\controller\api\operatingGoods.js:204:30)
    at processTicksAndRejections (internal/process/task_queues.js:89:5)
    at async C:\Users\Administrator\Desktop\project2\server\app\middleware\isLogin.js:15:13
    at async C:\Users\Administrator\Desktop\project2\server\node_modules\egg-development\app\middleware\egg_loader_trace.js:9:50
    at async xframe (C:\Users\Administrator\Desktop\project2\server\node_modules\egg-security\lib\middlewares\xframe.js:7:5)
    at async xssProtection (C:\Users\Administrator\Desktop\project2\server\node_modules\egg-security\lib\middlewares\xssProtection.js:7:5)
    at async nosniff (C:\Users\Administrator\Desktop\project2\server\node_modules\egg-security\lib\middlewares\nosniff.js:8:5)
    at async noopen (C:\Users\Administrator\Desktop\project2\server\node_modules\egg-security\lib\middlewares\noopen.js:8:5)
    at async session (C:\Users\Administrator\Desktop\project2\server\node_modules\koa-session\index.js:41:7)
    at async bodyParser (C:\Users\Administrator\Desktop\project2\server\node_modules\koa-bodyparser\index.js:86:5)
    at async C:\Users\Administrator\Desktop\project2\server\node_modules\koa-static-cache\index.js:51:63
    at async notfound (C:\Users\Administrator\Desktop\project2\server\node_modules\egg\app\middleware\notfound.js:5:5)
    at async meta (C:\Users\Administrator\Desktop\project2\server\node_modules\egg\app\middleware\meta.js:12:5)

pid: 3988
hostname: stu015

2019-07-23 14:47:52,402 ERROR 3988 [-/127.0.0.1/-/3ms POST /v1/order] nodejs.TypeError: Cannot read property 'present_price' of null
    at OperatingGoodsController.order (C:\Users\Administrator\Desktop\project2\server\app\controller\api\operatingGoods.js:204:30)
    at processTicksAndRejections (internal/process/task_queues.js:89:5)
    at async C:\Users\Administrator\Desktop\project2\server\app\middleware\isLogin.js:15:13
    at async C:\Users\Administrator\Desktop\project2\server\node_modules\egg-development\app\middleware\egg_loader_trace.js:9:50
    at async xframe (C:\Users\Administrator\Desktop\project2\server\node_modules\egg-security\lib\middlewares\xframe.js:7:5)
    at async xssProtection (C:\Users\Administrator\Desktop\project2\server\node_modules\egg-security\lib\middlewares\xssProtection.js:7:5)
    at async nosniff (C:\Users\Administrator\Desktop\project2\server\node_modules\egg-security\lib\middlewares\nosniff.js:8:5)
    at async noopen (C:\Users\Administrator\Desktop\project2\server\node_modules\egg-security\lib\middlewares\noopen.js:8:5)
    at async session (C:\Users\Administrator\Desktop\project2\server\node_modules\koa-session\index.js:41:7)
    at async bodyParser (C:\Users\Administrator\Desktop\project2\server\node_modules\koa-bodyparser\index.js:86:5)
    at async C:\Users\Administrator\Desktop\project2\server\node_modules\koa-static-cache\index.js:51:63
    at async notfound (C:\Users\Administrator\Desktop\project2\server\node_modules\egg\app\middleware\notfound.js:5:5)
    at async meta (C:\Users\Administrator\Desktop\project2\server\node_modules\egg\app\middleware\meta.js:12:5)

pid: 3988
hostname: stu015

2019-07-23 14:48:43,178 ERROR 3988 [-/127.0.0.1/-/3ms POST /v1/order] nodejs.TypeError: Cannot read property 'present_price' of null
    at OperatingGoodsController.order (C:\Users\Administrator\Desktop\project2\server\app\controller\api\operatingGoods.js:204:30)
    at processTicksAndRejections (internal/process/task_queues.js:89:5)
    at async C:\Users\Administrator\Desktop\project2\server\app\middleware\isLogin.js:15:13
    at async C:\Users\Administrator\Desktop\project2\server\node_modules\egg-development\app\middleware\egg_loader_trace.js:9:50
    at async xframe (C:\Users\Administrator\Desktop\project2\server\node_modules\egg-security\lib\middlewares\xframe.js:7:5)
    at async xssProtection (C:\Users\Administrator\Desktop\project2\server\node_modules\egg-security\lib\middlewares\xssProtection.js:7:5)
    at async nosniff (C:\Users\Administrator\Desktop\project2\server\node_modules\egg-security\lib\middlewares\nosniff.js:8:5)
    at async noopen (C:\Users\Administrator\Desktop\project2\server\node_modules\egg-security\lib\middlewares\noopen.js:8:5)
    at async session (C:\Users\Administrator\Desktop\project2\server\node_modules\koa-session\index.js:41:7)
    at async bodyParser (C:\Users\Administrator\Desktop\project2\server\node_modules\koa-bodyparser\index.js:86:5)
    at async C:\Users\Administrator\Desktop\project2\server\node_modules\koa-static-cache\index.js:51:63
    at async notfound (C:\Users\Administrator\Desktop\project2\server\node_modules\egg\app\middleware\notfound.js:5:5)
    at async meta (C:\Users\Administrator\Desktop\project2\server\node_modules\egg\app\middleware\meta.js:12:5)

pid: 3988
hostname: stu015

2019-07-23 14:49:43,913 ERROR 3988 [-/127.0.0.1/-/5ms POST /v1/order] nodejs.TypeError: Cannot read property 'present_price' of null
    at OperatingGoodsController.order (C:\Users\Administrator\Desktop\project2\server\app\controller\api\operatingGoods.js:204:30)
    at processTicksAndRejections (internal/process/task_queues.js:89:5)
    at async C:\Users\Administrator\Desktop\project2\server\app\middleware\isLogin.js:15:13
    at async C:\Users\Administrator\Desktop\project2\server\node_modules\egg-development\app\middleware\egg_loader_trace.js:9:50
    at async xframe (C:\Users\Administrator\Desktop\project2\server\node_modules\egg-security\lib\middlewares\xframe.js:7:5)
    at async xssProtection (C:\Users\Administrator\Desktop\project2\server\node_modules\egg-security\lib\middlewares\xssProtection.js:7:5)
    at async nosniff (C:\Users\Administrator\Desktop\project2\server\node_modules\egg-security\lib\middlewares\nosniff.js:8:5)
    at async noopen (C:\Users\Administrator\Desktop\project2\server\node_modules\egg-security\lib\middlewares\noopen.js:8:5)
    at async session (C:\Users\Administrator\Desktop\project2\server\node_modules\koa-session\index.js:41:7)
    at async bodyParser (C:\Users\Administrator\Desktop\project2\server\node_modules\koa-bodyparser\index.js:86:5)
    at async C:\Users\Administrator\Desktop\project2\server\node_modules\koa-static-cache\index.js:51:63
    at async notfound (C:\Users\Administrator\Desktop\project2\server\node_modules\egg\app\middleware\notfound.js:5:5)
    at async meta (C:\Users\Administrator\Desktop\project2\server\node_modules\egg\app\middleware\meta.js:12:5)

pid: 3988
hostname: stu015

2019-07-23 14:50:58,144 ERROR 3988 [-/127.0.0.1/-/5ms POST /v1/order] nodejs.TypeError: Cannot read property 'present_price' of null
    at OperatingGoodsController.order (C:\Users\Administrator\Desktop\project2\server\app\controller\api\operatingGoods.js:204:30)
    at processTicksAndRejections (internal/process/task_queues.js:89:5)
    at async C:\Users\Administrator\Desktop\project2\server\app\middleware\isLogin.js:15:13
    at async C:\Users\Administrator\Desktop\project2\server\node_modules\egg-development\app\middleware\egg_loader_trace.js:9:50
    at async xframe (C:\Users\Administrator\Desktop\project2\server\node_modules\egg-security\lib\middlewares\xframe.js:7:5)
    at async xssProtection (C:\Users\Administrator\Desktop\project2\server\node_modules\egg-security\lib\middlewares\xssProtection.js:7:5)
    at async nosniff (C:\Users\Administrator\Desktop\project2\server\node_modules\egg-security\lib\middlewares\nosniff.js:8:5)
    at async noopen (C:\Users\Administrator\Desktop\project2\server\node_modules\egg-security\lib\middlewares\noopen.js:8:5)
    at async session (C:\Users\Administrator\Desktop\project2\server\node_modules\koa-session\index.js:41:7)
    at async bodyParser (C:\Users\Administrator\Desktop\project2\server\node_modules\koa-bodyparser\index.js:86:5)
    at async C:\Users\Administrator\Desktop\project2\server\node_modules\koa-static-cache\index.js:51:63
    at async notfound (C:\Users\Administrator\Desktop\project2\server\node_modules\egg\app\middleware\notfound.js:5:5)
    at async meta (C:\Users\Administrator\Desktop\project2\server\node_modules\egg\app\middleware\meta.js:12:5)

pid: 3988
hostname: stu015

2019-07-23 14:51:12,741 ERROR 3988 [-/127.0.0.1/-/4ms POST /v1/order] nodejs.TypeError: Cannot read property 'present_price' of null
    at OperatingGoodsController.order (C:\Users\Administrator\Desktop\project2\server\app\controller\api\operatingGoods.js:204:30)
    at processTicksAndRejections (internal/process/task_queues.js:89:5)
    at async C:\Users\Administrator\Desktop\project2\server\app\middleware\isLogin.js:15:13
    at async C:\Users\Administrator\Desktop\project2\server\node_modules\egg-development\app\middleware\egg_loader_trace.js:9:50
    at async xframe (C:\Users\Administrator\Desktop\project2\server\node_modules\egg-security\lib\middlewares\xframe.js:7:5)
    at async xssProtection (C:\Users\Administrator\Desktop\project2\server\node_modules\egg-security\lib\middlewares\xssProtection.js:7:5)
    at async nosniff (C:\Users\Administrator\Desktop\project2\server\node_modules\egg-security\lib\middlewares\nosniff.js:8:5)
    at async noopen (C:\Users\Administrator\Desktop\project2\server\node_modules\egg-security\lib\middlewares\noopen.js:8:5)
    at async session (C:\Users\Administrator\Desktop\project2\server\node_modules\koa-session\index.js:41:7)
    at async bodyParser (C:\Users\Administrator\Desktop\project2\server\node_modules\koa-bodyparser\index.js:86:5)
    at async C:\Users\Administrator\Desktop\project2\server\node_modules\koa-static-cache\index.js:51:63
    at async notfound (C:\Users\Administrator\Desktop\project2\server\node_modules\egg\app\middleware\notfound.js:5:5)
    at async meta (C:\Users\Administrator\Desktop\project2\server\node_modules\egg\app\middleware\meta.js:12:5)

pid: 3988
hostname: stu015

2019-07-23 18:41:39,912 ERROR 3988 [-/127.0.0.1/-/18ms POST /v1/deleteShop] nodejs.CastError: Cast to string failed for value "{ id: '4ae4e2e2c1df45308be5011a97aae537' }" at path "cid" for model "ShopList"
    at new CastError (C:\Users\Administrator\Desktop\project2\server\node_modules\mongoose\lib\error\cast.js:29:11)
    at SchemaString.cast (C:\Users\Administrator\Desktop\project2\server\node_modules\mongoose\lib\schema\string.js:553:11)
    at SchemaString.SchemaType.applySetters (C:\Users\Administrator\Desktop\project2\server\node_modules\mongoose\lib\schematype.js:948:12)
    at SchemaString.SchemaType._castForQuery (C:\Users\Administrator\Desktop\project2\server\node_modules\mongoose\lib\schematype.js:1362:15)
    at SchemaString.castForQuery (C:\Users\Administrator\Desktop\project2\server\node_modules\mongoose\lib\schema\string.js:609:15)
    at SchemaString.SchemaType.castForQueryWrapper (C:\Users\Administrator\Desktop\project2\server\node_modules\mongoose\lib\schematype.js:1331:15)
    at cast (C:\Users\Administrator\Desktop\project2\server\node_modules\mongoose\lib\cast.js:252:34)
    at model.Query.Query.cast (C:\Users\Administrator\Desktop\project2\server\node_modules\mongoose\lib\query.js:4576:12)
    at model.Query.Query._castConditions (C:\Users\Administrator\Desktop\project2\server\node_modules\mongoose\lib\query.js:1783:10)
    at model.Query.<anonymous> (C:\Users\Administrator\Desktop\project2\server\node_modules\mongoose\lib\query.js:2719:8)
    at model.Query._wrappedThunk [as _deleteMany] (C:\Users\Administrator\Desktop\project2\server\node_modules\mongoose\lib\helpers\query\wrapThunk.js:16:8)
    at C:\Users\Administrator\Desktop\project2\server\node_modules\kareem\index.js:369:33
    at processTicksAndRejections (internal/process/task_queues.js:82:9)
message: "Cast to string failed for value \"{ id: '4ae4e2e2c1df45308be5011a97aae537' }\" at path \"cid\" for model \"ShopList\""
name: "CastError"
stringValue: "\"{ id: '4ae4e2e2c1df45308be5011a97aae537' }\""
kind: "string"
value: {"id":"4ae4e2e2c1df45308be5011a97aae537"}
path: "cid"
reason: undefined
model: undefined
pid: 3988
hostname: stu015

2019-07-23 18:43:08,425 ERROR 3988 [-/127.0.0.1/-/1ms POST /v1/deleteShop] nodejs.CastError: Cast to string failed for value "{ id: '5d36ca64cc4c670f94ac225b' }" at path "cid" for model "ShopList"
    at new CastError (C:\Users\Administrator\Desktop\project2\server\node_modules\mongoose\lib\error\cast.js:29:11)
    at SchemaString.cast (C:\Users\Administrator\Desktop\project2\server\node_modules\mongoose\lib\schema\string.js:553:11)
    at SchemaString.SchemaType.applySetters (C:\Users\Administrator\Desktop\project2\server\node_modules\mongoose\lib\schematype.js:948:12)
    at SchemaString.SchemaType._castForQuery (C:\Users\Administrator\Desktop\project2\server\node_modules\mongoose\lib\schematype.js:1362:15)
    at SchemaString.castForQuery (C:\Users\Administrator\Desktop\project2\server\node_modules\mongoose\lib\schema\string.js:609:15)
    at SchemaString.SchemaType.castForQueryWrapper (C:\Users\Administrator\Desktop\project2\server\node_modules\mongoose\lib\schematype.js:1331:15)
    at cast (C:\Users\Administrator\Desktop\project2\server\node_modules\mongoose\lib\cast.js:252:34)
    at model.Query.Query.cast (C:\Users\Administrator\Desktop\project2\server\node_modules\mongoose\lib\query.js:4576:12)
    at model.Query.Query._castConditions (C:\Users\Administrator\Desktop\project2\server\node_modules\mongoose\lib\query.js:1783:10)
    at model.Query.<anonymous> (C:\Users\Administrator\Desktop\project2\server\node_modules\mongoose\lib\query.js:2719:8)
    at model.Query._wrappedThunk [as _deleteMany] (C:\Users\Administrator\Desktop\project2\server\node_modules\mongoose\lib\helpers\query\wrapThunk.js:16:8)
    at C:\Users\Administrator\Desktop\project2\server\node_modules\kareem\index.js:369:33
    at processTicksAndRejections (internal/process/task_queues.js:82:9)
message: "Cast to string failed for value \"{ id: '5d36ca64cc4c670f94ac225b' }\" at path \"cid\" for model \"ShopList\""
name: "CastError"
stringValue: "\"{ id: '5d36ca64cc4c670f94ac225b' }\""
kind: "string"
value: {"id":"5d36ca64cc4c670f94ac225b"}
path: "cid"
reason: undefined
model: undefined
pid: 3988
hostname: stu015

2019-07-23 18:43:14,420 ERROR 3988 [-/127.0.0.1/-/1ms POST /v1/deleteShop] nodejs.CastError: Cast to string failed for value "{ id: '5d36ca64cc4c670f94ac225b' }" at path "cid" for model "ShopList"
    at new CastError (C:\Users\Administrator\Desktop\project2\server\node_modules\mongoose\lib\error\cast.js:29:11)
    at SchemaString.cast (C:\Users\Administrator\Desktop\project2\server\node_modules\mongoose\lib\schema\string.js:553:11)
    at SchemaString.SchemaType.applySetters (C:\Users\Administrator\Desktop\project2\server\node_modules\mongoose\lib\schematype.js:948:12)
    at SchemaString.SchemaType._castForQuery (C:\Users\Administrator\Desktop\project2\server\node_modules\mongoose\lib\schematype.js:1362:15)
    at SchemaString.castForQuery (C:\Users\Administrator\Desktop\project2\server\node_modules\mongoose\lib\schema\string.js:609:15)
    at SchemaString.SchemaType.castForQueryWrapper (C:\Users\Administrator\Desktop\project2\server\node_modules\mongoose\lib\schematype.js:1331:15)
    at cast (C:\Users\Administrator\Desktop\project2\server\node_modules\mongoose\lib\cast.js:252:34)
    at model.Query.Query.cast (C:\Users\Administrator\Desktop\project2\server\node_modules\mongoose\lib\query.js:4576:12)
    at model.Query.Query._castConditions (C:\Users\Administrator\Desktop\project2\server\node_modules\mongoose\lib\query.js:1783:10)
    at model.Query.<anonymous> (C:\Users\Administrator\Desktop\project2\server\node_modules\mongoose\lib\query.js:2719:8)
    at model.Query._wrappedThunk [as _deleteMany] (C:\Users\Administrator\Desktop\project2\server\node_modules\mongoose\lib\helpers\query\wrapThunk.js:16:8)
    at C:\Users\Administrator\Desktop\project2\server\node_modules\kareem\index.js:369:33
    at processTicksAndRejections (internal/process/task_queues.js:82:9)
message: "Cast to string failed for value \"{ id: '5d36ca64cc4c670f94ac225b' }\" at path \"cid\" for model \"ShopList\""
name: "CastError"
stringValue: "\"{ id: '5d36ca64cc4c670f94ac225b' }\""
kind: "string"
value: {"id":"5d36ca64cc4c670f94ac225b"}
path: "cid"
reason: undefined
model: undefined
pid: 3988
hostname: stu015

2019-07-23 18:43:38,755 ERROR 3988 [-/127.0.0.1/-/2ms POST /v1/deleteShop] nodejs.CastError: Cast to string failed for value "{ id: '4ae4e2e2c1df45308be5011a97aae537' }" at path "cid" for model "ShopList"
    at new CastError (C:\Users\Administrator\Desktop\project2\server\node_modules\mongoose\lib\error\cast.js:29:11)
    at SchemaString.cast (C:\Users\Administrator\Desktop\project2\server\node_modules\mongoose\lib\schema\string.js:553:11)
    at SchemaString.SchemaType.applySetters (C:\Users\Administrator\Desktop\project2\server\node_modules\mongoose\lib\schematype.js:948:12)
    at SchemaString.SchemaType._castForQuery (C:\Users\Administrator\Desktop\project2\server\node_modules\mongoose\lib\schematype.js:1362:15)
    at SchemaString.castForQuery (C:\Users\Administrator\Desktop\project2\server\node_modules\mongoose\lib\schema\string.js:609:15)
    at SchemaString.SchemaType.castForQueryWrapper (C:\Users\Administrator\Desktop\project2\server\node_modules\mongoose\lib\schematype.js:1331:15)
    at cast (C:\Users\Administrator\Desktop\project2\server\node_modules\mongoose\lib\cast.js:252:34)
    at model.Query.Query.cast (C:\Users\Administrator\Desktop\project2\server\node_modules\mongoose\lib\query.js:4576:12)
    at model.Query.Query._castConditions (C:\Users\Administrator\Desktop\project2\server\node_modules\mongoose\lib\query.js:1783:10)
    at model.Query.<anonymous> (C:\Users\Administrator\Desktop\project2\server\node_modules\mongoose\lib\query.js:2719:8)
    at model.Query._wrappedThunk [as _deleteMany] (C:\Users\Administrator\Desktop\project2\server\node_modules\mongoose\lib\helpers\query\wrapThunk.js:16:8)
    at C:\Users\Administrator\Desktop\project2\server\node_modules\kareem\index.js:369:33
    at processTicksAndRejections (internal/process/task_queues.js:82:9)
message: "Cast to string failed for value \"{ id: '4ae4e2e2c1df45308be5011a97aae537' }\" at path \"cid\" for model \"ShopList\""
name: "CastError"
stringValue: "\"{ id: '4ae4e2e2c1df45308be5011a97aae537' }\""
kind: "string"
value: {"id":"4ae4e2e2c1df45308be5011a97aae537"}
path: "cid"
reason: undefined
model: undefined
pid: 3988
hostname: stu015

2019-07-23 18:46:04,371 ERROR 3988 [-/127.0.0.1/-/1ms POST /v1/deleteShop] nodejs.CastError: Cast to string failed for value "{ id: '4ae4e2e2c1df45308be5011a97aae537' }" at path "cid" for model "ShopList"
    at new CastError (C:\Users\Administrator\Desktop\project2\server\node_modules\mongoose\lib\error\cast.js:29:11)
    at SchemaString.cast (C:\Users\Administrator\Desktop\project2\server\node_modules\mongoose\lib\schema\string.js:553:11)
    at SchemaString.SchemaType.applySetters (C:\Users\Administrator\Desktop\project2\server\node_modules\mongoose\lib\schematype.js:948:12)
    at SchemaString.SchemaType._castForQuery (C:\Users\Administrator\Desktop\project2\server\node_modules\mongoose\lib\schematype.js:1362:15)
    at SchemaString.castForQuery (C:\Users\Administrator\Desktop\project2\server\node_modules\mongoose\lib\schema\string.js:609:15)
    at SchemaString.SchemaType.castForQueryWrapper (C:\Users\Administrator\Desktop\project2\server\node_modules\mongoose\lib\schematype.js:1331:15)
    at cast (C:\Users\Administrator\Desktop\project2\server\node_modules\mongoose\lib\cast.js:252:34)
    at model.Query.Query.cast (C:\Users\Administrator\Desktop\project2\server\node_modules\mongoose\lib\query.js:4576:12)
    at model.Query.Query._castConditions (C:\Users\Administrator\Desktop\project2\server\node_modules\mongoose\lib\query.js:1783:10)
    at model.Query.<anonymous> (C:\Users\Administrator\Desktop\project2\server\node_modules\mongoose\lib\query.js:2719:8)
    at model.Query._wrappedThunk [as _deleteMany] (C:\Users\Administrator\Desktop\project2\server\node_modules\mongoose\lib\helpers\query\wrapThunk.js:16:8)
    at C:\Users\Administrator\Desktop\project2\server\node_modules\kareem\index.js:369:33
    at processTicksAndRejections (internal/process/task_queues.js:82:9)
message: "Cast to string failed for value \"{ id: '4ae4e2e2c1df45308be5011a97aae537' }\" at path \"cid\" for model \"ShopList\""
name: "CastError"
stringValue: "\"{ id: '4ae4e2e2c1df45308be5011a97aae537' }\""
kind: "string"
value: {"id":"4ae4e2e2c1df45308be5011a97aae537"}
path: "cid"
reason: undefined
model: undefined
pid: 3988
hostname: stu015

2019-07-23 18:46:17,466 ERROR 3988 [-/127.0.0.1/-/1ms POST /v1/deleteShop] nodejs.CastError: Cast to string failed for value "{ id: '4ae4e2e2c1df45308be5011a97aae537' }" at path "cid" for model "ShopList"
    at new CastError (C:\Users\Administrator\Desktop\project2\server\node_modules\mongoose\lib\error\cast.js:29:11)
    at SchemaString.cast (C:\Users\Administrator\Desktop\project2\server\node_modules\mongoose\lib\schema\string.js:553:11)
    at SchemaString.SchemaType.applySetters (C:\Users\Administrator\Desktop\project2\server\node_modules\mongoose\lib\schematype.js:948:12)
    at SchemaString.SchemaType._castForQuery (C:\Users\Administrator\Desktop\project2\server\node_modules\mongoose\lib\schematype.js:1362:15)
    at SchemaString.castForQuery (C:\Users\Administrator\Desktop\project2\server\node_modules\mongoose\lib\schema\string.js:609:15)
    at SchemaString.SchemaType.castForQueryWrapper (C:\Users\Administrator\Desktop\project2\server\node_modules\mongoose\lib\schematype.js:1331:15)
    at cast (C:\Users\Administrator\Desktop\project2\server\node_modules\mongoose\lib\cast.js:252:34)
    at model.Query.Query.cast (C:\Users\Administrator\Desktop\project2\server\node_modules\mongoose\lib\query.js:4576:12)
    at model.Query.Query._castConditions (C:\Users\Administrator\Desktop\project2\server\node_modules\mongoose\lib\query.js:1783:10)
    at model.Query.<anonymous> (C:\Users\Administrator\Desktop\project2\server\node_modules\mongoose\lib\query.js:2719:8)
    at model.Query._wrappedThunk [as _deleteMany] (C:\Users\Administrator\Desktop\project2\server\node_modules\mongoose\lib\helpers\query\wrapThunk.js:16:8)
    at C:\Users\Administrator\Desktop\project2\server\node_modules\kareem\index.js:369:33
    at processTicksAndRejections (internal/process/task_queues.js:82:9)
message: "Cast to string failed for value \"{ id: '4ae4e2e2c1df45308be5011a97aae537' }\" at path \"cid\" for model \"ShopList\""
name: "CastError"
stringValue: "\"{ id: '4ae4e2e2c1df45308be5011a97aae537' }\""
kind: "string"
value: {"id":"4ae4e2e2c1df45308be5011a97aae537"}
path: "cid"
reason: undefined
model: undefined
pid: 3988
hostname: stu015

2019-07-23 18:51:22,051 ERROR 3988 [-/127.0.0.1/-/16ms POST /v1/deleteShop] nodejs.CastError: Cast to string failed for value "{ id: [ '4ae4e2e2c1df45308be5011a97aae537' ] }" at path "cid" for model "ShopList"
    at new CastError (C:\Users\Administrator\Desktop\project2\server\node_modules\mongoose\lib\error\cast.js:29:11)
    at SchemaString.cast (C:\Users\Administrator\Desktop\project2\server\node_modules\mongoose\lib\schema\string.js:553:11)
    at SchemaString.SchemaType.applySetters (C:\Users\Administrator\Desktop\project2\server\node_modules\mongoose\lib\schematype.js:948:12)
    at SchemaString.SchemaType._castForQuery (C:\Users\Administrator\Desktop\project2\server\node_modules\mongoose\lib\schematype.js:1362:15)
    at SchemaString.castForQuery (C:\Users\Administrator\Desktop\project2\server\node_modules\mongoose\lib\schema\string.js:609:15)
    at SchemaString.SchemaType.castForQueryWrapper (C:\Users\Administrator\Desktop\project2\server\node_modules\mongoose\lib\schematype.js:1331:15)
    at cast (C:\Users\Administrator\Desktop\project2\server\node_modules\mongoose\lib\cast.js:252:34)
    at model.Query.Query.cast (C:\Users\Administrator\Desktop\project2\server\node_modules\mongoose\lib\query.js:4576:12)
    at model.Query.Query._castConditions (C:\Users\Administrator\Desktop\project2\server\node_modules\mongoose\lib\query.js:1783:10)
    at model.Query.<anonymous> (C:\Users\Administrator\Desktop\project2\server\node_modules\mongoose\lib\query.js:2719:8)
    at model.Query._wrappedThunk [as _deleteMany] (C:\Users\Administrator\Desktop\project2\server\node_modules\mongoose\lib\helpers\query\wrapThunk.js:16:8)
    at C:\Users\Administrator\Desktop\project2\server\node_modules\kareem\index.js:369:33
    at processTicksAndRejections (internal/process/task_queues.js:82:9)
message: "Cast to string failed for value \"{ id: [ '4ae4e2e2c1df45308be5011a97aae537' ] }\" at path \"cid\" for model \"ShopList\""
name: "CastError"
stringValue: "\"{ id: [ '4ae4e2e2c1df45308be5011a97aae537' ] }\""
kind: "string"
value: {"id":["4ae4e2e2c1df45308be5011a97aae537"]}
path: "cid"
reason: undefined
model: undefined
pid: 3988
hostname: stu015

2019-07-23 18:51:22,055 ERROR 3988 [-/127.0.0.1/-/2ms POST /v1/deleteShop] nodejs.CastError: Cast to string failed for value "{
  id: [
    '4ae4e2e2c1df45308be5011a97aae537',
    '24afea564e5248b5a2bc59da95f09911'
  ]
}" at path "cid" for model "ShopList"
  id: [
    '4ae4e2e2c1df45308be5011a97aae537',
    '24afea564e5248b5a2bc59da95f09911'
  ]
}" at path "cid" for model "ShopList"
    at new CastError (C:\Users\Administrator\Desktop\project2\server\node_modules\mongoose\lib\error\cast.js:29:11)
    at SchemaString.cast (C:\Users\Administrator\Desktop\project2\server\node_modules\mongoose\lib\schema\string.js:553:11)
    at SchemaString.SchemaType.applySetters (C:\Users\Administrator\Desktop\project2\server\node_modules\mongoose\lib\schematype.js:948:12)
    at SchemaString.SchemaType._castForQuery (C:\Users\Administrator\Desktop\project2\server\node_modules\mongoose\lib\schematype.js:1362:15)
    at SchemaString.castForQuery (C:\Users\Administrator\Desktop\project2\server\node_modules\mongoose\lib\schema\string.js:609:15)
    at SchemaString.SchemaType.castForQueryWrapper (C:\Users\Administrator\Desktop\project2\server\node_modules\mongoose\lib\schematype.js:1331:15)
    at cast (C:\Users\Administrator\Desktop\project2\server\node_modules\mongoose\lib\cast.js:252:34)
    at model.Query.Query.cast (C:\Users\Administrator\Desktop\project2\server\node_modules\mongoose\lib\query.js:4576:12)
    at model.Query.Query._castConditions (C:\Users\Administrator\Desktop\project2\server\node_modules\mongoose\lib\query.js:1783:10)
    at model.Query.<anonymous> (C:\Users\Administrator\Desktop\project2\server\node_modules\mongoose\lib\query.js:2719:8)
    at model.Query._wrappedThunk [as _deleteMany] (C:\Users\Administrator\Desktop\project2\server\node_modules\mongoose\lib\helpers\query\wrapThunk.js:16:8)
    at C:\Users\Administrator\Desktop\project2\server\node_modules\kareem\index.js:369:33
    at processTicksAndRejections (internal/process/task_queues.js:82:9)
message: "Cast to string failed for value \"{\n  id: [\n    '4ae4e2e2c1df45308be5011a97aae537',\n    '24afea564e5248b5a2bc59da95f09911'\n  ]\n}\" at path \"cid\" for model \"ShopList\""
name: "CastError"
stringValue: "\"{\n  id: [\n    '4ae4e2e2c1df45308be5011a97aae537',\n    '24afea564e5248b5a2bc59da95f09911'\n  ]\n}\""
kind: "string"
value: {"id":["4ae4e2e2c1df45308be5011a97aae537","24afea564e5248b5a2bc59da95f09911"]}
path: "cid"
reason: undefined
model: undefined
pid: 3988
hostname: stu015

2019-07-23 18:52:01,879 ERROR 3988 [-/127.0.0.1/-/1ms POST /v1/deleteShop] nodejs.CastError: Cast to string failed for value "{
  id: [
    '4ae4e2e2c1df45308be5011a97aae537',
    '24afea564e5248b5a2bc59da95f09911'
  ]
}" at path "cid" for model "ShopList"
  id: [
    '4ae4e2e2c1df45308be5011a97aae537',
    '24afea564e5248b5a2bc59da95f09911'
  ]
}" at path "cid" for model "ShopList"
    at new CastError (C:\Users\Administrator\Desktop\project2\server\node_modules\mongoose\lib\error\cast.js:29:11)
    at SchemaString.cast (C:\Users\Administrator\Desktop\project2\server\node_modules\mongoose\lib\schema\string.js:553:11)
    at SchemaString.SchemaType.applySetters (C:\Users\Administrator\Desktop\project2\server\node_modules\mongoose\lib\schematype.js:948:12)
    at SchemaString.SchemaType._castForQuery (C:\Users\Administrator\Desktop\project2\server\node_modules\mongoose\lib\schematype.js:1362:15)
    at SchemaString.castForQuery (C:\Users\Administrator\Desktop\project2\server\node_modules\mongoose\lib\schema\string.js:609:15)
    at SchemaString.SchemaType.castForQueryWrapper (C:\Users\Administrator\Desktop\project2\server\node_modules\mongoose\lib\schematype.js:1331:15)
    at cast (C:\Users\Administrator\Desktop\project2\server\node_modules\mongoose\lib\cast.js:252:34)
    at model.Query.Query.cast (C:\Users\Administrator\Desktop\project2\server\node_modules\mongoose\lib\query.js:4576:12)
    at model.Query.Query._castConditions (C:\Users\Administrator\Desktop\project2\server\node_modules\mongoose\lib\query.js:1783:10)
    at model.Query.<anonymous> (C:\Users\Administrator\Desktop\project2\server\node_modules\mongoose\lib\query.js:2719:8)
    at model.Query._wrappedThunk [as _deleteMany] (C:\Users\Administrator\Desktop\project2\server\node_modules\mongoose\lib\helpers\query\wrapThunk.js:16:8)
    at C:\Users\Administrator\Desktop\project2\server\node_modules\kareem\index.js:369:33
    at processTicksAndRejections (internal/process/task_queues.js:82:9)
message: "Cast to string failed for value \"{\n  id: [\n    '4ae4e2e2c1df45308be5011a97aae537',\n    '24afea564e5248b5a2bc59da95f09911'\n  ]\n}\" at path \"cid\" for model \"ShopList\""
name: "CastError"
stringValue: "\"{\n  id: [\n    '4ae4e2e2c1df45308be5011a97aae537',\n    '24afea564e5248b5a2bc59da95f09911'\n  ]\n}\""
kind: "string"
value: {"id":["4ae4e2e2c1df45308be5011a97aae537","24afea564e5248b5a2bc59da95f09911"]}
path: "cid"
reason: undefined
model: undefined
pid: 3988
hostname: stu015

2019-07-23 18:52:01,884 ERROR 3988 [-/127.0.0.1/-/2ms POST /v1/deleteShop] nodejs.CastError: Cast to string failed for value "{
  id: [
    '4ae4e2e2c1df45308be5011a97aae537',
    '24afea564e5248b5a2bc59da95f09911'
  ]
}" at path "cid" for model "ShopList"
  id: [
    '4ae4e2e2c1df45308be5011a97aae537',
    '24afea564e5248b5a2bc59da95f09911'
  ]
}" at path "cid" for model "ShopList"
    at new CastError (C:\Users\Administrator\Desktop\project2\server\node_modules\mongoose\lib\error\cast.js:29:11)
    at SchemaString.cast (C:\Users\Administrator\Desktop\project2\server\node_modules\mongoose\lib\schema\string.js:553:11)
    at SchemaString.SchemaType.applySetters (C:\Users\Administrator\Desktop\project2\server\node_modules\mongoose\lib\schematype.js:948:12)
    at SchemaString.SchemaType._castForQuery (C:\Users\Administrator\Desktop\project2\server\node_modules\mongoose\lib\schematype.js:1362:15)
    at SchemaString.castForQuery (C:\Users\Administrator\Desktop\project2\server\node_modules\mongoose\lib\schema\string.js:609:15)
    at SchemaString.SchemaType.castForQueryWrapper (C:\Users\Administrator\Desktop\project2\server\node_modules\mongoose\lib\schematype.js:1331:15)
    at cast (C:\Users\Administrator\Desktop\project2\server\node_modules\mongoose\lib\cast.js:252:34)
    at model.Query.Query.cast (C:\Users\Administrator\Desktop\project2\server\node_modules\mongoose\lib\query.js:4576:12)
    at model.Query.Query._castConditions (C:\Users\Administrator\Desktop\project2\server\node_modules\mongoose\lib\query.js:1783:10)
    at model.Query.<anonymous> (C:\Users\Administrator\Desktop\project2\server\node_modules\mongoose\lib\query.js:2719:8)
    at model.Query._wrappedThunk [as _deleteMany] (C:\Users\Administrator\Desktop\project2\server\node_modules\mongoose\lib\helpers\query\wrapThunk.js:16:8)
    at C:\Users\Administrator\Desktop\project2\server\node_modules\kareem\index.js:369:33
    at processTicksAndRejections (internal/process/task_queues.js:82:9)
message: "Cast to string failed for value \"{\n  id: [\n    '4ae4e2e2c1df45308be5011a97aae537',\n    '24afea564e5248b5a2bc59da95f09911'\n  ]\n}\" at path \"cid\" for model \"ShopList\""
name: "CastError"
stringValue: "\"{\n  id: [\n    '4ae4e2e2c1df45308be5011a97aae537',\n    '24afea564e5248b5a2bc59da95f09911'\n  ]\n}\""
kind: "string"
value: {"id":["4ae4e2e2c1df45308be5011a97aae537","24afea564e5248b5a2bc59da95f09911"]}
path: "cid"
reason: undefined
model: undefined
pid: 3988
hostname: stu015

2019-07-23 18:53:51,926 ERROR 3988 [-/127.0.0.1/-/2ms POST /v1/deleteShop] nodejs.CastError: Cast to string failed for value "{
  id: [
    '4ae4e2e2c1df45308be5011a97aae537',
    '24afea564e5248b5a2bc59da95f09911'
  ]
}" at path "cid" for model "ShopList"
  id: [
    '4ae4e2e2c1df45308be5011a97aae537',
    '24afea564e5248b5a2bc59da95f09911'
  ]
}" at path "cid" for model "ShopList"
    at new CastError (C:\Users\Administrator\Desktop\project2\server\node_modules\mongoose\lib\error\cast.js:29:11)
    at SchemaString.cast (C:\Users\Administrator\Desktop\project2\server\node_modules\mongoose\lib\schema\string.js:553:11)
    at SchemaString.SchemaType.applySetters (C:\Users\Administrator\Desktop\project2\server\node_modules\mongoose\lib\schematype.js:948:12)
    at SchemaString.SchemaType._castForQuery (C:\Users\Administrator\Desktop\project2\server\node_modules\mongoose\lib\schematype.js:1362:15)
    at SchemaString.castForQuery (C:\Users\Administrator\Desktop\project2\server\node_modules\mongoose\lib\schema\string.js:609:15)
    at SchemaString.SchemaType.castForQueryWrapper (C:\Users\Administrator\Desktop\project2\server\node_modules\mongoose\lib\schematype.js:1331:15)
    at cast (C:\Users\Administrator\Desktop\project2\server\node_modules\mongoose\lib\cast.js:252:34)
    at model.Query.Query.cast (C:\Users\Administrator\Desktop\project2\server\node_modules\mongoose\lib\query.js:4576:12)
    at model.Query.Query._castConditions (C:\Users\Administrator\Desktop\project2\server\node_modules\mongoose\lib\query.js:1783:10)
    at model.Query.<anonymous> (C:\Users\Administrator\Desktop\project2\server\node_modules\mongoose\lib\query.js:2719:8)
    at model.Query._wrappedThunk [as _deleteMany] (C:\Users\Administrator\Desktop\project2\server\node_modules\mongoose\lib\helpers\query\wrapThunk.js:16:8)
    at C:\Users\Administrator\Desktop\project2\server\node_modules\kareem\index.js:369:33
    at processTicksAndRejections (internal/process/task_queues.js:82:9)
message: "Cast to string failed for value \"{\n  id: [\n    '4ae4e2e2c1df45308be5011a97aae537',\n    '24afea564e5248b5a2bc59da95f09911'\n  ]\n}\" at path \"cid\" for model \"ShopList\""
name: "CastError"
stringValue: "\"{\n  id: [\n    '4ae4e2e2c1df45308be5011a97aae537',\n    '24afea564e5248b5a2bc59da95f09911'\n  ]\n}\""
kind: "string"
value: {"id":["4ae4e2e2c1df45308be5011a97aae537","24afea564e5248b5a2bc59da95f09911"]}
path: "cid"
reason: undefined
model: undefined
pid: 3988
hostname: stu015

