2019-04-26 21:53:24,588 INFO 12066 [egg:logger] init all loggers with options: {"dir":"/Users/lp1/Downloads/Vue-shopping-master/egg/logs/server","encoding":"utf8","env":"local","level":"INFO","consoleLevel":"INFO","disableConsoleAfterReady":false,"outputJSON":false,"buffer":true,"appLogName":"server-web.log","coreLogName":"egg-web.log","agentLogName":"egg-agent.log","errorLogName":"common-error.log","coreLogger":{"consoleLevel":"WARN"},"allowDebugAtProd":false,"type":"application"}
2019-04-26 21:53:24,620 INFO 12066 [egg-multipart] stream mode enable
2019-04-26 21:53:24,844 INFO 12066 [egg-mongoose] connecting mongodb://127.0.0.1/shoppingMall
2019-04-26 21:53:25,038 INFO 12066 [egg-static] starting static serve /public/ -> /Users/lp1/Downloads/Vue-shopping-master/egg/app/public
2019-04-26 21:53:25,040 INFO 12066 [egg-security] use methodnoallow middleware
2019-04-26 21:53:25,040 INFO 12066 [egg-security] use noopen middleware
2019-04-26 21:53:25,041 INFO 12066 [egg-security] use nosniff middleware
2019-04-26 21:53:25,041 INFO 12066 [egg-security] use xssProtection middleware
2019-04-26 21:53:25,041 INFO 12066 [egg-security] use xframe middleware
2019-04-26 21:53:25,042 INFO 12066 [egg-security] use dta middleware
2019-04-26 21:53:25,042 INFO 12066 [egg-security] compose 6 middlewares into one security middleware
2019-04-26 21:53:25,054 INFO 12066 [egg:core] dump config after load, 4ms
2019-04-26 21:53:25,056 INFO 12066 [egg-mongoose] starting...
2019-04-26 21:53:25,103 INFO 12066 [egg-watcher:application] watcher start success
2019-04-26 21:53:25,106 INFO 12066 [egg-mongoose] mongodb://127.0.0.1/shoppingMall connected successfully
2019-04-26 21:53:25,113 INFO 12066 [egg-mongoose] instance[0] start successfully
2019-04-26 21:53:25,122 INFO 12066 [egg:core] dump config after ready, 7ms
2019-04-27 08:36:27,825 INFO 6732 [egg:logger] init all loggers with options: {"dir":"C:\\Users\\Administrator\\Desktop\\shop\\server\\logs\\server","encoding":"utf8","env":"local","level":"INFO","consoleLevel":"INFO","disableConsoleAfterReady":false,"outputJSON":false,"buffer":true,"appLogName":"server-web.log","coreLogName":"egg-web.log","agentLogName":"egg-agent.log","errorLogName":"common-error.log","coreLogger":{"consoleLevel":"WARN"},"allowDebugAtProd":false,"type":"application"}
2019-04-27 08:36:27,870 INFO 6732 [egg-multipart] stream mode enable
2019-04-27 08:36:28,159 INFO 6732 [egg-mongoose] connecting mongodb://127.0.0.1/shoppingMall
2019-04-27 08:36:28,444 INFO 6732 [egg-static] starting static serve /public/ -> C:\Users\Administrator\Desktop\shop\server\app\public
2019-04-27 08:36:28,447 INFO 6732 [egg-security] use methodnoallow middleware
2019-04-27 08:36:28,448 INFO 6732 [egg-security] use noopen middleware
2019-04-27 08:36:28,449 INFO 6732 [egg-security] use nosniff middleware
2019-04-27 08:36:28,449 INFO 6732 [egg-security] use xssProtection middleware
2019-04-27 08:36:28,451 INFO 6732 [egg-security] use xframe middleware
2019-04-27 08:36:28,452 INFO 6732 [egg-security] use dta middleware
2019-04-27 08:36:28,452 INFO 6732 [egg-security] compose 6 middlewares into one security middleware
2019-04-27 08:36:28,472 INFO 6732 [egg:core] dump config after load, 5ms
2019-04-27 08:36:28,475 INFO 6732 [egg-mongoose] starting...
2019-04-27 08:36:28,514 INFO 6732 [egg-mongoose] mongodb://127.0.0.1/shoppingMall connected successfully
2019-04-27 08:36:28,522 INFO 6732 [egg-mongoose] instance[0] start successfully
2019-04-27 08:36:28,524 INFO 6732 [egg-watcher:application] watcher start success
2019-04-27 08:36:28,531 INFO 6732 [egg:core] dump config after ready, 6ms
2019-04-27 10:25:49,253 INFO 3124 [egg:logger] init all loggers with options: {"dir":"C:\\Users\\Administrator\\Desktop\\shop\\server\\logs\\server","encoding":"utf8","env":"local","level":"INFO","consoleLevel":"INFO","disableConsoleAfterReady":false,"outputJSON":false,"buffer":true,"appLogName":"server-web.log","coreLogName":"egg-web.log","agentLogName":"egg-agent.log","errorLogName":"common-error.log","coreLogger":{"consoleLevel":"WARN"},"allowDebugAtProd":false,"type":"application"}
2019-04-27 10:25:49,290 INFO 3124 [egg-multipart] stream mode enable
2019-04-27 10:25:49,771 INFO 3124 [egg-mongoose] connecting mongodb://127.0.0.1/shoppingMall
2019-04-27 10:25:50,103 INFO 3124 [egg-static] starting static serve /public/ -> C:\Users\Administrator\Desktop\shop\server\app\public
2019-04-27 10:25:50,106 INFO 3124 [egg-security] use methodnoallow middleware
2019-04-27 10:25:50,106 INFO 3124 [egg-security] use noopen middleware
2019-04-27 10:25:50,107 INFO 3124 [egg-security] use nosniff middleware
2019-04-27 10:25:50,108 INFO 3124 [egg-security] use xssProtection middleware
2019-04-27 10:25:50,109 INFO 3124 [egg-security] use xframe middleware
2019-04-27 10:25:50,110 INFO 3124 [egg-security] use dta middleware
2019-04-27 10:25:50,110 INFO 3124 [egg-security] compose 6 middlewares into one security middleware
2019-04-27 10:25:50,132 INFO 3124 [egg:core] dump config after load, 8ms
2019-04-27 10:25:50,136 INFO 3124 [egg-mongoose] starting...
2019-04-27 10:25:50,176 INFO 3124 [egg-mongoose] mongodb://127.0.0.1/shoppingMall connected successfully
2019-04-27 10:25:50,183 INFO 3124 [egg-mongoose] instance[0] start successfully
2019-04-27 10:25:50,188 INFO 3124 [egg-watcher:application] watcher start success
2019-04-27 10:25:50,198 INFO 3124 [egg:core] dump config after ready, 8ms
2019-04-30 13:56:42,538 INFO 7004 [egg:logger] init all loggers with options: {"dir":"C:\\Users\\Administrator\\Desktop\\shop\\server\\logs\\server","encoding":"utf8","env":"local","level":"INFO","consoleLevel":"INFO","disableConsoleAfterReady":false,"outputJSON":false,"buffer":true,"appLogName":"server-web.log","coreLogName":"egg-web.log","agentLogName":"egg-agent.log","errorLogName":"common-error.log","coreLogger":{"consoleLevel":"WARN"},"allowDebugAtProd":false,"type":"application"}
2019-04-30 13:56:42,574 INFO 7004 [egg-multipart] stream mode enable
2019-04-30 13:56:42,879 INFO 7004 [egg-mongoose] connecting mongodb://127.0.0.1/shoppingMall
2019-04-30 13:56:43,116 INFO 7004 [egg-static] starting static serve /public/ -> C:\Users\Administrator\Desktop\shop\server\app\public
2019-04-30 13:56:43,119 INFO 7004 [egg-security] use methodnoallow middleware
2019-04-30 13:56:43,119 INFO 7004 [egg-security] use noopen middleware
2019-04-30 13:56:43,120 INFO 7004 [egg-security] use nosniff middleware
2019-04-30 13:56:43,121 INFO 7004 [egg-security] use xssProtection middleware
2019-04-30 13:56:43,121 INFO 7004 [egg-security] use xframe middleware
2019-04-30 13:56:43,121 INFO 7004 [egg-security] use dta middleware
2019-04-30 13:56:43,121 INFO 7004 [egg-security] compose 6 middlewares into one security middleware
2019-04-30 13:56:43,339 INFO 7004 [egg:core] dump config after load, 25ms
2019-04-30 13:56:43,347 INFO 7004 [egg-mongoose] starting...
2019-04-30 13:56:43,402 INFO 7004 [egg-watcher:application] watcher start success
2019-04-30 13:56:43,517 INFO 7004 [egg-mongoose] mongodb://127.0.0.1/shoppingMall connected successfully
2019-04-30 13:56:43,538 INFO 7004 [egg-mongoose] instance[0] start successfully
2019-04-30 13:56:43,555 INFO 7004 [egg:core] dump config after ready, 12ms
2019-04-30 14:03:27,941 INFO 1108 [egg:logger] init all loggers with options: {"dir":"C:\\Users\\Administrator\\Desktop\\shop\\server\\logs\\server","encoding":"utf8","env":"local","level":"INFO","consoleLevel":"INFO","disableConsoleAfterReady":false,"outputJSON":false,"buffer":true,"appLogName":"server-web.log","coreLogName":"egg-web.log","agentLogName":"egg-agent.log","errorLogName":"common-error.log","coreLogger":{"consoleLevel":"WARN"},"allowDebugAtProd":false,"type":"application"}
2019-04-30 14:03:27,982 INFO 1108 [egg-multipart] stream mode enable
2019-04-30 14:03:28,494 INFO 1108 [egg-mongoose] connecting mongodb://127.0.0.1/shoppingMall
2019-04-30 14:03:28,868 INFO 1108 [egg-static] starting static serve /public/ -> C:\Users\Administrator\Desktop\shop\server\app\public
2019-04-30 14:03:28,871 INFO 1108 [egg-security] use methodnoallow middleware
2019-04-30 14:03:28,872 INFO 1108 [egg-security] use noopen middleware
2019-04-30 14:03:28,873 INFO 1108 [egg-security] use nosniff middleware
2019-04-30 14:03:28,874 INFO 1108 [egg-security] use xssProtection middleware
2019-04-30 14:03:28,875 INFO 1108 [egg-security] use xframe middleware
2019-04-30 14:03:28,875 INFO 1108 [egg-security] use dta middleware
2019-04-30 14:03:28,875 INFO 1108 [egg-security] compose 6 middlewares into one security middleware
2019-04-30 14:03:28,898 INFO 1108 [egg:core] dump config after load, 5ms
2019-04-30 14:03:28,901 INFO 1108 [egg-mongoose] starting...
2019-04-30 14:03:28,938 INFO 1108 [egg-mongoose] mongodb://127.0.0.1/shoppingMall connected successfully
2019-04-30 14:03:28,945 INFO 1108 [egg-mongoose] instance[0] start successfully
2019-04-30 14:03:28,948 INFO 1108 [egg-watcher:application] watcher start success
2019-04-30 14:03:28,958 INFO 1108 [egg:core] dump config after ready, 7ms
2019-04-30 15:00:05,761 INFO 6380 [egg:logger] init all loggers with options: {"dir":"C:\\Users\\Administrator\\Desktop\\shop\\server\\logs\\server","encoding":"utf8","env":"local","level":"INFO","consoleLevel":"INFO","disableConsoleAfterReady":false,"outputJSON":false,"buffer":true,"appLogName":"server-web.log","coreLogName":"egg-web.log","agentLogName":"egg-agent.log","errorLogName":"common-error.log","coreLogger":{"consoleLevel":"WARN"},"allowDebugAtProd":false,"type":"application"}
2019-04-30 15:00:05,801 INFO 6380 [egg-multipart] stream mode enable
2019-04-30 15:00:06,250 INFO 6380 [egg-mongoose] connecting mongodb://127.0.0.1/shoppingMall
2019-04-30 15:00:06,600 INFO 6380 [egg-static] starting static serve /public/ -> C:\Users\Administrator\Desktop\shop\server\app\public
2019-04-30 15:00:06,603 INFO 6380 [egg-security] use methodnoallow middleware
2019-04-30 15:00:06,603 INFO 6380 [egg-security] use noopen middleware
2019-04-30 15:00:06,604 INFO 6380 [egg-security] use nosniff middleware
2019-04-30 15:00:06,605 INFO 6380 [egg-security] use xssProtection middleware
2019-04-30 15:00:06,605 INFO 6380 [egg-security] use xframe middleware
2019-04-30 15:00:06,606 INFO 6380 [egg-security] use dta middleware
2019-04-30 15:00:06,606 INFO 6380 [egg-security] compose 6 middlewares into one security middleware
2019-04-30 15:00:06,632 INFO 6380 [egg:core] dump config after load, 6ms
2019-04-30 15:00:06,635 INFO 6380 [egg-mongoose] starting...
2019-04-30 15:00:06,674 INFO 6380 [egg-mongoose] mongodb://127.0.0.1/shoppingMall connected successfully
2019-04-30 15:00:06,681 INFO 6380 [egg-mongoose] instance[0] start successfully
2019-04-30 15:00:06,686 INFO 6380 [egg-watcher:application] watcher start success
2019-04-30 15:00:06,693 INFO 6380 [egg:core] dump config after ready, 5ms
2019-04-30 15:01:10,396 INFO 6940 [egg:logger] init all loggers with options: {"dir":"C:\\Users\\Administrator\\Desktop\\shop\\server\\logs\\server","encoding":"utf8","env":"local","level":"INFO","consoleLevel":"INFO","disableConsoleAfterReady":false,"outputJSON":false,"buffer":true,"appLogName":"server-web.log","coreLogName":"egg-web.log","agentLogName":"egg-agent.log","errorLogName":"common-error.log","coreLogger":{"consoleLevel":"WARN"},"allowDebugAtProd":false,"type":"application"}
2019-04-30 15:01:10,434 INFO 6940 [egg-multipart] stream mode enable
2019-04-30 15:01:10,738 INFO 6940 [egg-mongoose] connecting mongodb://127.0.0.1/shoppingMall
2019-04-30 15:01:11,030 INFO 6940 [egg-static] starting static serve /public/ -> C:\Users\Administrator\Desktop\shop\server\app\public
2019-04-30 15:01:11,033 INFO 6940 [egg-security] use methodnoallow middleware
2019-04-30 15:01:11,034 INFO 6940 [egg-security] use noopen middleware
2019-04-30 15:01:11,035 INFO 6940 [egg-security] use nosniff middleware
2019-04-30 15:01:11,036 INFO 6940 [egg-security] use xssProtection middleware
2019-04-30 15:01:11,036 INFO 6940 [egg-security] use xframe middleware
2019-04-30 15:01:11,037 INFO 6940 [egg-security] use dta middleware
2019-04-30 15:01:11,037 INFO 6940 [egg-security] compose 6 middlewares into one security middleware
2019-04-30 15:01:11,070 INFO 6940 [egg:core] dump config after load, 8ms
2019-04-30 15:01:11,073 INFO 6940 [egg-mongoose] starting...
2019-04-30 15:01:11,119 INFO 6940 [egg-mongoose] mongodb://127.0.0.1/shoppingMall connected successfully
2019-04-30 15:01:11,127 INFO 6940 [egg-mongoose] instance[0] start successfully
2019-04-30 15:01:11,132 INFO 6940 [egg-watcher:application] watcher start success
2019-04-30 15:01:11,141 INFO 6940 [egg:core] dump config after ready, 7ms
2019-04-30 15:10:23,263 INFO 1588 [egg:logger] init all loggers with options: {"dir":"C:\\Users\\Administrator\\Desktop\\shop\\server\\logs\\server","encoding":"utf8","env":"local","level":"INFO","consoleLevel":"INFO","disableConsoleAfterReady":false,"outputJSON":false,"buffer":true,"appLogName":"server-web.log","coreLogName":"egg-web.log","agentLogName":"egg-agent.log","errorLogName":"common-error.log","coreLogger":{"consoleLevel":"WARN"},"allowDebugAtProd":false,"type":"application"}
2019-04-30 15:10:23,301 INFO 1588 [egg-multipart] stream mode enable
2019-04-30 15:10:23,661 INFO 1588 [egg-mongoose] connecting mongodb://127.0.0.1/shoppingMall
2019-04-30 15:10:23,886 INFO 1588 [egg-static] starting static serve /public/ -> C:\Users\Administrator\Desktop\shop\server\app\public
2019-04-30 15:10:23,888 INFO 1588 [egg-security] use methodnoallow middleware
2019-04-30 15:10:23,889 INFO 1588 [egg-security] use noopen middleware
2019-04-30 15:10:23,890 INFO 1588 [egg-security] use nosniff middleware
2019-04-30 15:10:23,890 INFO 1588 [egg-security] use xssProtection middleware
2019-04-30 15:10:23,891 INFO 1588 [egg-security] use xframe middleware
2019-04-30 15:10:23,891 INFO 1588 [egg-security] use dta middleware
2019-04-30 15:10:23,891 INFO 1588 [egg-security] compose 6 middlewares into one security middleware
2019-04-30 15:10:23,915 INFO 1588 [egg:core] dump config after load, 6ms
2019-04-30 15:10:23,918 INFO 1588 [egg-mongoose] starting...
2019-04-30 15:10:23,966 INFO 1588 [egg-mongoose] mongodb://127.0.0.1/shoppingMall connected successfully
2019-04-30 15:10:23,973 INFO 1588 [egg-mongoose] instance[0] start successfully
2019-04-30 15:10:23,975 INFO 1588 [egg-watcher:application] watcher start success
2019-04-30 15:10:23,985 INFO 1588 [egg:core] dump config after ready, 6ms
2019-04-30 16:00:34,873 INFO 2516 [egg:logger] init all loggers with options: {"dir":"C:\\Users\\Administrator\\Desktop\\shop\\server\\logs\\server","encoding":"utf8","env":"local","level":"INFO","consoleLevel":"INFO","disableConsoleAfterReady":false,"outputJSON":false,"buffer":true,"appLogName":"server-web.log","coreLogName":"egg-web.log","agentLogName":"egg-agent.log","errorLogName":"common-error.log","coreLogger":{"consoleLevel":"WARN"},"allowDebugAtProd":false,"type":"application"}
2019-04-30 16:00:34,907 INFO 2516 [egg-multipart] stream mode enable
2019-04-30 16:00:35,337 INFO 2516 [egg-mongoose] connecting mongodb://127.0.0.1/shoppingMall
2019-04-30 16:00:35,694 INFO 2516 [egg-static] starting static serve /public/ -> C:\Users\Administrator\Desktop\shop\server\app\public
2019-04-30 16:00:35,696 INFO 2516 [egg-security] use methodnoallow middleware
2019-04-30 16:00:35,697 INFO 2516 [egg-security] use noopen middleware
2019-04-30 16:00:35,698 INFO 2516 [egg-security] use nosniff middleware
2019-04-30 16:00:35,699 INFO 2516 [egg-security] use xssProtection middleware
2019-04-30 16:00:35,699 INFO 2516 [egg-security] use xframe middleware
2019-04-30 16:00:35,700 INFO 2516 [egg-security] use dta middleware
2019-04-30 16:00:35,700 INFO 2516 [egg-security] compose 6 middlewares into one security middleware
2019-04-30 16:00:35,724 INFO 2516 [egg:core] dump config after load, 6ms
2019-04-30 16:00:35,728 INFO 2516 [egg-mongoose] starting...
2019-04-30 16:00:35,778 INFO 2516 [egg-mongoose] mongodb://127.0.0.1/shoppingMall connected successfully
2019-04-30 16:00:35,785 INFO 2516 [egg-mongoose] instance[0] start successfully
2019-04-30 16:00:35,787 INFO 2516 [egg-watcher:application] watcher start success
2019-04-30 16:00:35,797 INFO 2516 [egg:core] dump config after ready, 7ms
2019-04-30 16:27:58,964 INFO 1652 [egg:logger] init all loggers with options: {"dir":"C:\\Users\\Administrator\\Desktop\\shop\\server\\logs\\server","encoding":"utf8","env":"local","level":"INFO","consoleLevel":"INFO","disableConsoleAfterReady":false,"outputJSON":false,"buffer":true,"appLogName":"server-web.log","coreLogName":"egg-web.log","agentLogName":"egg-agent.log","errorLogName":"common-error.log","coreLogger":{"consoleLevel":"WARN"},"allowDebugAtProd":false,"type":"application"}
2019-04-30 16:27:59,004 INFO 1652 [egg-multipart] stream mode enable
2019-04-30 16:27:59,447 INFO 1652 [egg-mongoose] connecting mongodb://127.0.0.1/shoppingMall
2019-04-30 16:27:59,766 INFO 1652 [egg-static] starting static serve /public/ -> C:\Users\Administrator\Desktop\shop\server\app\public
2019-04-30 16:27:59,768 INFO 1652 [egg-security] use methodnoallow middleware
2019-04-30 16:27:59,769 INFO 1652 [egg-security] use noopen middleware
2019-04-30 16:27:59,770 INFO 1652 [egg-security] use nosniff middleware
2019-04-30 16:27:59,770 INFO 1652 [egg-security] use xssProtection middleware
2019-04-30 16:27:59,771 INFO 1652 [egg-security] use xframe middleware
2019-04-30 16:27:59,771 INFO 1652 [egg-security] use dta middleware
2019-04-30 16:27:59,771 INFO 1652 [egg-security] compose 6 middlewares into one security middleware
2019-04-30 16:27:59,791 INFO 1652 [egg:core] dump config after load, 7ms
2019-04-30 16:27:59,795 INFO 1652 [egg-mongoose] starting...
2019-04-30 16:27:59,855 INFO 1652 [egg-mongoose] mongodb://127.0.0.1/shoppingMall connected successfully
2019-04-30 16:27:59,867 INFO 1652 [egg-mongoose] instance[0] start successfully
2019-04-30 16:27:59,872 INFO 1652 [egg-watcher:application] watcher start success
2019-04-30 16:27:59,891 INFO 1652 [egg:core] dump config after ready, 17ms
2019-05-08 11:13:01,282 INFO 7920 [egg:logger] init all loggers with options: {"dir":"C:\\Users\\Administrator\\Desktop\\shop\\server\\logs\\server","encoding":"utf8","env":"local","level":"INFO","consoleLevel":"INFO","disableConsoleAfterReady":false,"outputJSON":false,"buffer":true,"appLogName":"server-web.log","coreLogName":"egg-web.log","agentLogName":"egg-agent.log","errorLogName":"common-error.log","coreLogger":{"consoleLevel":"WARN"},"allowDebugAtProd":false,"type":"application"}
2019-05-08 11:13:01,317 INFO 7920 [egg-multipart] stream mode enable
2019-05-08 11:13:01,786 INFO 7920 [egg-mongoose] connecting mongodb://127.0.0.1/shoppingMall
2019-05-08 11:13:02,170 INFO 7920 [egg-static] starting static serve /public/ -> C:\Users\Administrator\Desktop\shop\server\app\public
2019-05-08 11:13:02,173 INFO 7920 [egg-security] use methodnoallow middleware
2019-05-08 11:13:02,174 INFO 7920 [egg-security] use noopen middleware
2019-05-08 11:13:02,175 INFO 7920 [egg-security] use nosniff middleware
2019-05-08 11:13:02,176 INFO 7920 [egg-security] use xssProtection middleware
2019-05-08 11:13:02,176 INFO 7920 [egg-security] use xframe middleware
2019-05-08 11:13:02,177 INFO 7920 [egg-security] use dta middleware
2019-05-08 11:13:02,177 INFO 7920 [egg-security] compose 6 middlewares into one security middleware
2019-05-08 11:13:02,203 INFO 7920 [egg:core] dump config after load, 7ms
2019-05-08 11:13:02,205 INFO 7920 [egg-mongoose] starting...
2019-05-08 11:13:02,244 INFO 7920 [egg-mongoose] mongodb://127.0.0.1/shoppingMall connected successfully
2019-05-08 11:13:02,251 INFO 7920 [egg-mongoose] instance[0] start successfully
2019-05-08 11:13:02,253 INFO 7920 [egg-watcher:application] watcher start success
2019-05-08 11:13:02,265 INFO 7920 [egg:core] dump config after ready, 9ms
2019-05-08 16:19:35,343 INFO 6608 [egg:logger] init all loggers with options: {"dir":"C:\\Users\\Administrator\\Desktop\\shop\\server\\logs\\server","encoding":"utf8","env":"local","level":"INFO","consoleLevel":"INFO","disableConsoleAfterReady":false,"outputJSON":false,"buffer":true,"appLogName":"server-web.log","coreLogName":"egg-web.log","agentLogName":"egg-agent.log","errorLogName":"common-error.log","coreLogger":{"consoleLevel":"WARN"},"allowDebugAtProd":false,"type":"application"}
2019-05-08 16:19:35,395 INFO 6608 [egg-multipart] stream mode enable
2019-05-08 16:19:36,206 INFO 6608 [egg-mongoose] connecting mongodb://127.0.0.1/shoppingMall
2019-05-08 16:19:36,761 INFO 6608 [egg-static] starting static serve /public/ -> C:\Users\Administrator\Desktop\shop\server\app\public
2019-05-08 16:19:36,765 INFO 6608 [egg-security] use methodnoallow middleware
2019-05-08 16:19:36,765 INFO 6608 [egg-security] use noopen middleware
2019-05-08 16:19:36,767 INFO 6608 [egg-security] use nosniff middleware
2019-05-08 16:19:36,767 INFO 6608 [egg-security] use xssProtection middleware
2019-05-08 16:19:36,768 INFO 6608 [egg-security] use xframe middleware
2019-05-08 16:19:36,769 INFO 6608 [egg-security] use dta middleware
2019-05-08 16:19:36,769 INFO 6608 [egg-security] compose 6 middlewares into one security middleware
2019-05-08 16:19:36,812 INFO 6608 [egg:core] dump config after load, 17ms
2019-05-08 16:19:36,816 INFO 6608 [egg-mongoose] starting...
2019-05-08 16:19:36,882 INFO 6608 [egg-mongoose] mongodb://127.0.0.1/shoppingMall connected successfully
2019-05-08 16:19:36,894 INFO 6608 [egg-mongoose] instance[0] start successfully
2019-05-08 16:19:36,897 INFO 6608 [egg-watcher:application] watcher start success
2019-05-08 16:19:36,916 INFO 6608 [egg:core] dump config after ready, 14ms
2019-05-10 08:53:01,754 INFO 3636 [egg:logger] init all loggers with options: {"dir":"C:\\Users\\Administrator\\Desktop\\shop\\server\\logs\\server","encoding":"utf8","env":"local","level":"INFO","consoleLevel":"INFO","disableConsoleAfterReady":false,"outputJSON":false,"buffer":true,"appLogName":"server-web.log","coreLogName":"egg-web.log","agentLogName":"egg-agent.log","errorLogName":"common-error.log","coreLogger":{"consoleLevel":"WARN"},"allowDebugAtProd":false,"type":"application"}
2019-05-10 08:53:01,791 INFO 3636 [egg-multipart] stream mode enable
2019-05-10 08:53:02,221 INFO 3636 [egg-mongoose] connecting mongodb://127.0.0.1/shoppingMall
2019-05-10 08:53:02,558 INFO 3636 [egg-static] starting static serve /public/ -> C:\Users\Administrator\Desktop\shop\server\app\public
2019-05-10 08:53:02,566 INFO 3636 [egg-security] use methodnoallow middleware
2019-05-10 08:53:02,567 INFO 3636 [egg-security] use noopen middleware
2019-05-10 08:53:02,568 INFO 3636 [egg-security] use nosniff middleware
2019-05-10 08:53:02,569 INFO 3636 [egg-security] use xssProtection middleware
2019-05-10 08:53:02,569 INFO 3636 [egg-security] use xframe middleware
2019-05-10 08:53:02,570 INFO 3636 [egg-security] use dta middleware
2019-05-10 08:53:02,570 INFO 3636 [egg-security] compose 6 middlewares into one security middleware
2019-05-10 08:53:02,592 INFO 3636 [egg:core] dump config after load, 5ms
2019-05-10 08:53:02,596 INFO 3636 [egg-mongoose] starting...
2019-05-10 08:53:02,634 INFO 3636 [egg-watcher:application] watcher start success
2019-05-10 08:53:02,638 INFO 3636 [egg-mongoose] mongodb://127.0.0.1/shoppingMall connected successfully
2019-05-10 08:53:02,645 INFO 3636 [egg-mongoose] instance[0] start successfully
2019-05-10 08:53:02,651 INFO 3636 [egg:core] dump config after ready, 5ms
2019-05-10 08:53:17,447 INFO 7048 [egg:logger] init all loggers with options: {"dir":"C:\\Users\\Administrator\\Desktop\\shop\\server\\logs\\server","encoding":"utf8","env":"local","level":"INFO","consoleLevel":"INFO","disableConsoleAfterReady":false,"outputJSON":false,"buffer":true,"appLogName":"server-web.log","coreLogName":"egg-web.log","agentLogName":"egg-agent.log","errorLogName":"common-error.log","coreLogger":{"consoleLevel":"WARN"},"allowDebugAtProd":false,"type":"application"}
2019-05-10 08:53:17,484 INFO 7048 [egg-multipart] stream mode enable
2019-05-10 08:53:17,774 INFO 7048 [egg-mongoose] connecting mongodb://127.0.0.1/shoppingMall
2019-05-10 08:53:18,005 INFO 7048 [egg-static] starting static serve /public/ -> C:\Users\Administrator\Desktop\shop\server\app\public
2019-05-10 08:53:18,008 INFO 7048 [egg-security] use methodnoallow middleware
2019-05-10 08:53:18,008 INFO 7048 [egg-security] use noopen middleware
2019-05-10 08:53:18,009 INFO 7048 [egg-security] use nosniff middleware
2019-05-10 08:53:18,009 INFO 7048 [egg-security] use xssProtection middleware
2019-05-10 08:53:18,010 INFO 7048 [egg-security] use xframe middleware
2019-05-10 08:53:18,010 INFO 7048 [egg-security] use dta middleware
2019-05-10 08:53:18,010 INFO 7048 [egg-security] compose 6 middlewares into one security middleware
2019-05-10 08:53:18,028 INFO 7048 [egg:core] dump config after load, 6ms
2019-05-10 08:53:18,030 INFO 7048 [egg-mongoose] starting...
2019-05-10 08:53:18,066 INFO 7048 [egg-mongoose] mongodb://127.0.0.1/shoppingMall connected successfully
2019-05-10 08:53:18,073 INFO 7048 [egg-mongoose] instance[0] start successfully
2019-05-10 08:53:18,075 INFO 7048 [egg-watcher:application] watcher start success
2019-05-10 08:53:18,087 INFO 7048 [egg:core] dump config after ready, 6ms
2019-07-01 09:48:43,781 INFO 404 [egg:logger] init all loggers with options: {"dir":"C:\\Users\\Administrator\\Desktop\\vue商城项目\\server\\logs\\server","encoding":"utf8","env":"local","level":"INFO","consoleLevel":"INFO","disableConsoleAfterReady":false,"outputJSON":false,"buffer":true,"appLogName":"server-web.log","coreLogName":"egg-web.log","agentLogName":"egg-agent.log","errorLogName":"common-error.log","coreLogger":{"consoleLevel":"WARN"},"allowDebugAtProd":false,"type":"application"}
2019-07-01 09:48:43,808 INFO 404 [egg-multipart] stream mode enable
2019-07-01 09:48:44,102 INFO 404 [egg-mongoose] connecting mongodb://127.0.0.1/shoppingMall
2019-07-01 09:48:44,329 INFO 404 [egg-static] starting static serve /public/ -> C:\Users\Administrator\Desktop\vue商城项目\server\app\public
2019-07-01 09:48:44,332 INFO 404 [egg-security] use methodnoallow middleware
2019-07-01 09:48:44,333 INFO 404 [egg-security] use noopen middleware
2019-07-01 09:48:44,333 INFO 404 [egg-security] use nosniff middleware
2019-07-01 09:48:44,334 INFO 404 [egg-security] use xssProtection middleware
2019-07-01 09:48:44,335 INFO 404 [egg-security] use xframe middleware
2019-07-01 09:48:44,335 INFO 404 [egg-security] use dta middleware
2019-07-01 09:48:44,335 INFO 404 [egg-security] compose 6 middlewares into one security middleware
2019-07-01 09:48:44,360 INFO 404 [egg:core] dump config after load, 9ms
2019-07-01 09:48:44,363 INFO 404 [egg-mongoose] starting...
2019-07-01 09:48:44,412 INFO 404 [egg-mongoose] mongodb://127.0.0.1/shoppingMall connected successfully
2019-07-01 09:48:44,420 INFO 404 [egg-mongoose] instance[0] start successfully
2019-07-01 09:48:44,423 INFO 404 [egg-watcher:application] watcher start success
2019-07-01 09:48:44,436 INFO 404 [egg:core] dump config after ready, 11ms
2019-07-03 14:42:37,659 INFO 9404 [egg:logger] init all loggers with options: {"dir":"C:\\Users\\Administrator\\Desktop\\vue商城项目\\server\\logs\\server","encoding":"utf8","env":"local","level":"INFO","consoleLevel":"INFO","disableConsoleAfterReady":false,"outputJSON":false,"buffer":true,"appLogName":"server-web.log","coreLogName":"egg-web.log","agentLogName":"egg-agent.log","errorLogName":"common-error.log","coreLogger":{"consoleLevel":"WARN"},"allowDebugAtProd":false,"type":"application"}
2019-07-03 14:42:37,688 INFO 9404 [egg-multipart] stream mode enable
2019-07-03 14:42:38,256 INFO 9404 [egg-mongoose] connecting mongodb://127.0.0.1/shoppingMall
2019-07-03 14:42:38,818 INFO 9404 [egg-static] starting static serve /public/ -> C:\Users\Administrator\Desktop\vue商城项目\server\app\public
2019-07-03 14:42:38,824 INFO 9404 [egg-security] use methodnoallow middleware
2019-07-03 14:42:38,826 INFO 9404 [egg-security] use noopen middleware
2019-07-03 14:42:38,827 INFO 9404 [egg-security] use nosniff middleware
2019-07-03 14:42:38,829 INFO 9404 [egg-security] use xssProtection middleware
2019-07-03 14:42:38,829 INFO 9404 [egg-security] use xframe middleware
2019-07-03 14:42:38,831 INFO 9404 [egg-security] use dta middleware
2019-07-03 14:42:38,831 INFO 9404 [egg-security] compose 6 middlewares into one security middleware
2019-07-03 14:42:38,873 INFO 9404 [egg:core] dump config after load, 11ms
2019-07-03 14:42:38,882 INFO 9404 [egg-mongoose] starting...
2019-07-03 14:42:38,939 INFO 9404 [egg-mongoose] mongodb://127.0.0.1/shoppingMall connected successfully
2019-07-03 14:42:38,946 INFO 9404 [egg-mongoose] instance[0] start successfully
2019-07-03 14:42:38,949 INFO 9404 [egg-watcher:application] watcher start success
2019-07-03 14:42:38,962 INFO 9404 [egg:core] dump config after ready, 8ms
2019-07-03 15:24:23,550 INFO 10252 [egg:logger] init all loggers with options: {"dir":"C:\\Users\\Administrator\\Desktop\\vue商城项目\\server\\logs\\server","encoding":"utf8","env":"local","level":"INFO","consoleLevel":"INFO","disableConsoleAfterReady":false,"outputJSON":false,"buffer":true,"appLogName":"server-web.log","coreLogName":"egg-web.log","agentLogName":"egg-agent.log","errorLogName":"common-error.log","coreLogger":{"consoleLevel":"WARN"},"allowDebugAtProd":false,"type":"application"}
2019-07-03 15:24:23,579 INFO 10252 [egg-multipart] stream mode enable
2019-07-03 15:24:24,217 INFO 10252 [egg-mongoose] connecting mongodb://127.0.0.1/shoppingMall
2019-07-03 15:24:24,649 INFO 10252 [egg-static] starting static serve /public/ -> C:\Users\Administrator\Desktop\vue商城项目\server\app\public
2019-07-03 15:24:24,652 INFO 10252 [egg-security] use methodnoallow middleware
2019-07-03 15:24:24,653 INFO 10252 [egg-security] use noopen middleware
2019-07-03 15:24:24,654 INFO 10252 [egg-security] use nosniff middleware
2019-07-03 15:24:24,655 INFO 10252 [egg-security] use xssProtection middleware
2019-07-03 15:24:24,656 INFO 10252 [egg-security] use xframe middleware
2019-07-03 15:24:24,656 INFO 10252 [egg-security] use dta middleware
2019-07-03 15:24:24,656 INFO 10252 [egg-security] compose 6 middlewares into one security middleware
2019-07-03 15:24:24,684 INFO 10252 [egg:core] dump config after load, 7ms
2019-07-03 15:24:24,687 INFO 10252 [egg-mongoose] starting...
2019-07-03 15:24:24,727 INFO 10252 [egg-mongoose] mongodb://127.0.0.1/shoppingMall connected successfully
2019-07-03 15:24:24,735 INFO 10252 [egg-mongoose] instance[0] start successfully
2019-07-03 15:24:24,737 INFO 10252 [egg-watcher:application] watcher start success
2019-07-03 15:24:24,748 INFO 10252 [egg:core] dump config after ready, 7ms
2019-07-15 09:38:56,037 INFO 5404 [egg:logger] init all loggers with options: {"dir":"C:\\Users\\Administrator\\Desktop\\project2\\server\\logs\\server","encoding":"utf8","env":"local","level":"INFO","consoleLevel":"INFO","disableConsoleAfterReady":false,"outputJSON":false,"buffer":true,"appLogName":"server-web.log","coreLogName":"egg-web.log","agentLogName":"egg-agent.log","errorLogName":"common-error.log","coreLogger":{"consoleLevel":"WARN"},"allowDebugAtProd":false,"type":"application"}
2019-07-15 09:38:56,070 INFO 5404 [egg-multipart] stream mode enable
2019-07-15 09:38:56,557 INFO 5404 [egg-mongoose] connecting mongodb://127.0.0.1/shoppingMall
2019-07-15 09:38:56,955 INFO 5404 [egg-static] starting static serve /public/ -> C:\Users\Administrator\Desktop\project2\server\app\public
2019-07-15 09:38:56,958 INFO 5404 [egg-security] use methodnoallow middleware
2019-07-15 09:38:56,959 INFO 5404 [egg-security] use noopen middleware
2019-07-15 09:38:56,961 INFO 5404 [egg-security] use nosniff middleware
2019-07-15 09:38:56,962 INFO 5404 [egg-security] use xssProtection middleware
2019-07-15 09:38:56,962 INFO 5404 [egg-security] use xframe middleware
2019-07-15 09:38:56,963 INFO 5404 [egg-security] use dta middleware
2019-07-15 09:38:56,963 INFO 5404 [egg-security] compose 6 middlewares into one security middleware
2019-07-15 09:38:56,989 INFO 5404 [egg:core] dump config after load, 5ms
2019-07-15 09:38:56,992 INFO 5404 [egg-mongoose] starting...
2019-07-15 09:38:57,067 INFO 5404 [egg-watcher:application] watcher start success
2019-07-15 09:38:57,072 INFO 5404 [egg-mongoose] mongodb://127.0.0.1/shoppingMall connected successfully
2019-07-15 09:38:57,081 INFO 5404 [egg-mongoose] instance[0] start successfully
2019-07-15 09:38:57,109 INFO 5404 [egg:core] dump config after ready, 8ms
2019-07-15 09:42:27,736 INFO 6080 [egg:logger] init all loggers with options: {"dir":"C:\\Users\\Administrator\\Desktop\\project2\\server\\logs\\server","encoding":"utf8","env":"local","level":"INFO","consoleLevel":"INFO","disableConsoleAfterReady":false,"outputJSON":false,"buffer":true,"appLogName":"server-web.log","coreLogName":"egg-web.log","agentLogName":"egg-agent.log","errorLogName":"common-error.log","coreLogger":{"consoleLevel":"WARN"},"allowDebugAtProd":false,"type":"application"}
2019-07-15 09:42:27,768 INFO 6080 [egg-multipart] stream mode enable
2019-07-15 09:42:28,271 INFO 6080 [egg-mongoose] connecting mongodb://127.0.0.1/shoppingMall
2019-07-15 09:42:28,680 INFO 6080 [egg-static] starting static serve /public/ -> C:\Users\Administrator\Desktop\project2\server\app\public
2019-07-15 09:42:28,684 INFO 6080 [egg-security] use methodnoallow middleware
2019-07-15 09:42:28,684 INFO 6080 [egg-security] use noopen middleware
2019-07-15 09:42:28,686 INFO 6080 [egg-security] use nosniff middleware
2019-07-15 09:42:28,686 INFO 6080 [egg-security] use xssProtection middleware
2019-07-15 09:42:28,687 INFO 6080 [egg-security] use xframe middleware
2019-07-15 09:42:28,687 INFO 6080 [egg-security] use dta middleware
2019-07-15 09:42:28,687 INFO 6080 [egg-security] compose 6 middlewares into one security middleware
2019-07-15 09:42:28,713 INFO 6080 [egg:core] dump config after load, 6ms
2019-07-15 09:42:28,715 INFO 6080 [egg-mongoose] starting...
2019-07-15 09:42:28,769 INFO 6080 [egg-mongoose] mongodb://127.0.0.1/shoppingMall connected successfully
2019-07-15 09:42:28,784 INFO 6080 [egg-mongoose] instance[0] start successfully
2019-07-15 09:42:28,789 INFO 6080 [egg-watcher:application] watcher start success
2019-07-15 09:42:28,796 INFO 6080 [egg:core] dump config after ready, 6ms
2019-07-17 08:29:55,967 INFO 4412 [egg:logger] init all loggers with options: {"dir":"C:\\Users\\Administrator\\Desktop\\project2\\server\\logs\\server","encoding":"utf8","env":"local","level":"INFO","consoleLevel":"INFO","disableConsoleAfterReady":false,"outputJSON":false,"buffer":true,"appLogName":"server-web.log","coreLogName":"egg-web.log","agentLogName":"egg-agent.log","errorLogName":"common-error.log","coreLogger":{"consoleLevel":"WARN"},"allowDebugAtProd":false,"type":"application"}
2019-07-17 08:29:55,995 INFO 4412 [egg-multipart] stream mode enable
2019-07-17 08:29:56,536 INFO 4412 [egg-mongoose] connecting mongodb://127.0.0.1/shoppingMall
2019-07-17 08:29:56,942 INFO 4412 [egg-static] starting static serve /public/ -> C:\Users\Administrator\Desktop\project2\server\app\public
2019-07-17 08:29:56,945 INFO 4412 [egg-security] use methodnoallow middleware
2019-07-17 08:29:56,945 INFO 4412 [egg-security] use noopen middleware
2019-07-17 08:29:56,947 INFO 4412 [egg-security] use nosniff middleware
2019-07-17 08:29:56,948 INFO 4412 [egg-security] use xssProtection middleware
2019-07-17 08:29:56,948 INFO 4412 [egg-security] use xframe middleware
2019-07-17 08:29:56,949 INFO 4412 [egg-security] use dta middleware
2019-07-17 08:29:56,949 INFO 4412 [egg-security] compose 6 middlewares into one security middleware
2019-07-17 08:29:56,972 INFO 4412 [egg:core] dump config after load, 4ms
2019-07-17 08:29:56,975 INFO 4412 [egg-mongoose] starting...
2019-07-17 08:29:57,029 INFO 4412 [egg-mongoose] mongodb://127.0.0.1/shoppingMall connected successfully
2019-07-17 08:29:57,042 INFO 4412 [egg-mongoose] instance[0] start successfully
2019-07-17 08:29:57,043 INFO 4412 [egg-watcher:application] watcher start success
2019-07-17 08:29:57,052 INFO 4412 [egg:core] dump config after ready, 5ms
2019-07-17 18:37:14,750 INFO 6760 [egg:logger] init all loggers with options: {"dir":"C:\\Users\\Administrator\\Desktop\\project2\\server\\logs\\server","encoding":"utf8","env":"local","level":"INFO","consoleLevel":"INFO","disableConsoleAfterReady":false,"outputJSON":false,"buffer":true,"appLogName":"server-web.log","coreLogName":"egg-web.log","agentLogName":"egg-agent.log","errorLogName":"common-error.log","coreLogger":{"consoleLevel":"WARN"},"allowDebugAtProd":false,"type":"application"}
2019-07-17 18:37:14,782 INFO 6760 [egg-multipart] stream mode enable
2019-07-17 18:37:15,264 INFO 6760 [egg-mongoose] connecting mongodb://127.0.0.1/shoppingMall
2019-07-17 18:37:15,652 INFO 6760 [egg-static] starting static serve /public/ -> C:\Users\Administrator\Desktop\project2\server\app\public
2019-07-17 18:37:15,656 INFO 6760 [egg-security] use methodnoallow middleware
2019-07-17 18:37:15,656 INFO 6760 [egg-security] use noopen middleware
2019-07-17 18:37:15,658 INFO 6760 [egg-security] use nosniff middleware
2019-07-17 18:37:15,659 INFO 6760 [egg-security] use xssProtection middleware
2019-07-17 18:37:15,660 INFO 6760 [egg-security] use xframe middleware
2019-07-17 18:37:15,661 INFO 6760 [egg-security] use dta middleware
2019-07-17 18:37:15,661 INFO 6760 [egg-security] compose 6 middlewares into one security middleware
2019-07-17 18:37:15,690 INFO 6760 [egg:core] dump config after load, 5ms
2019-07-17 18:37:15,692 INFO 6760 [egg-mongoose] starting...
2019-07-17 18:37:15,751 INFO 6760 [egg-mongoose] mongodb://127.0.0.1/shoppingMall connected successfully
2019-07-17 18:37:15,765 INFO 6760 [egg-mongoose] instance[0] start successfully
2019-07-17 18:37:15,767 INFO 6760 [egg-watcher:application] watcher start success
2019-07-17 18:37:15,776 INFO 6760 [egg:core] dump config after ready, 6ms
2019-07-18 08:25:01,003 INFO 4184 [egg:logger] init all loggers with options: {"dir":"C:\\Users\\Administrator\\Desktop\\project2\\server\\logs\\server","encoding":"utf8","env":"local","level":"INFO","consoleLevel":"INFO","disableConsoleAfterReady":false,"outputJSON":false,"buffer":true,"appLogName":"server-web.log","coreLogName":"egg-web.log","agentLogName":"egg-agent.log","errorLogName":"common-error.log","coreLogger":{"consoleLevel":"WARN"},"allowDebugAtProd":false,"type":"application"}
2019-07-18 08:25:01,038 INFO 4184 [egg-multipart] stream mode enable
2019-07-18 08:25:01,574 INFO 4184 [egg-mongoose] connecting mongodb://127.0.0.1/shoppingMall
2019-07-18 08:25:01,992 INFO 4184 [egg-static] starting static serve /public/ -> C:\Users\Administrator\Desktop\project2\server\app\public
2019-07-18 08:25:01,996 INFO 4184 [egg-security] use methodnoallow middleware
2019-07-18 08:25:01,997 INFO 4184 [egg-security] use noopen middleware
2019-07-18 08:25:01,998 INFO 4184 [egg-security] use nosniff middleware
2019-07-18 08:25:01,999 INFO 4184 [egg-security] use xssProtection middleware
2019-07-18 08:25:02,000 INFO 4184 [egg-security] use xframe middleware
2019-07-18 08:25:02,000 INFO 4184 [egg-security] use dta middleware
2019-07-18 08:25:02,000 INFO 4184 [egg-security] compose 6 middlewares into one security middleware
2019-07-18 08:25:02,026 INFO 4184 [egg:core] dump config after load, 5ms
2019-07-18 08:25:02,028 INFO 4184 [egg-mongoose] starting...
2019-07-18 08:25:02,093 INFO 4184 [egg-mongoose] mongodb://127.0.0.1/shoppingMall connected successfully
2019-07-18 08:25:02,109 INFO 4184 [egg-mongoose] instance[0] start successfully
2019-07-18 08:25:02,112 INFO 4184 [egg-watcher:application] watcher start success
2019-07-18 08:25:02,124 INFO 4184 [egg:core] dump config after ready, 7ms
2019-07-19 08:25:57,407 INFO 2816 [egg:logger] init all loggers with options: {"dir":"C:\\Users\\Administrator\\Desktop\\project2\\server\\logs\\server","encoding":"utf8","env":"local","level":"INFO","consoleLevel":"INFO","disableConsoleAfterReady":false,"outputJSON":false,"buffer":true,"appLogName":"server-web.log","coreLogName":"egg-web.log","agentLogName":"egg-agent.log","errorLogName":"common-error.log","coreLogger":{"consoleLevel":"WARN"},"allowDebugAtProd":false,"type":"application"}
2019-07-19 08:25:57,436 INFO 2816 [egg-multipart] stream mode enable
2019-07-19 08:25:57,895 INFO 2816 [egg-mongoose] connecting mongodb://127.0.0.1/shoppingMall
2019-07-19 08:25:58,259 INFO 2816 [egg-static] starting static serve /public/ -> C:\Users\Administrator\Desktop\project2\server\app\public
2019-07-19 08:25:58,262 INFO 2816 [egg-security] use methodnoallow middleware
2019-07-19 08:25:58,262 INFO 2816 [egg-security] use noopen middleware
2019-07-19 08:25:58,264 INFO 2816 [egg-security] use nosniff middleware
2019-07-19 08:25:58,264 INFO 2816 [egg-security] use xssProtection middleware
2019-07-19 08:25:58,265 INFO 2816 [egg-security] use xframe middleware
2019-07-19 08:25:58,266 INFO 2816 [egg-security] use dta middleware
2019-07-19 08:25:58,266 INFO 2816 [egg-security] compose 6 middlewares into one security middleware
2019-07-19 08:25:58,287 INFO 2816 [egg:core] dump config after load, 5ms
2019-07-19 08:25:58,289 INFO 2816 [egg-mongoose] starting...
2019-07-19 08:25:58,349 INFO 2816 [egg-mongoose] mongodb://127.0.0.1/shoppingMall connected successfully
2019-07-19 08:25:58,356 INFO 2816 [egg-mongoose] instance[0] start successfully
2019-07-19 08:25:58,358 INFO 2816 [egg-watcher:application] watcher start success
2019-07-19 08:25:58,368 INFO 2816 [egg:core] dump config after ready, 6ms
2019-07-20 12:50:30,997 INFO 3492 [egg:logger] init all loggers with options: {"dir":"C:\\Users\\Administrator\\Desktop\\project2\\server\\logs\\server","encoding":"utf8","env":"local","level":"INFO","consoleLevel":"INFO","disableConsoleAfterReady":false,"outputJSON":false,"buffer":true,"appLogName":"server-web.log","coreLogName":"egg-web.log","agentLogName":"egg-agent.log","errorLogName":"common-error.log","coreLogger":{"consoleLevel":"WARN"},"allowDebugAtProd":false,"type":"application"}
2019-07-20 12:50:31,026 INFO 3492 [egg-multipart] stream mode enable
2019-07-20 12:50:31,539 INFO 3492 [egg-mongoose] connecting mongodb://127.0.0.1/shoppingMall
2019-07-20 12:50:32,518 INFO 3492 [egg-static] starting static serve /public/ -> C:\Users\Administrator\Desktop\project2\server\app\public
2019-07-20 12:50:32,527 INFO 3492 [egg-security] use methodnoallow middleware
2019-07-20 12:50:32,529 INFO 3492 [egg-security] use noopen middleware
2019-07-20 12:50:32,535 INFO 3492 [egg-security] use nosniff middleware
2019-07-20 12:50:32,537 INFO 3492 [egg-security] use xssProtection middleware
2019-07-20 12:50:32,537 INFO 3492 [egg-security] use xframe middleware
2019-07-20 12:50:32,538 INFO 3492 [egg-security] use dta middleware
2019-07-20 12:50:32,538 INFO 3492 [egg-security] compose 6 middlewares into one security middleware
2019-07-20 12:50:32,580 INFO 3492 [egg:core] dump config after load, 8ms
2019-07-20 12:50:32,584 INFO 3492 [egg-mongoose] starting...
2019-07-20 12:50:32,756 INFO 3492 [egg-watcher:application] watcher start success
2019-07-20 12:50:32,767 INFO 3492 [egg-mongoose] mongodb://127.0.0.1/shoppingMall connected successfully
2019-07-20 12:50:32,782 INFO 3492 [egg-mongoose] instance[0] start successfully
2019-07-20 12:50:32,794 INFO 3492 [egg:core] dump config after ready, 9ms
2019-07-22 08:30:06,620 INFO 4820 [egg:logger] init all loggers with options: {"dir":"C:\\Users\\Administrator\\Desktop\\project2\\server\\logs\\server","encoding":"utf8","env":"local","level":"INFO","consoleLevel":"INFO","disableConsoleAfterReady":false,"outputJSON":false,"buffer":true,"appLogName":"server-web.log","coreLogName":"egg-web.log","agentLogName":"egg-agent.log","errorLogName":"common-error.log","coreLogger":{"consoleLevel":"WARN"},"allowDebugAtProd":false,"type":"application"}
2019-07-22 08:30:06,649 INFO 4820 [egg-multipart] stream mode enable
2019-07-22 08:30:07,101 INFO 4820 [egg-mongoose] connecting mongodb://127.0.0.1/shoppingMall
2019-07-22 08:30:07,467 INFO 4820 [egg-static] starting static serve /public/ -> C:\Users\Administrator\Desktop\project2\server\app\public
2019-07-22 08:30:07,470 INFO 4820 [egg-security] use methodnoallow middleware
2019-07-22 08:30:07,471 INFO 4820 [egg-security] use noopen middleware
2019-07-22 08:30:07,472 INFO 4820 [egg-security] use nosniff middleware
2019-07-22 08:30:07,473 INFO 4820 [egg-security] use xssProtection middleware
2019-07-22 08:30:07,473 INFO 4820 [egg-security] use xframe middleware
2019-07-22 08:30:07,474 INFO 4820 [egg-security] use dta middleware
2019-07-22 08:30:07,474 INFO 4820 [egg-security] compose 6 middlewares into one security middleware
2019-07-22 08:30:07,496 INFO 4820 [egg:core] dump config after load, 4ms
2019-07-22 08:30:07,498 INFO 4820 [egg-mongoose] starting...
2019-07-22 08:30:07,555 INFO 4820 [egg-mongoose] mongodb://127.0.0.1/shoppingMall connected successfully
2019-07-22 08:30:07,562 INFO 4820 [egg-mongoose] instance[0] start successfully
2019-07-22 08:30:07,564 INFO 4820 [egg-watcher:application] watcher start success
2019-07-22 08:30:07,573 INFO 4820 [egg:core] dump config after ready, 5ms
2019-07-23 08:28:56,947 INFO 4796 [egg:logger] init all loggers with options: {"dir":"C:\\Users\\Administrator\\Desktop\\project2\\server\\logs\\server","encoding":"utf8","env":"local","level":"INFO","consoleLevel":"INFO","disableConsoleAfterReady":false,"outputJSON":false,"buffer":true,"appLogName":"server-web.log","coreLogName":"egg-web.log","agentLogName":"egg-agent.log","errorLogName":"common-error.log","coreLogger":{"consoleLevel":"WARN"},"allowDebugAtProd":false,"type":"application"}
2019-07-23 08:28:56,977 INFO 4796 [egg-multipart] stream mode enable
2019-07-23 08:28:57,414 INFO 4796 [egg-mongoose] connecting mongodb://127.0.0.1/shoppingMall
2019-07-23 08:28:57,780 INFO 4796 [egg-static] starting static serve /public/ -> C:\Users\Administrator\Desktop\project2\server\app\public
2019-07-23 08:28:57,783 INFO 4796 [egg-security] use methodnoallow middleware
2019-07-23 08:28:57,783 INFO 4796 [egg-security] use noopen middleware
2019-07-23 08:28:57,785 INFO 4796 [egg-security] use nosniff middleware
2019-07-23 08:28:57,785 INFO 4796 [egg-security] use xssProtection middleware
2019-07-23 08:28:57,786 INFO 4796 [egg-security] use xframe middleware
2019-07-23 08:28:57,787 INFO 4796 [egg-security] use dta middleware
2019-07-23 08:28:57,787 INFO 4796 [egg-security] compose 6 middlewares into one security middleware
2019-07-23 08:28:57,808 INFO 4796 [egg:core] dump config after load, 4ms
2019-07-23 08:28:57,810 INFO 4796 [egg-mongoose] starting...
2019-07-23 08:28:57,855 INFO 4796 [egg-mongoose] mongodb://127.0.0.1/shoppingMall connected successfully
2019-07-23 08:28:57,868 INFO 4796 [egg-mongoose] instance[0] start successfully
2019-07-23 08:28:57,871 INFO 4796 [egg-watcher:application] watcher start success
2019-07-23 08:28:57,886 INFO 4796 [egg:core] dump config after ready, 8ms
2019-07-23 13:59:13,187 INFO 3988 [egg:logger] init all loggers with options: {"dir":"C:\\Users\\Administrator\\Desktop\\project2\\server\\logs\\server","encoding":"utf8","env":"local","level":"INFO","consoleLevel":"INFO","disableConsoleAfterReady":false,"outputJSON":false,"buffer":true,"appLogName":"server-web.log","coreLogName":"egg-web.log","agentLogName":"egg-agent.log","errorLogName":"common-error.log","coreLogger":{"consoleLevel":"WARN"},"allowDebugAtProd":false,"type":"application"}
2019-07-23 13:59:13,222 INFO 3988 [egg-multipart] stream mode enable
2019-07-23 13:59:13,719 INFO 3988 [egg-mongoose] connecting mongodb://127.0.0.1/shoppingMall
2019-07-23 13:59:14,117 INFO 3988 [egg-static] starting static serve /public/ -> C:\Users\Administrator\Desktop\project2\server\app\public
2019-07-23 13:59:14,120 INFO 3988 [egg-security] use methodnoallow middleware
2019-07-23 13:59:14,121 INFO 3988 [egg-security] use noopen middleware
2019-07-23 13:59:14,122 INFO 3988 [egg-security] use nosniff middleware
2019-07-23 13:59:14,123 INFO 3988 [egg-security] use xssProtection middleware
2019-07-23 13:59:14,123 INFO 3988 [egg-security] use xframe middleware
2019-07-23 13:59:14,124 INFO 3988 [egg-security] use dta middleware
2019-07-23 13:59:14,124 INFO 3988 [egg-security] compose 6 middlewares into one security middleware
2019-07-23 13:59:14,150 INFO 3988 [egg:core] dump config after load, 6ms
2019-07-23 13:59:14,152 INFO 3988 [egg-mongoose] starting...
2019-07-23 13:59:14,219 INFO 3988 [egg-mongoose] mongodb://127.0.0.1/shoppingMall connected successfully
2019-07-23 13:59:14,236 INFO 3988 [egg-mongoose] instance[0] start successfully
2019-07-23 13:59:14,240 INFO 3988 [egg-watcher:application] watcher start success
2019-07-23 13:59:14,248 INFO 3988 [egg:core] dump config after ready, 6ms
2019-07-24 08:39:05,507 INFO 3756 [egg:logger] init all loggers with options: {"dir":"C:\\Users\\Administrator\\Desktop\\project2\\server\\logs\\server","encoding":"utf8","env":"local","level":"INFO","consoleLevel":"INFO","disableConsoleAfterReady":false,"outputJSON":false,"buffer":true,"appLogName":"server-web.log","coreLogName":"egg-web.log","agentLogName":"egg-agent.log","errorLogName":"common-error.log","coreLogger":{"consoleLevel":"WARN"},"allowDebugAtProd":false,"type":"application"}
2019-07-24 08:39:05,536 INFO 3756 [egg-multipart] stream mode enable
2019-07-24 08:39:06,052 INFO 3756 [egg-mongoose] connecting mongodb://127.0.0.1/shoppingMall
2019-07-24 08:39:06,412 INFO 3756 [egg-static] starting static serve /public/ -> C:\Users\Administrator\Desktop\project2\server\app\public
2019-07-24 08:39:06,415 INFO 3756 [egg-security] use methodnoallow middleware
2019-07-24 08:39:06,416 INFO 3756 [egg-security] use noopen middleware
2019-07-24 08:39:06,418 INFO 3756 [egg-security] use nosniff middleware
2019-07-24 08:39:06,419 INFO 3756 [egg-security] use xssProtection middleware
2019-07-24 08:39:06,419 INFO 3756 [egg-security] use xframe middleware
2019-07-24 08:39:06,420 INFO 3756 [egg-security] use dta middleware
2019-07-24 08:39:06,420 INFO 3756 [egg-security] compose 6 middlewares into one security middleware
2019-07-24 08:39:06,443 INFO 3756 [egg:core] dump config after load, 5ms
2019-07-24 08:39:06,446 INFO 3756 [egg-mongoose] starting...
2019-07-24 08:39:06,522 INFO 3756 [egg-mongoose] mongodb://127.0.0.1/shoppingMall connected successfully
2019-07-24 08:39:06,529 INFO 3756 [egg-mongoose] instance[0] start successfully
2019-07-24 08:39:06,531 INFO 3756 [egg-watcher:application] watcher start success
2019-07-24 08:39:06,541 INFO 3756 [egg:core] dump config after ready, 6ms
2019-07-25 08:28:13,824 INFO 5324 [egg:logger] init all loggers with options: {"dir":"C:\\Users\\Administrator\\Desktop\\project2\\server\\logs\\server","encoding":"utf8","env":"local","level":"INFO","consoleLevel":"INFO","disableConsoleAfterReady":false,"outputJSON":false,"buffer":true,"appLogName":"server-web.log","coreLogName":"egg-web.log","agentLogName":"egg-agent.log","errorLogName":"common-error.log","coreLogger":{"consoleLevel":"WARN"},"allowDebugAtProd":false,"type":"application"}
2019-07-25 08:28:13,865 INFO 5324 [egg-multipart] stream mode enable
2019-07-25 08:28:14,414 INFO 5324 [egg-mongoose] connecting mongodb://127.0.0.1/shoppingMall
2019-07-25 08:28:14,839 INFO 5324 [egg-static] starting static serve /public/ -> C:\Users\Administrator\Desktop\project2\server\app\public
2019-07-25 08:28:14,845 INFO 5324 [egg-security] use methodnoallow middleware
2019-07-25 08:28:14,846 INFO 5324 [egg-security] use noopen middleware
2019-07-25 08:28:14,847 INFO 5324 [egg-security] use nosniff middleware
2019-07-25 08:28:14,848 INFO 5324 [egg-security] use xssProtection middleware
2019-07-25 08:28:14,849 INFO 5324 [egg-security] use xframe middleware
2019-07-25 08:28:14,851 INFO 5324 [egg-security] use dta middleware
2019-07-25 08:28:14,851 INFO 5324 [egg-security] compose 6 middlewares into one security middleware
2019-07-25 08:28:14,877 INFO 5324 [egg:core] dump config after load, 4ms
2019-07-25 08:28:14,879 INFO 5324 [egg-mongoose] starting...
2019-07-25 08:28:14,943 INFO 5324 [egg-watcher:application] watcher start success
2019-07-25 08:28:14,947 INFO 5324 [egg-mongoose] mongodb://127.0.0.1/shoppingMall connected successfully
2019-07-25 08:28:14,954 INFO 5324 [egg-mongoose] instance[0] start successfully
2019-07-25 08:28:14,963 INFO 5324 [egg:core] dump config after ready, 6ms
2019-07-26 08:42:26,071 INFO 2376 [egg:logger] init all loggers with options: {"dir":"C:\\Users\\Administrator\\Desktop\\project2\\server\\logs\\server","encoding":"utf8","env":"local","level":"INFO","consoleLevel":"INFO","disableConsoleAfterReady":false,"outputJSON":false,"buffer":true,"appLogName":"server-web.log","coreLogName":"egg-web.log","agentLogName":"egg-agent.log","errorLogName":"common-error.log","coreLogger":{"consoleLevel":"WARN"},"allowDebugAtProd":false,"type":"application"}
2019-07-26 08:42:26,123 INFO 2376 [egg-multipart] stream mode enable
2019-07-26 08:42:27,521 INFO 2376 [egg-mongoose] connecting mongodb://127.0.0.1/shoppingMall
2019-07-26 08:42:30,213 INFO 2376 [egg-static] starting static serve /public/ -> C:\Users\Administrator\Desktop\project2\server\app\public
2019-07-26 08:42:30,238 INFO 2376 [egg-security] use methodnoallow middleware
2019-07-26 08:42:30,240 INFO 2376 [egg-security] use noopen middleware
2019-07-26 08:42:30,248 INFO 2376 [egg-security] use nosniff middleware
2019-07-26 08:42:30,249 INFO 2376 [egg-security] use xssProtection middleware
2019-07-26 08:42:30,251 INFO 2376 [egg-security] use xframe middleware
2019-07-26 08:42:30,262 INFO 2376 [egg-security] use dta middleware
2019-07-26 08:42:30,263 INFO 2376 [egg-security] compose 6 middlewares into one security middleware
2019-07-26 08:42:30,512 INFO 2376 [egg:core] dump config after load, 24ms
2019-07-26 08:42:30,550 INFO 2376 [egg-mongoose] starting...
2019-07-26 08:42:31,031 INFO 2376 [egg-mongoose] mongodb://127.0.0.1/shoppingMall connected successfully
2019-07-26 08:42:31,087 INFO 2376 [egg-mongoose] instance[0] start successfully
2019-07-26 08:42:31,097 INFO 2376 [egg-watcher:application] watcher start success
2019-07-26 08:42:31,127 INFO 2376 [egg:core] dump config after ready, 10ms
2019-07-26 11:48:15,992 INFO 1928 [egg:logger] init all loggers with options: {"dir":"C:\\Users\\Administrator\\Desktop\\project2\\server\\logs\\server","encoding":"utf8","env":"local","level":"INFO","consoleLevel":"INFO","disableConsoleAfterReady":false,"outputJSON":false,"buffer":true,"appLogName":"server-web.log","coreLogName":"egg-web.log","agentLogName":"egg-agent.log","errorLogName":"common-error.log","coreLogger":{"consoleLevel":"WARN"},"allowDebugAtProd":false,"type":"application"}
2019-07-26 11:48:16,033 INFO 1928 [egg-multipart] stream mode enable
2019-07-26 11:48:16,496 INFO 1928 [egg-mongoose] connecting mongodb://127.0.0.1/shoppingMall
2019-07-26 11:48:16,903 INFO 1928 [egg-static] starting static serve /public/ -> C:\Users\Administrator\Desktop\project2\server\app\public
2019-07-26 11:48:16,907 INFO 1928 [egg-security] use methodnoallow middleware
2019-07-26 11:48:16,907 INFO 1928 [egg-security] use noopen middleware
2019-07-26 11:48:16,909 INFO 1928 [egg-security] use nosniff middleware
2019-07-26 11:48:16,910 INFO 1928 [egg-security] use xssProtection middleware
2019-07-26 11:48:16,910 INFO 1928 [egg-security] use xframe middleware
2019-07-26 11:48:16,911 INFO 1928 [egg-security] use dta middleware
2019-07-26 11:48:16,911 INFO 1928 [egg-security] compose 6 middlewares into one security middleware
2019-07-26 11:48:16,933 INFO 1928 [egg:core] dump config after load, 4ms
2019-07-26 11:48:16,936 INFO 1928 [egg-mongoose] starting...
2019-07-26 11:48:16,989 INFO 1928 [egg-mongoose] mongodb://127.0.0.1/shoppingMall connected successfully
2019-07-26 11:48:17,005 INFO 1928 [egg-mongoose] instance[0] start successfully
2019-07-26 11:48:17,008 INFO 1928 [egg-watcher:application] watcher start success
2019-07-26 11:48:17,018 INFO 1928 [egg:core] dump config after ready, 6ms
2019-07-26 13:48:22,278 INFO 4632 [egg:logger] init all loggers with options: {"dir":"C:\\Users\\Administrator\\Desktop\\project2\\server\\logs\\server","encoding":"utf8","env":"local","level":"INFO","consoleLevel":"INFO","disableConsoleAfterReady":false,"outputJSON":false,"buffer":true,"appLogName":"server-web.log","coreLogName":"egg-web.log","agentLogName":"egg-agent.log","errorLogName":"common-error.log","coreLogger":{"consoleLevel":"WARN"},"allowDebugAtProd":false,"type":"application"}
2019-07-26 13:48:22,306 INFO 4632 [egg-multipart] stream mode enable
2019-07-26 13:48:22,765 INFO 4632 [egg-mongoose] connecting mongodb://127.0.0.1/shoppingMall
2019-07-26 13:48:23,122 INFO 4632 [egg-static] starting static serve /public/ -> C:\Users\Administrator\Desktop\project2\server\app\public
2019-07-26 13:48:23,125 INFO 4632 [egg-security] use methodnoallow middleware
2019-07-26 13:48:23,125 INFO 4632 [egg-security] use noopen middleware
2019-07-26 13:48:23,127 INFO 4632 [egg-security] use nosniff middleware
2019-07-26 13:48:23,127 INFO 4632 [egg-security] use xssProtection middleware
2019-07-26 13:48:23,128 INFO 4632 [egg-security] use xframe middleware
2019-07-26 13:48:23,128 INFO 4632 [egg-security] use dta middleware
2019-07-26 13:48:23,128 INFO 4632 [egg-security] compose 6 middlewares into one security middleware
2019-07-26 13:48:23,150 INFO 4632 [egg:core] dump config after load, 5ms
2019-07-26 13:48:23,153 INFO 4632 [egg-mongoose] starting...
2019-07-26 13:48:23,208 INFO 4632 [egg-mongoose] mongodb://127.0.0.1/shoppingMall connected successfully
2019-07-26 13:48:23,222 INFO 4632 [egg-mongoose] instance[0] start successfully
2019-07-26 13:48:23,224 INFO 4632 [egg-watcher:application] watcher start success
2019-07-26 13:48:23,234 INFO 4632 [egg:core] dump config after ready, 6ms
2019-07-26 18:24:29,167 INFO 4140 [egg:logger] init all loggers with options: {"dir":"C:\\Users\\Administrator\\Desktop\\project2\\server\\logs\\server","encoding":"utf8","env":"local","level":"INFO","consoleLevel":"INFO","disableConsoleAfterReady":false,"outputJSON":false,"buffer":true,"appLogName":"server-web.log","coreLogName":"egg-web.log","agentLogName":"egg-agent.log","errorLogName":"common-error.log","coreLogger":{"consoleLevel":"WARN"},"allowDebugAtProd":false,"type":"application"}
2019-07-26 18:24:29,197 INFO 4140 [egg-multipart] stream mode enable
2019-07-26 18:24:29,673 INFO 4140 [egg-mongoose] connecting mongodb://127.0.0.1/shoppingMall
2019-07-26 18:24:30,324 INFO 4140 [egg-static] starting static serve /public/ -> C:\Users\Administrator\Desktop\project2\server\app\public
2019-07-26 18:24:30,328 INFO 4140 [egg-security] use methodnoallow middleware
2019-07-26 18:24:30,330 INFO 4140 [egg-security] use noopen middleware
2019-07-26 18:24:30,332 INFO 4140 [egg-security] use nosniff middleware
2019-07-26 18:24:30,333 INFO 4140 [egg-security] use xssProtection middleware
2019-07-26 18:24:30,334 INFO 4140 [egg-security] use xframe middleware
2019-07-26 18:24:30,335 INFO 4140 [egg-security] use dta middleware
2019-07-26 18:24:30,335 INFO 4140 [egg-security] compose 6 middlewares into one security middleware
2019-07-26 18:24:30,369 INFO 4140 [egg:core] dump config after load, 11ms
2019-07-26 18:24:30,372 INFO 4140 [egg-mongoose] starting...
2019-07-26 18:24:30,484 INFO 4140 [egg-mongoose] mongodb://127.0.0.1/shoppingMall connected successfully
2019-07-26 18:24:30,504 INFO 4140 [egg-mongoose] instance[0] start successfully
2019-07-26 18:24:30,509 INFO 4140 [egg-watcher:application] watcher start success
2019-07-26 18:24:30,520 INFO 4140 [egg:core] dump config after ready, 9ms
2019-07-27 08:40:18,904 INFO 5124 [egg:logger] init all loggers with options: {"dir":"C:\\Users\\Administrator\\Desktop\\project2\\server\\logs\\server","encoding":"utf8","env":"local","level":"INFO","consoleLevel":"INFO","disableConsoleAfterReady":false,"outputJSON":false,"buffer":true,"appLogName":"server-web.log","coreLogName":"egg-web.log","agentLogName":"egg-agent.log","errorLogName":"common-error.log","coreLogger":{"consoleLevel":"WARN"},"allowDebugAtProd":false,"type":"application"}
2019-07-27 08:40:18,932 INFO 5124 [egg-multipart] stream mode enable
2019-07-27 08:40:19,401 INFO 5124 [egg-mongoose] connecting mongodb://127.0.0.1/shoppingMall
2019-07-27 08:40:19,809 INFO 5124 [egg-static] starting static serve /public/ -> C:\Users\Administrator\Desktop\project2\server\app\public
2019-07-27 08:40:19,812 INFO 5124 [egg-security] use methodnoallow middleware
2019-07-27 08:40:19,812 INFO 5124 [egg-security] use noopen middleware
2019-07-27 08:40:19,814 INFO 5124 [egg-security] use nosniff middleware
2019-07-27 08:40:19,814 INFO 5124 [egg-security] use xssProtection middleware
2019-07-27 08:40:19,815 INFO 5124 [egg-security] use xframe middleware
2019-07-27 08:40:19,816 INFO 5124 [egg-security] use dta middleware
2019-07-27 08:40:19,816 INFO 5124 [egg-security] compose 6 middlewares into one security middleware
2019-07-27 08:40:19,840 INFO 5124 [egg:core] dump config after load, 4ms
2019-07-27 08:40:19,841 INFO 5124 [egg-mongoose] starting...
2019-07-27 08:40:19,905 INFO 5124 [egg-mongoose] mongodb://127.0.0.1/shoppingMall connected successfully
2019-07-27 08:40:19,912 INFO 5124 [egg-mongoose] instance[0] start successfully
2019-07-27 08:40:19,914 INFO 5124 [egg-watcher:application] watcher start success
2019-07-27 08:40:19,925 INFO 5124 [egg:core] dump config after ready, 7ms
2019-08-03 08:41:55,380 INFO 2096 [egg:logger] init all loggers with options: {"dir":"C:\\Users\\Administrator\\Desktop\\project2\\server\\logs\\server","encoding":"utf8","env":"local","level":"INFO","consoleLevel":"INFO","disableConsoleAfterReady":false,"outputJSON":false,"buffer":true,"appLogName":"server-web.log","coreLogName":"egg-web.log","agentLogName":"egg-agent.log","errorLogName":"common-error.log","coreLogger":{"consoleLevel":"WARN"},"allowDebugAtProd":false,"type":"application"}
2019-08-03 08:41:55,409 INFO 2096 [egg-multipart] stream mode enable
2019-08-03 08:41:55,864 INFO 2096 [egg-mongoose] connecting mongodb://127.0.0.1/shoppingMall
2019-08-03 08:41:56,263 INFO 2096 [egg-static] starting static serve /public/ -> C:\Users\Administrator\Desktop\project2\server\app\public
2019-08-03 08:41:56,266 INFO 2096 [egg-security] use methodnoallow middleware
2019-08-03 08:41:56,267 INFO 2096 [egg-security] use noopen middleware
2019-08-03 08:41:56,268 INFO 2096 [egg-security] use nosniff middleware
2019-08-03 08:41:56,269 INFO 2096 [egg-security] use xssProtection middleware
2019-08-03 08:41:56,269 INFO 2096 [egg-security] use xframe middleware
2019-08-03 08:41:56,270 INFO 2096 [egg-security] use dta middleware
2019-08-03 08:41:56,270 INFO 2096 [egg-security] compose 6 middlewares into one security middleware
2019-08-03 08:41:56,292 INFO 2096 [egg:core] dump config after load, 4ms
2019-08-03 08:41:56,294 INFO 2096 [egg-mongoose] starting...
2019-08-03 08:41:56,350 INFO 2096 [egg-watcher:application] watcher start success
2019-08-03 08:41:56,362 INFO 2096 [egg-mongoose] mongodb://127.0.0.1/shoppingMall connected successfully
2019-08-03 08:41:56,369 INFO 2096 [egg-mongoose] instance[0] start successfully
2019-08-03 08:41:56,377 INFO 2096 [egg:core] dump config after ready, 7ms
2019-08-04 08:36:54,601 INFO 4776 [egg:logger] init all loggers with options: {"dir":"C:\\Users\\Administrator\\Desktop\\project2\\server\\logs\\server","encoding":"utf8","env":"local","level":"INFO","consoleLevel":"INFO","disableConsoleAfterReady":false,"outputJSON":false,"buffer":true,"appLogName":"server-web.log","coreLogName":"egg-web.log","agentLogName":"egg-agent.log","errorLogName":"common-error.log","coreLogger":{"consoleLevel":"WARN"},"allowDebugAtProd":false,"type":"application"}
2019-08-04 08:36:54,633 INFO 4776 [egg-multipart] stream mode enable
2019-08-04 08:36:55,114 INFO 4776 [egg-mongoose] connecting mongodb://127.0.0.1/shoppingMall
2019-08-04 08:36:55,583 INFO 4776 [egg-static] starting static serve /public/ -> C:\Users\Administrator\Desktop\project2\server\app\public
2019-08-04 08:36:55,588 INFO 4776 [egg-security] use methodnoallow middleware
2019-08-04 08:36:55,590 INFO 4776 [egg-security] use noopen middleware
2019-08-04 08:36:55,592 INFO 4776 [egg-security] use nosniff middleware
2019-08-04 08:36:55,594 INFO 4776 [egg-security] use xssProtection middleware
2019-08-04 08:36:55,595 INFO 4776 [egg-security] use xframe middleware
2019-08-04 08:36:55,596 INFO 4776 [egg-security] use dta middleware
2019-08-04 08:36:55,596 INFO 4776 [egg-security] compose 6 middlewares into one security middleware
2019-08-04 08:36:55,628 INFO 4776 [egg:core] dump config after load, 5ms
2019-08-04 08:36:55,630 INFO 4776 [egg-mongoose] starting...
2019-08-04 08:36:55,678 INFO 4776 [egg-mongoose] mongodb://127.0.0.1/shoppingMall connected successfully
2019-08-04 08:36:55,694 INFO 4776 [egg-mongoose] instance[0] start successfully
2019-08-04 08:36:55,696 INFO 4776 [egg-watcher:application] watcher start success
2019-08-04 08:36:55,705 INFO 4776 [egg:core] dump config after ready, 5ms
2019-08-05 08:42:59,214 INFO 4176 [egg:logger] init all loggers with options: {"dir":"C:\\Users\\Administrator\\Desktop\\project2\\server\\logs\\server","encoding":"utf8","env":"local","level":"INFO","consoleLevel":"INFO","disableConsoleAfterReady":false,"outputJSON":false,"buffer":true,"appLogName":"server-web.log","coreLogName":"egg-web.log","agentLogName":"egg-agent.log","errorLogName":"common-error.log","coreLogger":{"consoleLevel":"WARN"},"allowDebugAtProd":false,"type":"application"}
2019-08-05 08:42:59,294 INFO 4176 [egg-multipart] stream mode enable
2019-08-05 08:43:01,415 INFO 4176 [egg-mongoose] connecting mongodb://127.0.0.1/shoppingMall
2019-08-05 08:43:03,558 INFO 4176 [egg-static] starting static serve /public/ -> C:\Users\Administrator\Desktop\project2\server\app\public
2019-08-05 08:43:03,563 INFO 4176 [egg-security] use methodnoallow middleware
2019-08-05 08:43:03,564 INFO 4176 [egg-security] use noopen middleware
2019-08-05 08:43:03,567 INFO 4176 [egg-security] use nosniff middleware
2019-08-05 08:43:03,568 INFO 4176 [egg-security] use xssProtection middleware
2019-08-05 08:43:03,569 INFO 4176 [egg-security] use xframe middleware
2019-08-05 08:43:03,570 INFO 4176 [egg-security] use dta middleware
2019-08-05 08:43:03,571 INFO 4176 [egg-security] compose 6 middlewares into one security middleware
2019-08-05 08:43:03,650 INFO 4176 [egg:core] dump config after load, 12ms
2019-08-05 08:43:03,653 INFO 4176 [egg-mongoose] starting...
2019-08-05 08:43:03,750 INFO 4176 [egg-mongoose] mongodb://127.0.0.1/shoppingMall connected successfully
2019-08-05 08:43:03,775 INFO 4176 [egg-mongoose] instance[0] start successfully
2019-08-05 08:43:03,784 INFO 4176 [egg-watcher:application] watcher start success
2019-08-05 08:43:03,799 INFO 4176 [egg:core] dump config after ready, 10ms
