2019-04-26 21:53:24,619 INFO 12066 [egg-schedule]: register schedule /Users/lp1/Downloads/Vue-shopping-master/egg/node_modules/_egg-logrotator@3.1.0@egg-logrotator/app/schedule/clean_log.js
2019-04-26 21:53:24,619 INFO 12066 [egg-schedule]: register schedule /Users/lp1/Downloads/Vue-shopping-master/egg/node_modules/_egg-logrotator@3.1.0@egg-logrotator/app/schedule/rotate_by_file.js
2019-04-26 21:53:25,133 INFO 12060 [Timer] /Users/lp1/Downloads/Vue-shopping-master/egg/node_modules/_egg-logrotator@3.1.0@egg-logrotator/app/schedule/clean_log.js next time will execute after 7594868ms at 2019-04-27 00:00:00.001
2019-04-26 21:53:25,134 INFO 12060 [Timer] /Users/lp1/Downloads/Vue-shopping-master/egg/node_modules/_egg-logrotator@3.1.0@egg-logrotator/app/schedule/rotate_by_file.js next time will execute after 7595867ms at 2019-04-27 00:00:01.001
2019-04-27 08:36:27,870 INFO 6732 [egg-schedule]: register schedule C:\Users\Administrator\Desktop\shop\server\node_modules\egg-logrotator\app\schedule\clean_log.js
2019-04-27 08:36:27,870 INFO 6732 [egg-schedule]: register schedule C:\Users\Administrator\Desktop\shop\server\node_modules\egg-logrotator\app\schedule\rotate_by_file.js
2019-04-27 08:36:28,544 INFO 2016 [Timer] C:\Users\Administrator\Desktop\shop\server\node_modules\egg-logrotator\app\schedule\clean_log.js next time will execute after 55411458ms at 2019-04-28 00:00:00.002
2019-04-27 08:36:28,545 INFO 2016 [Timer] C:\Users\Administrator\Desktop\shop\server\node_modules\egg-logrotator\app\schedule\rotate_by_file.js next time will execute after 55412456ms at 2019-04-28 00:00:01.001
2019-04-27 10:25:49,289 INFO 3124 [egg-schedule]: register schedule C:\Users\Administrator\Desktop\shop\server\node_modules\egg-logrotator\app\schedule\clean_log.js
2019-04-27 10:25:49,289 INFO 3124 [egg-schedule]: register schedule C:\Users\Administrator\Desktop\shop\server\node_modules\egg-logrotator\app\schedule\rotate_by_file.js
2019-04-27 10:25:50,207 INFO 4408 [Timer] C:\Users\Administrator\Desktop\shop\server\node_modules\egg-logrotator\app\schedule\clean_log.js next time will execute after 48849796ms at 2019-04-28 00:00:00.003
2019-04-27 10:25:50,208 INFO 4408 [Timer] C:\Users\Administrator\Desktop\shop\server\node_modules\egg-logrotator\app\schedule\rotate_by_file.js next time will execute after 48850793ms at 2019-04-28 00:00:01.001
2019-04-30 13:56:42,574 INFO 7004 [egg-schedule]: register schedule C:\Users\Administrator\Desktop\shop\server\node_modules\_egg-logrotator@3.1.0@egg-logrotator\app\schedule\clean_log.js
2019-04-30 13:56:42,574 INFO 7004 [egg-schedule]: register schedule C:\Users\Administrator\Desktop\shop\server\node_modules\_egg-logrotator@3.1.0@egg-logrotator\app\schedule\rotate_by_file.js
2019-04-30 13:56:43,566 INFO 7296 [Timer] C:\Users\Administrator\Desktop\shop\server\node_modules\_egg-logrotator@3.1.0@egg-logrotator\app\schedule\clean_log.js next time will execute after 36196437ms at 2019-05-01 00:00:00.003
2019-04-30 13:56:43,566 INFO 7296 [Timer] C:\Users\Administrator\Desktop\shop\server\node_modules\_egg-logrotator@3.1.0@egg-logrotator\app\schedule\rotate_by_file.js next time will execute after 36197434ms at 2019-05-01 00:00:01.000
2019-04-30 14:03:27,981 INFO 1108 [egg-schedule]: register schedule C:\Users\Administrator\Desktop\shop\server\node_modules\_egg-logrotator@3.1.0@egg-logrotator\app\schedule\clean_log.js
2019-04-30 14:03:27,981 INFO 1108 [egg-schedule]: register schedule C:\Users\Administrator\Desktop\shop\server\node_modules\_egg-logrotator@3.1.0@egg-logrotator\app\schedule\rotate_by_file.js
2019-04-30 14:03:28,965 INFO 7224 [Timer] C:\Users\Administrator\Desktop\shop\server\node_modules\_egg-logrotator@3.1.0@egg-logrotator\app\schedule\clean_log.js next time will execute after 35791037ms at 2019-05-01 00:00:00.002
2019-04-30 14:03:28,965 INFO 7224 [Timer] C:\Users\Administrator\Desktop\shop\server\node_modules\_egg-logrotator@3.1.0@egg-logrotator\app\schedule\rotate_by_file.js next time will execute after 35792035ms at 2019-05-01 00:00:01.000
2019-04-30 15:00:05,800 INFO 6380 [egg-schedule]: register schedule C:\Users\Administrator\Desktop\shop\server\node_modules\_egg-logrotator@3.1.0@egg-logrotator\app\schedule\clean_log.js
2019-04-30 15:00:05,800 INFO 6380 [egg-schedule]: register schedule C:\Users\Administrator\Desktop\shop\server\node_modules\_egg-logrotator@3.1.0@egg-logrotator\app\schedule\rotate_by_file.js
2019-04-30 15:01:10,434 INFO 6940 [egg-schedule]: register schedule C:\Users\Administrator\Desktop\shop\server\node_modules\_egg-logrotator@3.1.0@egg-logrotator\app\schedule\clean_log.js
2019-04-30 15:01:10,434 INFO 6940 [egg-schedule]: register schedule C:\Users\Administrator\Desktop\shop\server\node_modules\_egg-logrotator@3.1.0@egg-logrotator\app\schedule\rotate_by_file.js
2019-04-30 15:10:23,300 INFO 1588 [egg-schedule]: register schedule C:\Users\Administrator\Desktop\shop\server\node_modules\_egg-logrotator@3.1.0@egg-logrotator\app\schedule\clean_log.js
2019-04-30 15:10:23,300 INFO 1588 [egg-schedule]: register schedule C:\Users\Administrator\Desktop\shop\server\node_modules\_egg-logrotator@3.1.0@egg-logrotator\app\schedule\rotate_by_file.js
2019-04-30 16:00:35,805 INFO 8096 [Timer] C:\Users\Administrator\Desktop\shop\server\node_modules\_egg-logrotator@3.1.0@egg-logrotator\app\schedule\clean_log.js next time will execute after 28764197ms at 2019-05-01 00:00:00.002
2019-04-30 16:00:35,806 INFO 8096 [Timer] C:\Users\Administrator\Desktop\shop\server\node_modules\_egg-logrotator@3.1.0@egg-logrotator\app\schedule\rotate_by_file.js next time will execute after 28765194ms at 2019-05-01 00:00:01.000
2019-04-30 16:00:34,907 INFO 2516 [egg-schedule]: register schedule C:\Users\Administrator\Desktop\shop\server\node_modules\_egg-logrotator@3.1.0@egg-logrotator\app\schedule\clean_log.js
2019-04-30 16:00:34,907 INFO 2516 [egg-schedule]: register schedule C:\Users\Administrator\Desktop\shop\server\node_modules\_egg-logrotator@3.1.0@egg-logrotator\app\schedule\rotate_by_file.js
2019-04-30 16:27:59,003 INFO 1652 [egg-schedule]: register schedule C:\Users\Administrator\Desktop\shop\server\node_modules\_egg-logrotator@3.1.0@egg-logrotator\app\schedule\clean_log.js
2019-04-30 16:27:59,003 INFO 1652 [egg-schedule]: register schedule C:\Users\Administrator\Desktop\shop\server\node_modules\_egg-logrotator@3.1.0@egg-logrotator\app\schedule\rotate_by_file.js
2019-04-30 16:27:59,901 INFO 3480 [Timer] C:\Users\Administrator\Desktop\shop\server\node_modules\_egg-logrotator@3.1.0@egg-logrotator\app\schedule\clean_log.js next time will execute after 27120102ms at 2019-05-01 00:00:00.003
2019-04-30 16:27:59,902 INFO 3480 [Timer] C:\Users\Administrator\Desktop\shop\server\node_modules\_egg-logrotator@3.1.0@egg-logrotator\app\schedule\rotate_by_file.js next time will execute after 27121098ms at 2019-05-01 00:00:01.000
2019-05-08 11:13:01,316 INFO 7920 [egg-schedule]: register schedule C:\Users\Administrator\Desktop\shop\server\node_modules\_egg-logrotator@3.1.0@egg-logrotator\app\schedule\clean_log.js
2019-05-08 11:13:01,316 INFO 7920 [egg-schedule]: register schedule C:\Users\Administrator\Desktop\shop\server\node_modules\_egg-logrotator@3.1.0@egg-logrotator\app\schedule\rotate_by_file.js
2019-05-08 11:13:02,273 INFO 7520 [Timer] C:\Users\Administrator\Desktop\shop\server\node_modules\_egg-logrotator@3.1.0@egg-logrotator\app\schedule\clean_log.js next time will execute after 46017730ms at 2019-05-09 00:00:00.003
2019-05-08 11:13:02,273 INFO 7520 [Timer] C:\Users\Administrator\Desktop\shop\server\node_modules\_egg-logrotator@3.1.0@egg-logrotator\app\schedule\rotate_by_file.js next time will execute after 46018727ms at 2019-05-09 00:00:01.000
2019-05-08 16:19:35,394 INFO 6608 [egg-schedule]: register schedule C:\Users\Administrator\Desktop\shop\server\node_modules\_egg-logrotator@3.1.0@egg-logrotator\app\schedule\clean_log.js
2019-05-08 16:19:35,394 INFO 6608 [egg-schedule]: register schedule C:\Users\Administrator\Desktop\shop\server\node_modules\_egg-logrotator@3.1.0@egg-logrotator\app\schedule\rotate_by_file.js
2019-05-08 16:19:36,932 INFO 3768 [Timer] C:\Users\Administrator\Desktop\shop\server\node_modules\_egg-logrotator@3.1.0@egg-logrotator\app\schedule\clean_log.js next time will execute after 27623072ms at 2019-05-09 00:00:00.004
2019-05-08 16:19:36,934 INFO 3768 [Timer] C:\Users\Administrator\Desktop\shop\server\node_modules\_egg-logrotator@3.1.0@egg-logrotator\app\schedule\rotate_by_file.js next time will execute after 27624067ms at 2019-05-09 00:00:01.001
2019-05-10 08:53:01,790 INFO 3636 [egg-schedule]: register schedule C:\Users\Administrator\Desktop\shop\server\node_modules\_egg-logrotator@3.1.0@egg-logrotator\app\schedule\clean_log.js
2019-05-10 08:53:01,790 INFO 3636 [egg-schedule]: register schedule C:\Users\Administrator\Desktop\shop\server\node_modules\_egg-logrotator@3.1.0@egg-logrotator\app\schedule\rotate_by_file.js
2019-05-10 08:53:02,667 INFO 7236 [Timer] C:\Users\Administrator\Desktop\shop\server\node_modules\_egg-logrotator@3.1.0@egg-logrotator\app\schedule\clean_log.js next time will execute after 54417335ms at 2019-05-11 00:00:00.002
2019-05-10 08:53:02,670 INFO 7236 [Timer] C:\Users\Administrator\Desktop\shop\server\node_modules\_egg-logrotator@3.1.0@egg-logrotator\app\schedule\rotate_by_file.js next time will execute after 54418333ms at 2019-05-11 00:00:01.002
2019-05-10 08:53:17,483 INFO 7048 [egg-schedule]: register schedule C:\Users\Administrator\Desktop\shop\server\node_modules\_egg-logrotator@3.1.0@egg-logrotator\app\schedule\clean_log.js
2019-05-10 08:53:17,483 INFO 7048 [egg-schedule]: register schedule C:\Users\Administrator\Desktop\shop\server\node_modules\_egg-logrotator@3.1.0@egg-logrotator\app\schedule\rotate_by_file.js
2019-05-10 08:53:18,095 INFO 7848 [Timer] C:\Users\Administrator\Desktop\shop\server\node_modules\_egg-logrotator@3.1.0@egg-logrotator\app\schedule\clean_log.js next time will execute after 54401907ms at 2019-05-11 00:00:00.002
2019-05-10 08:53:18,096 INFO 7848 [Timer] C:\Users\Administrator\Desktop\shop\server\node_modules\_egg-logrotator@3.1.0@egg-logrotator\app\schedule\rotate_by_file.js next time will execute after 54402904ms at 2019-05-11 00:00:01.000
2019-07-01 09:48:44,453 INFO 6592 [Timer] C:\Users\Administrator\Desktop\vue商城项目\server\node_modules\egg-multipart\app\schedule\clean_tmpdir.js next time will execute after 67275550ms at 2019-07-02 04:30:00.003
2019-07-01 09:48:44,453 INFO 6592 [Timer] C:\Users\Administrator\Desktop\vue商城项目\server\node_modules\egg-logrotator\app\schedule\clean_log.js next time will execute after 51075547ms at 2019-07-02 00:00:00.000
2019-07-01 09:48:44,453 INFO 6592 [Timer] C:\Users\Administrator\Desktop\vue商城项目\server\node_modules\egg-logrotator\app\schedule\rotate_by_file.js next time will execute after 51076547ms at 2019-07-02 00:00:01.000
2019-07-01 09:48:43,807 INFO 404 [egg-schedule]: register schedule C:\Users\Administrator\Desktop\vue商城项目\server\node_modules\egg-multipart\app\schedule\clean_tmpdir.js
2019-07-01 09:48:43,807 INFO 404 [egg-schedule]: register schedule C:\Users\Administrator\Desktop\vue商城项目\server\node_modules\egg-logrotator\app\schedule\clean_log.js
2019-07-01 09:48:43,807 INFO 404 [egg-schedule]: register schedule C:\Users\Administrator\Desktop\vue商城项目\server\node_modules\egg-logrotator\app\schedule\rotate_by_file.js
2019-07-03 14:42:37,687 INFO 9404 [egg-schedule]: register schedule C:\Users\Administrator\Desktop\vue商城项目\server\node_modules\egg-multipart\app\schedule\clean_tmpdir.js
2019-07-03 14:42:37,687 INFO 9404 [egg-schedule]: register schedule C:\Users\Administrator\Desktop\vue商城项目\server\node_modules\egg-logrotator\app\schedule\clean_log.js
2019-07-03 14:42:37,687 INFO 9404 [egg-schedule]: register schedule C:\Users\Administrator\Desktop\vue商城项目\server\node_modules\egg-logrotator\app\schedule\rotate_by_file.js
2019-07-03 14:42:38,972 INFO 7312 [Timer] C:\Users\Administrator\Desktop\vue商城项目\server\node_modules\egg-multipart\app\schedule\clean_tmpdir.js next time will execute after 49641031ms at 2019-07-04 04:30:00.003
2019-07-03 14:42:38,973 INFO 7312 [Timer] C:\Users\Administrator\Desktop\vue商城项目\server\node_modules\egg-logrotator\app\schedule\clean_log.js next time will execute after 33441027ms at 2019-07-04 00:00:00.000
2019-07-03 14:42:38,973 INFO 7312 [Timer] C:\Users\Administrator\Desktop\vue商城项目\server\node_modules\egg-logrotator\app\schedule\rotate_by_file.js next time will execute after 33442027ms at 2019-07-04 00:00:01.000
2019-07-03 15:24:23,579 INFO 10252 [egg-schedule]: register schedule C:\Users\Administrator\Desktop\vue商城项目\server\node_modules\egg-multipart\app\schedule\clean_tmpdir.js
2019-07-03 15:24:23,579 INFO 10252 [egg-schedule]: register schedule C:\Users\Administrator\Desktop\vue商城项目\server\node_modules\egg-logrotator\app\schedule\clean_log.js
2019-07-03 15:24:23,579 INFO 10252 [egg-schedule]: register schedule C:\Users\Administrator\Desktop\vue商城项目\server\node_modules\egg-logrotator\app\schedule\rotate_by_file.js
2019-07-03 15:24:24,757 INFO 6160 [Timer] C:\Users\Administrator\Desktop\vue商城项目\server\node_modules\egg-multipart\app\schedule\clean_tmpdir.js next time will execute after 47135246ms at 2019-07-04 04:30:00.003
2019-07-03 15:24:24,758 INFO 6160 [Timer] C:\Users\Administrator\Desktop\vue商城项目\server\node_modules\egg-logrotator\app\schedule\clean_log.js next time will execute after 30935243ms at 2019-07-04 00:00:00.001
2019-07-03 15:24:24,758 INFO 6160 [Timer] C:\Users\Administrator\Desktop\vue商城项目\server\node_modules\egg-logrotator\app\schedule\rotate_by_file.js next time will execute after 30936242ms at 2019-07-04 00:00:01.000
2019-07-15 09:38:56,070 INFO 5404 [egg-schedule]: register schedule C:\Users\Administrator\Desktop\project2\server\node_modules\egg-multipart\app\schedule\clean_tmpdir.js
2019-07-15 09:38:56,070 INFO 5404 [egg-schedule]: register schedule C:\Users\Administrator\Desktop\project2\server\node_modules\egg-logrotator\app\schedule\clean_log.js
2019-07-15 09:38:56,070 INFO 5404 [egg-schedule]: register schedule C:\Users\Administrator\Desktop\project2\server\node_modules\egg-logrotator\app\schedule\rotate_by_file.js
2019-07-15 09:38:57,120 INFO 3896 [Timer] C:\Users\Administrator\Desktop\project2\server\node_modules\egg-multipart\app\schedule\clean_tmpdir.js next time will execute after 67862885ms at 2019-07-16 04:30:00.005
2019-07-15 09:38:57,121 INFO 3896 [Timer] C:\Users\Administrator\Desktop\project2\server\node_modules\egg-logrotator\app\schedule\clean_log.js next time will execute after 51662880ms at 2019-07-16 00:00:00.001
2019-07-15 09:38:57,121 INFO 3896 [Timer] C:\Users\Administrator\Desktop\project2\server\node_modules\egg-logrotator\app\schedule\rotate_by_file.js next time will execute after 51663879ms at 2019-07-16 00:00:01.000
2019-07-15 09:42:27,767 INFO 6080 [egg-schedule]: register schedule C:\Users\Administrator\Desktop\project2\server\node_modules\egg-multipart\app\schedule\clean_tmpdir.js
2019-07-15 09:42:27,767 INFO 6080 [egg-schedule]: register schedule C:\Users\Administrator\Desktop\project2\server\node_modules\egg-logrotator\app\schedule\clean_log.js
2019-07-15 09:42:27,767 INFO 6080 [egg-schedule]: register schedule C:\Users\Administrator\Desktop\project2\server\node_modules\egg-logrotator\app\schedule\rotate_by_file.js
2019-07-15 09:42:28,804 INFO 1856 [Timer] C:\Users\Administrator\Desktop\project2\server\node_modules\egg-multipart\app\schedule\clean_tmpdir.js next time will execute after 67651199ms at 2019-07-16 04:30:00.003
2019-07-15 09:42:28,804 INFO 1856 [Timer] C:\Users\Administrator\Desktop\project2\server\node_modules\egg-logrotator\app\schedule\clean_log.js next time will execute after 51451196ms at 2019-07-16 00:00:00.000
2019-07-15 09:42:28,805 INFO 1856 [Timer] C:\Users\Administrator\Desktop\project2\server\node_modules\egg-logrotator\app\schedule\rotate_by_file.js next time will execute after 51452196ms at 2019-07-16 00:00:01.001
2019-07-17 08:29:55,995 INFO 4412 [egg-schedule]: register schedule C:\Users\Administrator\Desktop\project2\server\node_modules\egg-multipart\app\schedule\clean_tmpdir.js
2019-07-17 08:29:55,995 INFO 4412 [egg-schedule]: register schedule C:\Users\Administrator\Desktop\project2\server\node_modules\egg-logrotator\app\schedule\clean_log.js
2019-07-17 08:29:55,995 INFO 4412 [egg-schedule]: register schedule C:\Users\Administrator\Desktop\project2\server\node_modules\egg-logrotator\app\schedule\rotate_by_file.js
2019-07-17 08:29:57,062 INFO 4540 [Timer] C:\Users\Administrator\Desktop\project2\server\node_modules\egg-multipart\app\schedule\clean_tmpdir.js next time will execute after 72002943ms at 2019-07-18 04:30:00.005
2019-07-17 08:29:57,063 INFO 4540 [Timer] C:\Users\Administrator\Desktop\project2\server\node_modules\egg-logrotator\app\schedule\clean_log.js next time will execute after 55802938ms at 2019-07-18 00:00:00.001
2019-07-17 08:29:57,063 INFO 4540 [Timer] C:\Users\Administrator\Desktop\project2\server\node_modules\egg-logrotator\app\schedule\rotate_by_file.js next time will execute after 55803937ms at 2019-07-18 00:00:01.000
2019-07-17 18:37:14,781 INFO 6760 [egg-schedule]: register schedule C:\Users\Administrator\Desktop\project2\server\node_modules\egg-multipart\app\schedule\clean_tmpdir.js
2019-07-17 18:37:14,781 INFO 6760 [egg-schedule]: register schedule C:\Users\Administrator\Desktop\project2\server\node_modules\egg-logrotator\app\schedule\clean_log.js
2019-07-17 18:37:14,781 INFO 6760 [egg-schedule]: register schedule C:\Users\Administrator\Desktop\project2\server\node_modules\egg-logrotator\app\schedule\rotate_by_file.js
2019-07-17 18:37:15,785 INFO 4724 [Timer] C:\Users\Administrator\Desktop\project2\server\node_modules\egg-multipart\app\schedule\clean_tmpdir.js next time will execute after 35564217ms at 2019-07-18 04:30:00.002
2019-07-17 18:37:15,786 INFO 4724 [Timer] C:\Users\Administrator\Desktop\project2\server\node_modules\egg-logrotator\app\schedule\clean_log.js next time will execute after 19364215ms at 2019-07-18 00:00:00.001
2019-07-17 18:37:15,786 INFO 4724 [Timer] C:\Users\Administrator\Desktop\project2\server\node_modules\egg-logrotator\app\schedule\rotate_by_file.js next time will execute after 19365214ms at 2019-07-18 00:00:01.000
2019-07-18 08:25:01,038 INFO 4184 [egg-schedule]: register schedule C:\Users\Administrator\Desktop\project2\server\node_modules\egg-multipart\app\schedule\clean_tmpdir.js
2019-07-18 08:25:01,038 INFO 4184 [egg-schedule]: register schedule C:\Users\Administrator\Desktop\project2\server\node_modules\egg-logrotator\app\schedule\clean_log.js
2019-07-18 08:25:01,038 INFO 4184 [egg-schedule]: register schedule C:\Users\Administrator\Desktop\project2\server\node_modules\egg-logrotator\app\schedule\rotate_by_file.js
2019-07-18 08:25:02,134 INFO 4564 [Timer] C:\Users\Administrator\Desktop\project2\server\node_modules\egg-multipart\app\schedule\clean_tmpdir.js next time will execute after 72297869ms at 2019-07-19 04:30:00.003
2019-07-18 08:25:02,134 INFO 4564 [Timer] C:\Users\Administrator\Desktop\project2\server\node_modules\egg-logrotator\app\schedule\clean_log.js next time will execute after 56097866ms at 2019-07-19 00:00:00.000
2019-07-18 08:25:02,135 INFO 4564 [Timer] C:\Users\Administrator\Desktop\project2\server\node_modules\egg-logrotator\app\schedule\rotate_by_file.js next time will execute after 56098866ms at 2019-07-19 00:00:01.000
2019-07-19 08:25:57,435 INFO 2816 [egg-schedule]: register schedule C:\Users\Administrator\Desktop\project2\server\node_modules\egg-multipart\app\schedule\clean_tmpdir.js
2019-07-19 08:25:57,435 INFO 2816 [egg-schedule]: register schedule C:\Users\Administrator\Desktop\project2\server\node_modules\egg-logrotator\app\schedule\clean_log.js
2019-07-19 08:25:57,435 INFO 2816 [egg-schedule]: register schedule C:\Users\Administrator\Desktop\project2\server\node_modules\egg-logrotator\app\schedule\rotate_by_file.js
2019-07-19 08:25:58,375 INFO 3392 [Timer] C:\Users\Administrator\Desktop\project2\server\node_modules\egg-multipart\app\schedule\clean_tmpdir.js next time will execute after 72241627ms at 2019-07-20 04:30:00.002
2019-07-19 08:25:58,375 INFO 3392 [Timer] C:\Users\Administrator\Desktop\project2\server\node_modules\egg-logrotator\app\schedule\clean_log.js next time will execute after 56041625ms at 2019-07-20 00:00:00.000
2019-07-19 08:25:58,376 INFO 3392 [Timer] C:\Users\Administrator\Desktop\project2\server\node_modules\egg-logrotator\app\schedule\rotate_by_file.js next time will execute after 56042625ms at 2019-07-20 00:00:01.001
2019-07-20 12:50:31,026 INFO 3492 [egg-schedule]: register schedule C:\Users\Administrator\Desktop\project2\server\node_modules\egg-multipart\app\schedule\clean_tmpdir.js
2019-07-20 12:50:31,026 INFO 3492 [egg-schedule]: register schedule C:\Users\Administrator\Desktop\project2\server\node_modules\egg-logrotator\app\schedule\clean_log.js
2019-07-20 12:50:31,026 INFO 3492 [egg-schedule]: register schedule C:\Users\Administrator\Desktop\project2\server\node_modules\egg-logrotator\app\schedule\rotate_by_file.js
2019-07-20 12:50:32,822 INFO 4328 [Timer] C:\Users\Administrator\Desktop\project2\server\node_modules\egg-multipart\app\schedule\clean_tmpdir.js next time will execute after 56367185ms at 2019-07-21 04:30:00.007
2019-07-20 12:50:32,823 INFO 4328 [Timer] C:\Users\Administrator\Desktop\project2\server\node_modules\egg-logrotator\app\schedule\clean_log.js next time will execute after 40167177ms at 2019-07-21 00:00:00.000
2019-07-20 12:50:32,823 INFO 4328 [Timer] C:\Users\Administrator\Desktop\project2\server\node_modules\egg-logrotator\app\schedule\rotate_by_file.js next time will execute after 40168177ms at 2019-07-21 00:00:01.000
2019-07-22 08:30:06,648 INFO 4820 [egg-schedule]: register schedule C:\Users\Administrator\Desktop\project2\server\node_modules\egg-multipart\app\schedule\clean_tmpdir.js
2019-07-22 08:30:06,648 INFO 4820 [egg-schedule]: register schedule C:\Users\Administrator\Desktop\project2\server\node_modules\egg-logrotator\app\schedule\clean_log.js
2019-07-22 08:30:06,648 INFO 4820 [egg-schedule]: register schedule C:\Users\Administrator\Desktop\project2\server\node_modules\egg-logrotator\app\schedule\rotate_by_file.js
2019-07-22 08:30:07,582 INFO 4760 [Timer] C:\Users\Administrator\Desktop\project2\server\node_modules\egg-multipart\app\schedule\clean_tmpdir.js next time will execute after 71992420ms at 2019-07-23 04:30:00.002
2019-07-22 08:30:07,583 INFO 4760 [Timer] C:\Users\Administrator\Desktop\project2\server\node_modules\egg-logrotator\app\schedule\clean_log.js next time will execute after 55792418ms at 2019-07-23 00:00:00.001
2019-07-22 08:30:07,583 INFO 4760 [Timer] C:\Users\Administrator\Desktop\project2\server\node_modules\egg-logrotator\app\schedule\rotate_by_file.js next time will execute after 55793417ms at 2019-07-23 00:00:01.000
2019-07-23 08:28:56,976 INFO 4796 [egg-schedule]: register schedule C:\Users\Administrator\Desktop\project2\server\node_modules\egg-multipart\app\schedule\clean_tmpdir.js
2019-07-23 08:28:56,977 INFO 4796 [egg-schedule]: register schedule C:\Users\Administrator\Desktop\project2\server\node_modules\egg-logrotator\app\schedule\clean_log.js
2019-07-23 08:28:56,977 INFO 4796 [egg-schedule]: register schedule C:\Users\Administrator\Desktop\project2\server\node_modules\egg-logrotator\app\schedule\rotate_by_file.js
2019-07-23 08:28:57,896 INFO 3488 [Timer] C:\Users\Administrator\Desktop\project2\server\node_modules\egg-multipart\app\schedule\clean_tmpdir.js next time will execute after 72062107ms at 2019-07-24 04:30:00.003
2019-07-23 08:28:57,896 INFO 3488 [Timer] C:\Users\Administrator\Desktop\project2\server\node_modules\egg-logrotator\app\schedule\clean_log.js next time will execute after 55862104ms at 2019-07-24 00:00:00.000
2019-07-23 08:28:57,896 INFO 3488 [Timer] C:\Users\Administrator\Desktop\project2\server\node_modules\egg-logrotator\app\schedule\rotate_by_file.js next time will execute after 55863104ms at 2019-07-24 00:00:01.000
2019-07-23 13:59:13,221 INFO 3988 [egg-schedule]: register schedule C:\Users\Administrator\Desktop\project2\server\node_modules\egg-multipart\app\schedule\clean_tmpdir.js
2019-07-23 13:59:13,221 INFO 3988 [egg-schedule]: register schedule C:\Users\Administrator\Desktop\project2\server\node_modules\egg-logrotator\app\schedule\clean_log.js
2019-07-23 13:59:13,221 INFO 3988 [egg-schedule]: register schedule C:\Users\Administrator\Desktop\project2\server\node_modules\egg-logrotator\app\schedule\rotate_by_file.js
2019-07-24 08:39:05,536 INFO 3756 [egg-schedule]: register schedule C:\Users\Administrator\Desktop\project2\server\node_modules\egg-multipart\app\schedule\clean_tmpdir.js
2019-07-24 08:39:05,536 INFO 3756 [egg-schedule]: register schedule C:\Users\Administrator\Desktop\project2\server\node_modules\egg-logrotator\app\schedule\clean_log.js
2019-07-24 08:39:05,536 INFO 3756 [egg-schedule]: register schedule C:\Users\Administrator\Desktop\project2\server\node_modules\egg-logrotator\app\schedule\rotate_by_file.js
2019-07-24 08:39:06,551 INFO 4004 [Timer] C:\Users\Administrator\Desktop\project2\server\node_modules\egg-multipart\app\schedule\clean_tmpdir.js next time will execute after 71453452ms at 2019-07-25 04:30:00.003
2019-07-24 08:39:06,552 INFO 4004 [Timer] C:\Users\Administrator\Desktop\project2\server\node_modules\egg-logrotator\app\schedule\clean_log.js next time will execute after 55253448ms at 2019-07-25 00:00:00.000
2019-07-24 08:39:06,553 INFO 4004 [Timer] C:\Users\Administrator\Desktop\project2\server\node_modules\egg-logrotator\app\schedule\rotate_by_file.js next time will execute after 55254448ms at 2019-07-25 00:00:01.001
2019-07-25 08:28:13,864 INFO 5324 [egg-schedule]: register schedule C:\Users\Administrator\Desktop\project2\server\node_modules\egg-multipart\app\schedule\clean_tmpdir.js
2019-07-25 08:28:13,864 INFO 5324 [egg-schedule]: register schedule C:\Users\Administrator\Desktop\project2\server\node_modules\egg-logrotator\app\schedule\clean_log.js
2019-07-25 08:28:13,864 INFO 5324 [egg-schedule]: register schedule C:\Users\Administrator\Desktop\project2\server\node_modules\egg-logrotator\app\schedule\rotate_by_file.js
2019-07-25 08:28:14,972 INFO 6080 [Timer] C:\Users\Administrator\Desktop\project2\server\node_modules\egg-multipart\app\schedule\clean_tmpdir.js next time will execute after 72105030ms at 2019-07-26 04:30:00.002
2019-07-25 08:28:14,972 INFO 6080 [Timer] C:\Users\Administrator\Desktop\project2\server\node_modules\egg-logrotator\app\schedule\clean_log.js next time will execute after 55905028ms at 2019-07-26 00:00:00.000
2019-07-25 08:28:14,972 INFO 6080 [Timer] C:\Users\Administrator\Desktop\project2\server\node_modules\egg-logrotator\app\schedule\rotate_by_file.js next time will execute after 55906028ms at 2019-07-26 00:00:01.000
2019-07-26 08:42:26,122 INFO 2376 [egg-schedule]: register schedule C:\Users\Administrator\Desktop\project2\server\node_modules\egg-multipart\app\schedule\clean_tmpdir.js
2019-07-26 08:42:26,122 INFO 2376 [egg-schedule]: register schedule C:\Users\Administrator\Desktop\project2\server\node_modules\egg-logrotator\app\schedule\clean_log.js
2019-07-26 08:42:26,122 INFO 2376 [egg-schedule]: register schedule C:\Users\Administrator\Desktop\project2\server\node_modules\egg-logrotator\app\schedule\rotate_by_file.js
2019-07-26 08:42:31,336 INFO 4248 [Timer] C:\Users\Administrator\Desktop\project2\server\node_modules\egg-multipart\app\schedule\clean_tmpdir.js next time will execute after 71248670ms at 2019-07-27 04:30:00.006
2019-07-26 08:42:31,337 INFO 4248 [Timer] C:\Users\Administrator\Desktop\project2\server\node_modules\egg-logrotator\app\schedule\clean_log.js next time will execute after 55048663ms at 2019-07-27 00:00:00.000
2019-07-26 08:42:31,338 INFO 4248 [Timer] C:\Users\Administrator\Desktop\project2\server\node_modules\egg-logrotator\app\schedule\rotate_by_file.js next time will execute after 55049663ms at 2019-07-27 00:00:01.001
2019-07-26 11:48:16,032 INFO 1928 [egg-schedule]: register schedule C:\Users\Administrator\Desktop\project2\server\node_modules\egg-multipart\app\schedule\clean_tmpdir.js
2019-07-26 11:48:16,032 INFO 1928 [egg-schedule]: register schedule C:\Users\Administrator\Desktop\project2\server\node_modules\egg-logrotator\app\schedule\clean_log.js
2019-07-26 11:48:16,032 INFO 1928 [egg-schedule]: register schedule C:\Users\Administrator\Desktop\project2\server\node_modules\egg-logrotator\app\schedule\rotate_by_file.js
2019-07-26 11:48:17,025 INFO 2200 [Timer] C:\Users\Administrator\Desktop\project2\server\node_modules\egg-multipart\app\schedule\clean_tmpdir.js next time will execute after 60102977ms at 2019-07-27 04:30:00.002
2019-07-26 11:48:17,025 INFO 2200 [Timer] C:\Users\Administrator\Desktop\project2\server\node_modules\egg-logrotator\app\schedule\clean_log.js next time will execute after 43902975ms at 2019-07-27 00:00:00.000
2019-07-26 11:48:17,026 INFO 2200 [Timer] C:\Users\Administrator\Desktop\project2\server\node_modules\egg-logrotator\app\schedule\rotate_by_file.js next time will execute after 43903974ms at 2019-07-27 00:00:01.000
2019-07-26 13:48:22,306 INFO 4632 [egg-schedule]: register schedule C:\Users\Administrator\Desktop\project2\server\node_modules\egg-multipart\app\schedule\clean_tmpdir.js
2019-07-26 13:48:22,306 INFO 4632 [egg-schedule]: register schedule C:\Users\Administrator\Desktop\project2\server\node_modules\egg-logrotator\app\schedule\clean_log.js
2019-07-26 13:48:22,306 INFO 4632 [egg-schedule]: register schedule C:\Users\Administrator\Desktop\project2\server\node_modules\egg-logrotator\app\schedule\rotate_by_file.js
2019-07-26 13:48:23,241 INFO 4592 [Timer] C:\Users\Administrator\Desktop\project2\server\node_modules\egg-multipart\app\schedule\clean_tmpdir.js next time will execute after 52896761ms at 2019-07-27 04:30:00.002
2019-07-26 13:48:23,242 INFO 4592 [Timer] C:\Users\Administrator\Desktop\project2\server\node_modules\egg-logrotator\app\schedule\clean_log.js next time will execute after 36696759ms at 2019-07-27 00:00:00.001
2019-07-26 13:48:23,242 INFO 4592 [Timer] C:\Users\Administrator\Desktop\project2\server\node_modules\egg-logrotator\app\schedule\rotate_by_file.js next time will execute after 36697758ms at 2019-07-27 00:00:01.000
2019-07-26 18:24:29,196 INFO 4140 [egg-schedule]: register schedule C:\Users\Administrator\Desktop\project2\server\node_modules\egg-multipart\app\schedule\clean_tmpdir.js
2019-07-26 18:24:29,196 INFO 4140 [egg-schedule]: register schedule C:\Users\Administrator\Desktop\project2\server\node_modules\egg-logrotator\app\schedule\clean_log.js
2019-07-26 18:24:29,196 INFO 4140 [egg-schedule]: register schedule C:\Users\Administrator\Desktop\project2\server\node_modules\egg-logrotator\app\schedule\rotate_by_file.js
2019-07-26 18:24:30,532 INFO 6588 [Timer] C:\Users\Administrator\Desktop\project2\server\node_modules\egg-multipart\app\schedule\clean_tmpdir.js next time will execute after 36329471ms at 2019-07-27 04:30:00.003
2019-07-26 18:24:30,533 INFO 6588 [Timer] C:\Users\Administrator\Desktop\project2\server\node_modules\egg-logrotator\app\schedule\clean_log.js next time will execute after 20129468ms at 2019-07-27 00:00:00.001
2019-07-26 18:24:30,533 INFO 6588 [Timer] C:\Users\Administrator\Desktop\project2\server\node_modules\egg-logrotator\app\schedule\rotate_by_file.js next time will execute after 20130467ms at 2019-07-27 00:00:01.000
2019-07-27 08:40:18,932 INFO 5124 [egg-schedule]: register schedule C:\Users\Administrator\Desktop\project2\server\node_modules\egg-multipart\app\schedule\clean_tmpdir.js
2019-07-27 08:40:18,932 INFO 5124 [egg-schedule]: register schedule C:\Users\Administrator\Desktop\project2\server\node_modules\egg-logrotator\app\schedule\clean_log.js
2019-07-27 08:40:18,932 INFO 5124 [egg-schedule]: register schedule C:\Users\Administrator\Desktop\project2\server\node_modules\egg-logrotator\app\schedule\rotate_by_file.js
2019-07-27 08:40:19,934 INFO 3488 [Timer] C:\Users\Administrator\Desktop\project2\server\node_modules\egg-multipart\app\schedule\clean_tmpdir.js next time will execute after 71380068ms at 2019-07-28 04:30:00.002
2019-07-27 08:40:19,935 INFO 3488 [Timer] C:\Users\Administrator\Desktop\project2\server\node_modules\egg-logrotator\app\schedule\clean_log.js next time will execute after 55180066ms at 2019-07-28 00:00:00.001
2019-07-27 08:40:19,935 INFO 3488 [Timer] C:\Users\Administrator\Desktop\project2\server\node_modules\egg-logrotator\app\schedule\rotate_by_file.js next time will execute after 55181065ms at 2019-07-28 00:00:01.000
2019-08-03 08:41:55,409 INFO 2096 [egg-schedule]: register schedule C:\Users\Administrator\Desktop\project2\server\node_modules\egg-multipart\app\schedule\clean_tmpdir.js
2019-08-03 08:41:55,409 INFO 2096 [egg-schedule]: register schedule C:\Users\Administrator\Desktop\project2\server\node_modules\egg-logrotator\app\schedule\clean_log.js
2019-08-03 08:41:55,409 INFO 2096 [egg-schedule]: register schedule C:\Users\Administrator\Desktop\project2\server\node_modules\egg-logrotator\app\schedule\rotate_by_file.js
2019-08-03 08:41:56,389 INFO 4800 [Timer] C:\Users\Administrator\Desktop\project2\server\node_modules\egg-multipart\app\schedule\clean_tmpdir.js next time will execute after 71283614ms at 2019-08-04 04:30:00.003
2019-08-03 08:41:56,389 INFO 4800 [Timer] C:\Users\Administrator\Desktop\project2\server\node_modules\egg-logrotator\app\schedule\clean_log.js next time will execute after 55083611ms at 2019-08-04 00:00:00.000
2019-08-03 08:41:56,389 INFO 4800 [Timer] C:\Users\Administrator\Desktop\project2\server\node_modules\egg-logrotator\app\schedule\rotate_by_file.js next time will execute after 55084611ms at 2019-08-04 00:00:01.000
2019-08-04 08:36:54,632 INFO 4776 [egg-schedule]: register schedule C:\Users\Administrator\Desktop\project2\server\node_modules\egg-multipart\app\schedule\clean_tmpdir.js
2019-08-04 08:36:54,632 INFO 4776 [egg-schedule]: register schedule C:\Users\Administrator\Desktop\project2\server\node_modules\egg-logrotator\app\schedule\clean_log.js
2019-08-04 08:36:54,632 INFO 4776 [egg-schedule]: register schedule C:\Users\Administrator\Desktop\project2\server\node_modules\egg-logrotator\app\schedule\rotate_by_file.js
2019-08-04 08:36:55,712 INFO 4208 [Timer] C:\Users\Administrator\Desktop\project2\server\node_modules\egg-multipart\app\schedule\clean_tmpdir.js next time will execute after 71584290ms at 2019-08-05 04:30:00.002
2019-08-04 08:36:55,712 INFO 4208 [Timer] C:\Users\Administrator\Desktop\project2\server\node_modules\egg-logrotator\app\schedule\clean_log.js next time will execute after 55384288ms at 2019-08-05 00:00:00.000
2019-08-04 08:36:55,712 INFO 4208 [Timer] C:\Users\Administrator\Desktop\project2\server\node_modules\egg-logrotator\app\schedule\rotate_by_file.js next time will execute after 55385288ms at 2019-08-05 00:00:01.000
2019-08-05 08:42:59,293 INFO 4176 [egg-schedule]: register schedule C:\Users\Administrator\Desktop\project2\server\node_modules\egg-multipart\app\schedule\clean_tmpdir.js
2019-08-05 08:42:59,293 INFO 4176 [egg-schedule]: register schedule C:\Users\Administrator\Desktop\project2\server\node_modules\egg-logrotator\app\schedule\clean_log.js
2019-08-05 08:42:59,293 INFO 4176 [egg-schedule]: register schedule C:\Users\Administrator\Desktop\project2\server\node_modules\egg-logrotator\app\schedule\rotate_by_file.js
2019-08-05 08:43:03,824 INFO 4116 [Timer] C:\Users\Administrator\Desktop\project2\server\node_modules\egg-multipart\app\schedule\clean_tmpdir.js next time will execute after 71216180ms at 2019-08-06 04:30:00.004
2019-08-05 08:43:03,824 INFO 4116 [Timer] C:\Users\Administrator\Desktop\project2\server\node_modules\egg-logrotator\app\schedule\clean_log.js next time will execute after 55016176ms at 2019-08-06 00:00:00.000
2019-08-05 08:43:03,825 INFO 4116 [Timer] C:\Users\Administrator\Desktop\project2\server\node_modules\egg-logrotator\app\schedule\rotate_by_file.js next time will execute after 55017176ms at 2019-08-06 00:00:01.001
